[2024-04-10T00:44:36.575+0000] {processor.py:161} INFO - Started process (PID=254) to work on /home/airflow/.local/lib/python3.12/site-packages/airflow/example_dags/example_python_decorator.py
[2024-04-10T00:44:36.577+0000] {processor.py:830} INFO - Processing file /home/airflow/.local/lib/python3.12/site-packages/airflow/example_dags/example_python_decorator.py for tasks to queue
[2024-04-10T00:44:36.580+0000] {logging_mixin.py:188} INFO - [2024-04-10T00:44:36.580+0000] {dagbag.py:540} INFO - Filling up the DagBag from /home/airflow/.local/lib/python3.12/site-packages/airflow/example_dags/example_python_decorator.py
[2024-04-10T00:44:36.609+0000] {processor.py:840} INFO - DAG(s) 'example_python_decorator' retrieved from /home/airflow/.local/lib/python3.12/site-packages/airflow/example_dags/example_python_decorator.py
[2024-04-10T00:44:36.806+0000] {logging_mixin.py:188} INFO - [2024-04-10T00:44:36.805+0000] {override.py:1829} INFO - Created Permission View: can edit on DAG:example_python_decorator
[2024-04-10T00:44:36.827+0000] {logging_mixin.py:188} INFO - [2024-04-10T00:44:36.826+0000] {override.py:1829} INFO - Created Permission View: can read on DAG:example_python_decorator
[2024-04-10T00:44:36.846+0000] {logging_mixin.py:188} INFO - [2024-04-10T00:44:36.846+0000] {override.py:1829} INFO - Created Permission View: can delete on DAG:example_python_decorator
[2024-04-10T00:44:36.847+0000] {logging_mixin.py:188} INFO - [2024-04-10T00:44:36.847+0000] {dag.py:3096} INFO - Sync 1 DAGs
[2024-04-10T00:44:36.864+0000] {logging_mixin.py:188} INFO - [2024-04-10T00:44:36.864+0000] {dag.py:3118} INFO - Creating ORM DAG for example_python_decorator
[2024-04-10T00:44:36.866+0000] {logging_mixin.py:188} INFO - [2024-04-10T00:44:36.866+0000] {dag.py:3954} INFO - Setting next_dagrun for example_python_decorator to None, run_after=None
[2024-04-10T00:44:36.894+0000] {processor.py:183} INFO - Processing /home/airflow/.local/lib/python3.12/site-packages/airflow/example_dags/example_python_decorator.py took 0.329 seconds
[2024-04-10T00:45:08.342+0000] {processor.py:161} INFO - Started process (PID=516) to work on /home/airflow/.local/lib/python3.12/site-packages/airflow/example_dags/example_python_decorator.py
[2024-04-10T00:45:08.346+0000] {processor.py:830} INFO - Processing file /home/airflow/.local/lib/python3.12/site-packages/airflow/example_dags/example_python_decorator.py for tasks to queue
[2024-04-10T00:45:08.355+0000] {logging_mixin.py:188} INFO - [2024-04-10T00:45:08.354+0000] {dagbag.py:540} INFO - Filling up the DagBag from /home/airflow/.local/lib/python3.12/site-packages/airflow/example_dags/example_python_decorator.py
[2024-04-10T00:45:08.458+0000] {processor.py:840} INFO - DAG(s) 'example_python_decorator' retrieved from /home/airflow/.local/lib/python3.12/site-packages/airflow/example_dags/example_python_decorator.py
[2024-04-10T00:45:08.599+0000] {logging_mixin.py:188} INFO - [2024-04-10T00:45:08.598+0000] {dag.py:3096} INFO - Sync 1 DAGs
[2024-04-10T00:45:08.636+0000] {logging_mixin.py:188} INFO - [2024-04-10T00:45:08.636+0000] {dag.py:3954} INFO - Setting next_dagrun for example_python_decorator to None, run_after=None
[2024-04-10T00:45:08.749+0000] {processor.py:183} INFO - Processing /home/airflow/.local/lib/python3.12/site-packages/airflow/example_dags/example_python_decorator.py took 0.428 seconds
[2024-04-10T00:45:42.139+0000] {processor.py:161} INFO - Started process (PID=778) to work on /home/airflow/.local/lib/python3.12/site-packages/airflow/example_dags/example_python_decorator.py
[2024-04-10T00:45:42.145+0000] {processor.py:830} INFO - Processing file /home/airflow/.local/lib/python3.12/site-packages/airflow/example_dags/example_python_decorator.py for tasks to queue
[2024-04-10T00:45:42.178+0000] {logging_mixin.py:188} INFO - [2024-04-10T00:45:42.175+0000] {dagbag.py:540} INFO - Filling up the DagBag from /home/airflow/.local/lib/python3.12/site-packages/airflow/example_dags/example_python_decorator.py
[2024-04-10T00:45:42.420+0000] {processor.py:840} INFO - DAG(s) 'example_python_decorator' retrieved from /home/airflow/.local/lib/python3.12/site-packages/airflow/example_dags/example_python_decorator.py
[2024-04-10T00:45:42.760+0000] {logging_mixin.py:188} INFO - [2024-04-10T00:45:42.755+0000] {dag.py:3096} INFO - Sync 1 DAGs
[2024-04-10T00:45:42.978+0000] {logging_mixin.py:188} INFO - [2024-04-10T00:45:42.976+0000] {dag.py:3954} INFO - Setting next_dagrun for example_python_decorator to None, run_after=None
[2024-04-10T00:45:43.121+0000] {processor.py:183} INFO - Processing /home/airflow/.local/lib/python3.12/site-packages/airflow/example_dags/example_python_decorator.py took 0.998 seconds
[2024-04-10T00:46:21.882+0000] {processor.py:161} INFO - Started process (PID=1039) to work on /home/airflow/.local/lib/python3.12/site-packages/airflow/example_dags/example_python_decorator.py
[2024-04-10T00:46:21.883+0000] {processor.py:830} INFO - Processing file /home/airflow/.local/lib/python3.12/site-packages/airflow/example_dags/example_python_decorator.py for tasks to queue
[2024-04-10T00:46:21.886+0000] {logging_mixin.py:188} INFO - [2024-04-10T00:46:21.885+0000] {dagbag.py:540} INFO - Filling up the DagBag from /home/airflow/.local/lib/python3.12/site-packages/airflow/example_dags/example_python_decorator.py
[2024-04-10T00:46:21.901+0000] {processor.py:840} INFO - DAG(s) 'example_python_decorator' retrieved from /home/airflow/.local/lib/python3.12/site-packages/airflow/example_dags/example_python_decorator.py
[2024-04-10T00:46:21.929+0000] {logging_mixin.py:188} INFO - [2024-04-10T00:46:21.928+0000] {dag.py:3096} INFO - Sync 1 DAGs
[2024-04-10T00:46:21.981+0000] {logging_mixin.py:188} INFO - [2024-04-10T00:46:21.979+0000] {dag.py:3954} INFO - Setting next_dagrun for example_python_decorator to None, run_after=None
[2024-04-10T00:46:22.025+0000] {processor.py:183} INFO - Processing /home/airflow/.local/lib/python3.12/site-packages/airflow/example_dags/example_python_decorator.py took 0.151 seconds
[2024-04-10T00:46:55.524+0000] {processor.py:161} INFO - Started process (PID=1295) to work on /home/airflow/.local/lib/python3.12/site-packages/airflow/example_dags/example_python_decorator.py
[2024-04-10T00:46:55.526+0000] {processor.py:830} INFO - Processing file /home/airflow/.local/lib/python3.12/site-packages/airflow/example_dags/example_python_decorator.py for tasks to queue
[2024-04-10T00:46:55.528+0000] {logging_mixin.py:188} INFO - [2024-04-10T00:46:55.528+0000] {dagbag.py:540} INFO - Filling up the DagBag from /home/airflow/.local/lib/python3.12/site-packages/airflow/example_dags/example_python_decorator.py
[2024-04-10T00:46:55.548+0000] {processor.py:840} INFO - DAG(s) 'example_python_decorator' retrieved from /home/airflow/.local/lib/python3.12/site-packages/airflow/example_dags/example_python_decorator.py
[2024-04-10T00:46:55.594+0000] {logging_mixin.py:188} INFO - [2024-04-10T00:46:55.593+0000] {dag.py:3096} INFO - Sync 1 DAGs
[2024-04-10T00:46:55.624+0000] {logging_mixin.py:188} INFO - [2024-04-10T00:46:55.624+0000] {dag.py:3954} INFO - Setting next_dagrun for example_python_decorator to None, run_after=None
[2024-04-10T00:46:55.651+0000] {processor.py:183} INFO - Processing /home/airflow/.local/lib/python3.12/site-packages/airflow/example_dags/example_python_decorator.py took 0.135 seconds
[2024-04-10T00:47:28.894+0000] {processor.py:161} INFO - Started process (PID=1557) to work on /home/airflow/.local/lib/python3.12/site-packages/airflow/example_dags/example_python_decorator.py
[2024-04-10T00:47:28.953+0000] {processor.py:830} INFO - Processing file /home/airflow/.local/lib/python3.12/site-packages/airflow/example_dags/example_python_decorator.py for tasks to queue
[2024-04-10T00:47:29.116+0000] {logging_mixin.py:188} INFO - [2024-04-10T00:47:29.096+0000] {dagbag.py:540} INFO - Filling up the DagBag from /home/airflow/.local/lib/python3.12/site-packages/airflow/example_dags/example_python_decorator.py
[2024-04-10T00:47:29.831+0000] {processor.py:840} INFO - DAG(s) 'example_python_decorator' retrieved from /home/airflow/.local/lib/python3.12/site-packages/airflow/example_dags/example_python_decorator.py
[2024-04-10T00:47:30.229+0000] {logging_mixin.py:188} INFO - [2024-04-10T00:47:30.228+0000] {dag.py:3096} INFO - Sync 1 DAGs
[2024-04-10T00:47:30.246+0000] {logging_mixin.py:188} INFO - [2024-04-10T00:47:30.245+0000] {dag.py:3954} INFO - Setting next_dagrun for example_python_decorator to None, run_after=None
[2024-04-10T00:47:30.356+0000] {processor.py:183} INFO - Processing /home/airflow/.local/lib/python3.12/site-packages/airflow/example_dags/example_python_decorator.py took 1.820 seconds
[2024-04-10T00:48:01.382+0000] {processor.py:161} INFO - Started process (PID=1821) to work on /home/airflow/.local/lib/python3.12/site-packages/airflow/example_dags/example_python_decorator.py
[2024-04-10T00:48:01.897+0000] {processor.py:830} INFO - Processing file /home/airflow/.local/lib/python3.12/site-packages/airflow/example_dags/example_python_decorator.py for tasks to queue
[2024-04-10T00:48:01.909+0000] {logging_mixin.py:188} INFO - [2024-04-10T00:48:01.907+0000] {dagbag.py:540} INFO - Filling up the DagBag from /home/airflow/.local/lib/python3.12/site-packages/airflow/example_dags/example_python_decorator.py
[2024-04-10T00:48:02.152+0000] {processor.py:840} INFO - DAG(s) 'example_python_decorator' retrieved from /home/airflow/.local/lib/python3.12/site-packages/airflow/example_dags/example_python_decorator.py
[2024-04-10T00:48:02.395+0000] {logging_mixin.py:188} INFO - [2024-04-10T00:48:02.393+0000] {dag.py:3096} INFO - Sync 1 DAGs
[2024-04-10T00:48:02.735+0000] {logging_mixin.py:188} INFO - [2024-04-10T00:48:02.734+0000] {dag.py:3954} INFO - Setting next_dagrun for example_python_decorator to None, run_after=None
[2024-04-10T00:48:02.895+0000] {processor.py:183} INFO - Processing /home/airflow/.local/lib/python3.12/site-packages/airflow/example_dags/example_python_decorator.py took 1.614 seconds
