[2024-04-10T00:44:35.795+0000] {processor.py:161} INFO - Started process (PID=239) to work on /home/airflow/.local/lib/python3.12/site-packages/airflow/example_dags/example_sensors.py
[2024-04-10T00:44:35.798+0000] {processor.py:830} INFO - Processing file /home/airflow/.local/lib/python3.12/site-packages/airflow/example_dags/example_sensors.py for tasks to queue
[2024-04-10T00:44:35.804+0000] {logging_mixin.py:188} INFO - [2024-04-10T00:44:35.803+0000] {dagbag.py:540} INFO - Filling up the DagBag from /home/airflow/.local/lib/python3.12/site-packages/airflow/example_dags/example_sensors.py
[2024-04-10T00:44:35.852+0000] {processor.py:840} INFO - DAG(s) 'example_sensors' retrieved from /home/airflow/.local/lib/python3.12/site-packages/airflow/example_dags/example_sensors.py
[2024-04-10T00:44:36.119+0000] {logging_mixin.py:188} INFO - [2024-04-10T00:44:36.117+0000] {override.py:1829} INFO - Created Permission View: can edit on DAG:example_sensors
[2024-04-10T00:44:36.135+0000] {logging_mixin.py:188} INFO - [2024-04-10T00:44:36.134+0000] {override.py:1829} INFO - Created Permission View: can read on DAG:example_sensors
[2024-04-10T00:44:36.146+0000] {logging_mixin.py:188} INFO - [2024-04-10T00:44:36.146+0000] {override.py:1829} INFO - Created Permission View: can delete on DAG:example_sensors
[2024-04-10T00:44:36.147+0000] {logging_mixin.py:188} INFO - [2024-04-10T00:44:36.147+0000] {dag.py:3096} INFO - Sync 1 DAGs
[2024-04-10T00:44:36.172+0000] {logging_mixin.py:188} INFO - [2024-04-10T00:44:36.172+0000] {dag.py:3118} INFO - Creating ORM DAG for example_sensors
[2024-04-10T00:44:36.175+0000] {logging_mixin.py:188} INFO - [2024-04-10T00:44:36.174+0000] {dag.py:3954} INFO - Setting next_dagrun for example_sensors to None, run_after=None
[2024-04-10T00:44:36.229+0000] {processor.py:183} INFO - Processing /home/airflow/.local/lib/python3.12/site-packages/airflow/example_dags/example_sensors.py took 0.461 seconds
[2024-04-10T00:45:07.537+0000] {processor.py:161} INFO - Started process (PID=501) to work on /home/airflow/.local/lib/python3.12/site-packages/airflow/example_dags/example_sensors.py
[2024-04-10T00:45:07.539+0000] {processor.py:830} INFO - Processing file /home/airflow/.local/lib/python3.12/site-packages/airflow/example_dags/example_sensors.py for tasks to queue
[2024-04-10T00:45:07.549+0000] {logging_mixin.py:188} INFO - [2024-04-10T00:45:07.546+0000] {dagbag.py:540} INFO - Filling up the DagBag from /home/airflow/.local/lib/python3.12/site-packages/airflow/example_dags/example_sensors.py
[2024-04-10T00:45:07.593+0000] {processor.py:840} INFO - DAG(s) 'example_sensors' retrieved from /home/airflow/.local/lib/python3.12/site-packages/airflow/example_dags/example_sensors.py
[2024-04-10T00:45:07.727+0000] {logging_mixin.py:188} INFO - [2024-04-10T00:45:07.726+0000] {dag.py:3096} INFO - Sync 1 DAGs
[2024-04-10T00:45:07.798+0000] {logging_mixin.py:188} INFO - [2024-04-10T00:45:07.798+0000] {dag.py:3954} INFO - Setting next_dagrun for example_sensors to None, run_after=None
[2024-04-10T00:45:07.851+0000] {processor.py:183} INFO - Processing /home/airflow/.local/lib/python3.12/site-packages/airflow/example_dags/example_sensors.py took 0.323 seconds
[2024-04-10T00:45:40.913+0000] {processor.py:161} INFO - Started process (PID=763) to work on /home/airflow/.local/lib/python3.12/site-packages/airflow/example_dags/example_sensors.py
[2024-04-10T00:45:40.939+0000] {processor.py:830} INFO - Processing file /home/airflow/.local/lib/python3.12/site-packages/airflow/example_dags/example_sensors.py for tasks to queue
[2024-04-10T00:45:40.962+0000] {logging_mixin.py:188} INFO - [2024-04-10T00:45:40.960+0000] {dagbag.py:540} INFO - Filling up the DagBag from /home/airflow/.local/lib/python3.12/site-packages/airflow/example_dags/example_sensors.py
[2024-04-10T00:45:41.108+0000] {processor.py:840} INFO - DAG(s) 'example_sensors' retrieved from /home/airflow/.local/lib/python3.12/site-packages/airflow/example_dags/example_sensors.py
[2024-04-10T00:45:41.330+0000] {logging_mixin.py:188} INFO - [2024-04-10T00:45:41.327+0000] {dag.py:3096} INFO - Sync 1 DAGs
[2024-04-10T00:45:41.476+0000] {logging_mixin.py:188} INFO - [2024-04-10T00:45:41.475+0000] {dag.py:3954} INFO - Setting next_dagrun for example_sensors to None, run_after=None
[2024-04-10T00:45:41.665+0000] {processor.py:183} INFO - Processing /home/airflow/.local/lib/python3.12/site-packages/airflow/example_dags/example_sensors.py took 0.877 seconds
[2024-04-10T00:46:20.820+0000] {processor.py:161} INFO - Started process (PID=1024) to work on /home/airflow/.local/lib/python3.12/site-packages/airflow/example_dags/example_sensors.py
[2024-04-10T00:46:20.822+0000] {processor.py:830} INFO - Processing file /home/airflow/.local/lib/python3.12/site-packages/airflow/example_dags/example_sensors.py for tasks to queue
[2024-04-10T00:46:20.826+0000] {logging_mixin.py:188} INFO - [2024-04-10T00:46:20.825+0000] {dagbag.py:540} INFO - Filling up the DagBag from /home/airflow/.local/lib/python3.12/site-packages/airflow/example_dags/example_sensors.py
[2024-04-10T00:46:20.840+0000] {processor.py:840} INFO - DAG(s) 'example_sensors' retrieved from /home/airflow/.local/lib/python3.12/site-packages/airflow/example_dags/example_sensors.py
[2024-04-10T00:46:20.927+0000] {logging_mixin.py:188} INFO - [2024-04-10T00:46:20.927+0000] {dag.py:3096} INFO - Sync 1 DAGs
[2024-04-10T00:46:21.014+0000] {logging_mixin.py:188} INFO - [2024-04-10T00:46:21.014+0000] {dag.py:3954} INFO - Setting next_dagrun for example_sensors to None, run_after=None
[2024-04-10T00:46:21.067+0000] {processor.py:183} INFO - Processing /home/airflow/.local/lib/python3.12/site-packages/airflow/example_dags/example_sensors.py took 0.253 seconds
[2024-04-10T00:46:54.334+0000] {processor.py:161} INFO - Started process (PID=1280) to work on /home/airflow/.local/lib/python3.12/site-packages/airflow/example_dags/example_sensors.py
[2024-04-10T00:46:54.349+0000] {processor.py:830} INFO - Processing file /home/airflow/.local/lib/python3.12/site-packages/airflow/example_dags/example_sensors.py for tasks to queue
[2024-04-10T00:46:54.443+0000] {logging_mixin.py:188} INFO - [2024-04-10T00:46:54.422+0000] {dagbag.py:540} INFO - Filling up the DagBag from /home/airflow/.local/lib/python3.12/site-packages/airflow/example_dags/example_sensors.py
[2024-04-10T00:46:54.742+0000] {processor.py:840} INFO - DAG(s) 'example_sensors' retrieved from /home/airflow/.local/lib/python3.12/site-packages/airflow/example_dags/example_sensors.py
[2024-04-10T00:46:54.965+0000] {logging_mixin.py:188} INFO - [2024-04-10T00:46:54.965+0000] {dag.py:3096} INFO - Sync 1 DAGs
[2024-04-10T00:46:55.046+0000] {logging_mixin.py:188} INFO - [2024-04-10T00:46:55.045+0000] {dag.py:3954} INFO - Setting next_dagrun for example_sensors to None, run_after=None
[2024-04-10T00:46:55.142+0000] {processor.py:183} INFO - Processing /home/airflow/.local/lib/python3.12/site-packages/airflow/example_dags/example_sensors.py took 0.891 seconds
[2024-04-10T00:47:26.723+0000] {processor.py:161} INFO - Started process (PID=1542) to work on /home/airflow/.local/lib/python3.12/site-packages/airflow/example_dags/example_sensors.py
[2024-04-10T00:47:26.726+0000] {processor.py:830} INFO - Processing file /home/airflow/.local/lib/python3.12/site-packages/airflow/example_dags/example_sensors.py for tasks to queue
[2024-04-10T00:47:26.751+0000] {logging_mixin.py:188} INFO - [2024-04-10T00:47:26.751+0000] {dagbag.py:540} INFO - Filling up the DagBag from /home/airflow/.local/lib/python3.12/site-packages/airflow/example_dags/example_sensors.py
[2024-04-10T00:47:26.851+0000] {processor.py:840} INFO - DAG(s) 'example_sensors' retrieved from /home/airflow/.local/lib/python3.12/site-packages/airflow/example_dags/example_sensors.py
[2024-04-10T00:47:26.905+0000] {logging_mixin.py:188} INFO - [2024-04-10T00:47:26.904+0000] {dag.py:3096} INFO - Sync 1 DAGs
[2024-04-10T00:47:26.919+0000] {logging_mixin.py:188} INFO - [2024-04-10T00:47:26.919+0000] {dag.py:3954} INFO - Setting next_dagrun for example_sensors to None, run_after=None
[2024-04-10T00:47:26.960+0000] {processor.py:183} INFO - Processing /home/airflow/.local/lib/python3.12/site-packages/airflow/example_dags/example_sensors.py took 0.248 seconds
[2024-04-10T00:47:58.622+0000] {processor.py:161} INFO - Started process (PID=1806) to work on /home/airflow/.local/lib/python3.12/site-packages/airflow/example_dags/example_sensors.py
[2024-04-10T00:47:58.624+0000] {processor.py:830} INFO - Processing file /home/airflow/.local/lib/python3.12/site-packages/airflow/example_dags/example_sensors.py for tasks to queue
[2024-04-10T00:47:58.816+0000] {logging_mixin.py:188} INFO - [2024-04-10T00:47:58.815+0000] {dagbag.py:540} INFO - Filling up the DagBag from /home/airflow/.local/lib/python3.12/site-packages/airflow/example_dags/example_sensors.py
[2024-04-10T00:47:58.963+0000] {processor.py:840} INFO - DAG(s) 'example_sensors' retrieved from /home/airflow/.local/lib/python3.12/site-packages/airflow/example_dags/example_sensors.py
[2024-04-10T00:47:59.037+0000] {logging_mixin.py:188} INFO - [2024-04-10T00:47:59.036+0000] {dag.py:3096} INFO - Sync 1 DAGs
[2024-04-10T00:47:59.057+0000] {logging_mixin.py:188} INFO - [2024-04-10T00:47:59.057+0000] {dag.py:3954} INFO - Setting next_dagrun for example_sensors to None, run_after=None
[2024-04-10T00:47:59.517+0000] {processor.py:183} INFO - Processing /home/airflow/.local/lib/python3.12/site-packages/airflow/example_dags/example_sensors.py took 0.902 seconds
