[2024-04-10T00:44:38.648+0000] {processor.py:161} INFO - Started process (PID=299) to work on /home/airflow/.local/lib/python3.12/site-packages/airflow/example_dags/example_display_name.py
[2024-04-10T00:44:38.653+0000] {processor.py:830} INFO - Processing file /home/airflow/.local/lib/python3.12/site-packages/airflow/example_dags/example_display_name.py for tasks to queue
[2024-04-10T00:44:38.659+0000] {logging_mixin.py:188} INFO - [2024-04-10T00:44:38.658+0000] {dagbag.py:540} INFO - Filling up the DagBag from /home/airflow/.local/lib/python3.12/site-packages/airflow/example_dags/example_display_name.py
[2024-04-10T00:44:38.676+0000] {processor.py:840} INFO - DAG(s) 'example_display_name' retrieved from /home/airflow/.local/lib/python3.12/site-packages/airflow/example_dags/example_display_name.py
[2024-04-10T00:44:39.186+0000] {logging_mixin.py:188} INFO - [2024-04-10T00:44:39.176+0000] {override.py:1829} INFO - Created Permission View: can edit on DAG:example_display_name
[2024-04-10T00:44:39.215+0000] {logging_mixin.py:188} INFO - [2024-04-10T00:44:39.214+0000] {override.py:1829} INFO - Created Permission View: can read on DAG:example_display_name
[2024-04-10T00:44:39.228+0000] {logging_mixin.py:188} INFO - [2024-04-10T00:44:39.228+0000] {override.py:1829} INFO - Created Permission View: can delete on DAG:example_display_name
[2024-04-10T00:44:39.230+0000] {logging_mixin.py:188} INFO - [2024-04-10T00:44:39.230+0000] {dag.py:3096} INFO - Sync 1 DAGs
[2024-04-10T00:44:39.254+0000] {logging_mixin.py:188} INFO - [2024-04-10T00:44:39.253+0000] {dag.py:3118} INFO - Creating ORM DAG for example_display_name
[2024-04-10T00:44:39.256+0000] {logging_mixin.py:188} INFO - [2024-04-10T00:44:39.256+0000] {dag.py:3954} INFO - Setting next_dagrun for example_display_name to None, run_after=None
[2024-04-10T00:44:39.356+0000] {processor.py:183} INFO - Processing /home/airflow/.local/lib/python3.12/site-packages/airflow/example_dags/example_display_name.py took 0.723 seconds
[2024-04-10T00:45:12.023+0000] {processor.py:161} INFO - Started process (PID=561) to work on /home/airflow/.local/lib/python3.12/site-packages/airflow/example_dags/example_display_name.py
[2024-04-10T00:45:12.029+0000] {processor.py:830} INFO - Processing file /home/airflow/.local/lib/python3.12/site-packages/airflow/example_dags/example_display_name.py for tasks to queue
[2024-04-10T00:45:12.039+0000] {logging_mixin.py:188} INFO - [2024-04-10T00:45:12.037+0000] {dagbag.py:540} INFO - Filling up the DagBag from /home/airflow/.local/lib/python3.12/site-packages/airflow/example_dags/example_display_name.py
[2024-04-10T00:45:12.105+0000] {processor.py:840} INFO - DAG(s) 'example_display_name' retrieved from /home/airflow/.local/lib/python3.12/site-packages/airflow/example_dags/example_display_name.py
[2024-04-10T00:45:12.310+0000] {logging_mixin.py:188} INFO - [2024-04-10T00:45:12.298+0000] {dag.py:3096} INFO - Sync 1 DAGs
[2024-04-10T00:45:12.374+0000] {logging_mixin.py:188} INFO - [2024-04-10T00:45:12.373+0000] {dag.py:3954} INFO - Setting next_dagrun for example_display_name to None, run_after=None
[2024-04-10T00:45:12.487+0000] {processor.py:183} INFO - Processing /home/airflow/.local/lib/python3.12/site-packages/airflow/example_dags/example_display_name.py took 0.491 seconds
[2024-04-10T00:45:49.482+0000] {processor.py:161} INFO - Started process (PID=823) to work on /home/airflow/.local/lib/python3.12/site-packages/airflow/example_dags/example_display_name.py
[2024-04-10T00:45:49.485+0000] {processor.py:830} INFO - Processing file /home/airflow/.local/lib/python3.12/site-packages/airflow/example_dags/example_display_name.py for tasks to queue
[2024-04-10T00:45:49.487+0000] {logging_mixin.py:188} INFO - [2024-04-10T00:45:49.487+0000] {dagbag.py:540} INFO - Filling up the DagBag from /home/airflow/.local/lib/python3.12/site-packages/airflow/example_dags/example_display_name.py
[2024-04-10T00:45:49.500+0000] {processor.py:840} INFO - DAG(s) 'example_display_name' retrieved from /home/airflow/.local/lib/python3.12/site-packages/airflow/example_dags/example_display_name.py
[2024-04-10T00:45:49.584+0000] {logging_mixin.py:188} INFO - [2024-04-10T00:45:49.584+0000] {dag.py:3096} INFO - Sync 1 DAGs
[2024-04-10T00:45:49.631+0000] {logging_mixin.py:188} INFO - [2024-04-10T00:45:49.630+0000] {dag.py:3954} INFO - Setting next_dagrun for example_display_name to None, run_after=None
[2024-04-10T00:45:49.661+0000] {processor.py:183} INFO - Processing /home/airflow/.local/lib/python3.12/site-packages/airflow/example_dags/example_display_name.py took 0.188 seconds
[2024-04-10T00:46:23.923+0000] {processor.py:161} INFO - Started process (PID=1084) to work on /home/airflow/.local/lib/python3.12/site-packages/airflow/example_dags/example_display_name.py
[2024-04-10T00:46:23.941+0000] {processor.py:830} INFO - Processing file /home/airflow/.local/lib/python3.12/site-packages/airflow/example_dags/example_display_name.py for tasks to queue
[2024-04-10T00:46:23.944+0000] {logging_mixin.py:188} INFO - [2024-04-10T00:46:23.944+0000] {dagbag.py:540} INFO - Filling up the DagBag from /home/airflow/.local/lib/python3.12/site-packages/airflow/example_dags/example_display_name.py
[2024-04-10T00:46:23.953+0000] {processor.py:840} INFO - DAG(s) 'example_display_name' retrieved from /home/airflow/.local/lib/python3.12/site-packages/airflow/example_dags/example_display_name.py
[2024-04-10T00:46:23.978+0000] {logging_mixin.py:188} INFO - [2024-04-10T00:46:23.978+0000] {dag.py:3096} INFO - Sync 1 DAGs
[2024-04-10T00:46:23.998+0000] {logging_mixin.py:188} INFO - [2024-04-10T00:46:23.998+0000] {dag.py:3954} INFO - Setting next_dagrun for example_display_name to None, run_after=None
[2024-04-10T00:46:24.021+0000] {processor.py:183} INFO - Processing /home/airflow/.local/lib/python3.12/site-packages/airflow/example_dags/example_display_name.py took 0.109 seconds
[2024-04-10T00:46:57.424+0000] {processor.py:161} INFO - Started process (PID=1340) to work on /home/airflow/.local/lib/python3.12/site-packages/airflow/example_dags/example_display_name.py
[2024-04-10T00:46:57.427+0000] {processor.py:830} INFO - Processing file /home/airflow/.local/lib/python3.12/site-packages/airflow/example_dags/example_display_name.py for tasks to queue
[2024-04-10T00:46:57.435+0000] {logging_mixin.py:188} INFO - [2024-04-10T00:46:57.434+0000] {dagbag.py:540} INFO - Filling up the DagBag from /home/airflow/.local/lib/python3.12/site-packages/airflow/example_dags/example_display_name.py
[2024-04-10T00:46:57.452+0000] {processor.py:840} INFO - DAG(s) 'example_display_name' retrieved from /home/airflow/.local/lib/python3.12/site-packages/airflow/example_dags/example_display_name.py
[2024-04-10T00:46:57.498+0000] {logging_mixin.py:188} INFO - [2024-04-10T00:46:57.498+0000] {dag.py:3096} INFO - Sync 1 DAGs
[2024-04-10T00:46:57.544+0000] {logging_mixin.py:188} INFO - [2024-04-10T00:46:57.543+0000] {dag.py:3954} INFO - Setting next_dagrun for example_display_name to None, run_after=None
[2024-04-10T00:46:57.583+0000] {processor.py:183} INFO - Processing /home/airflow/.local/lib/python3.12/site-packages/airflow/example_dags/example_display_name.py took 0.185 seconds
[2024-04-10T00:47:33.586+0000] {processor.py:161} INFO - Started process (PID=1602) to work on /home/airflow/.local/lib/python3.12/site-packages/airflow/example_dags/example_display_name.py
[2024-04-10T00:47:33.588+0000] {processor.py:830} INFO - Processing file /home/airflow/.local/lib/python3.12/site-packages/airflow/example_dags/example_display_name.py for tasks to queue
[2024-04-10T00:47:33.597+0000] {logging_mixin.py:188} INFO - [2024-04-10T00:47:33.596+0000] {dagbag.py:540} INFO - Filling up the DagBag from /home/airflow/.local/lib/python3.12/site-packages/airflow/example_dags/example_display_name.py
[2024-04-10T00:47:33.620+0000] {processor.py:840} INFO - DAG(s) 'example_display_name' retrieved from /home/airflow/.local/lib/python3.12/site-packages/airflow/example_dags/example_display_name.py
[2024-04-10T00:47:33.651+0000] {logging_mixin.py:188} INFO - [2024-04-10T00:47:33.650+0000] {dag.py:3096} INFO - Sync 1 DAGs
[2024-04-10T00:47:33.664+0000] {logging_mixin.py:188} INFO - [2024-04-10T00:47:33.663+0000] {dag.py:3954} INFO - Setting next_dagrun for example_display_name to None, run_after=None
[2024-04-10T00:47:33.727+0000] {processor.py:183} INFO - Processing /home/airflow/.local/lib/python3.12/site-packages/airflow/example_dags/example_display_name.py took 0.147 seconds
[2024-04-10T00:48:04.842+0000] {processor.py:161} INFO - Started process (PID=1859) to work on /home/airflow/.local/lib/python3.12/site-packages/airflow/example_dags/example_display_name.py
[2024-04-10T00:48:04.845+0000] {processor.py:830} INFO - Processing file /home/airflow/.local/lib/python3.12/site-packages/airflow/example_dags/example_display_name.py for tasks to queue
[2024-04-10T00:48:04.850+0000] {logging_mixin.py:188} INFO - [2024-04-10T00:48:04.849+0000] {dagbag.py:540} INFO - Filling up the DagBag from /home/airflow/.local/lib/python3.12/site-packages/airflow/example_dags/example_display_name.py
[2024-04-10T00:48:04.907+0000] {processor.py:840} INFO - DAG(s) 'example_display_name' retrieved from /home/airflow/.local/lib/python3.12/site-packages/airflow/example_dags/example_display_name.py
[2024-04-10T00:48:04.959+0000] {logging_mixin.py:188} INFO - [2024-04-10T00:48:04.959+0000] {dag.py:3096} INFO - Sync 1 DAGs
[2024-04-10T00:48:04.988+0000] {logging_mixin.py:188} INFO - [2024-04-10T00:48:04.987+0000] {dag.py:3954} INFO - Setting next_dagrun for example_display_name to None, run_after=None
[2024-04-10T00:48:05.112+0000] {processor.py:183} INFO - Processing /home/airflow/.local/lib/python3.12/site-packages/airflow/example_dags/example_display_name.py took 0.276 seconds
