[2024-04-10T00:44:29.263+0000] {processor.py:161} INFO - Started process (PID=171) to work on /home/airflow/.local/lib/python3.12/site-packages/airflow/example_dags/example_short_circuit_operator.py
[2024-04-10T00:44:29.277+0000] {processor.py:830} INFO - Processing file /home/airflow/.local/lib/python3.12/site-packages/airflow/example_dags/example_short_circuit_operator.py for tasks to queue
[2024-04-10T00:44:29.284+0000] {logging_mixin.py:188} INFO - [2024-04-10T00:44:29.282+0000] {dagbag.py:540} INFO - Filling up the DagBag from /home/airflow/.local/lib/python3.12/site-packages/airflow/example_dags/example_short_circuit_operator.py
[2024-04-10T00:44:29.359+0000] {processor.py:840} INFO - DAG(s) 'example_short_circuit_operator' retrieved from /home/airflow/.local/lib/python3.12/site-packages/airflow/example_dags/example_short_circuit_operator.py
[2024-04-10T00:44:30.017+0000] {logging_mixin.py:188} INFO - [2024-04-10T00:44:30.015+0000] {override.py:1829} INFO - Created Permission View: can edit on DAG:example_short_circuit_operator
[2024-04-10T00:44:30.036+0000] {logging_mixin.py:188} INFO - [2024-04-10T00:44:30.036+0000] {override.py:1829} INFO - Created Permission View: can read on DAG:example_short_circuit_operator
[2024-04-10T00:44:30.047+0000] {logging_mixin.py:188} INFO - [2024-04-10T00:44:30.047+0000] {override.py:1829} INFO - Created Permission View: can delete on DAG:example_short_circuit_operator
[2024-04-10T00:44:30.059+0000] {logging_mixin.py:188} INFO - [2024-04-10T00:44:30.058+0000] {dag.py:3096} INFO - Sync 1 DAGs
[2024-04-10T00:44:30.104+0000] {logging_mixin.py:188} INFO - [2024-04-10T00:44:30.104+0000] {dag.py:3118} INFO - Creating ORM DAG for example_short_circuit_operator
[2024-04-10T00:44:30.128+0000] {logging_mixin.py:188} INFO - [2024-04-10T00:44:30.127+0000] {dag.py:3954} INFO - Setting next_dagrun for example_short_circuit_operator to 2024-04-09 00:00:00+00:00, run_after=2024-04-10 00:00:00+00:00
[2024-04-10T00:44:30.234+0000] {processor.py:183} INFO - Processing /home/airflow/.local/lib/python3.12/site-packages/airflow/example_dags/example_short_circuit_operator.py took 0.995 seconds
[2024-04-10T00:45:00.987+0000] {processor.py:161} INFO - Started process (PID=433) to work on /home/airflow/.local/lib/python3.12/site-packages/airflow/example_dags/example_short_circuit_operator.py
[2024-04-10T00:45:00.999+0000] {processor.py:830} INFO - Processing file /home/airflow/.local/lib/python3.12/site-packages/airflow/example_dags/example_short_circuit_operator.py for tasks to queue
[2024-04-10T00:45:01.028+0000] {logging_mixin.py:188} INFO - [2024-04-10T00:45:01.026+0000] {dagbag.py:540} INFO - Filling up the DagBag from /home/airflow/.local/lib/python3.12/site-packages/airflow/example_dags/example_short_circuit_operator.py
[2024-04-10T00:45:01.074+0000] {processor.py:840} INFO - DAG(s) 'example_short_circuit_operator' retrieved from /home/airflow/.local/lib/python3.12/site-packages/airflow/example_dags/example_short_circuit_operator.py
[2024-04-10T00:45:01.212+0000] {logging_mixin.py:188} INFO - [2024-04-10T00:45:01.211+0000] {dag.py:3096} INFO - Sync 1 DAGs
[2024-04-10T00:45:01.344+0000] {logging_mixin.py:188} INFO - [2024-04-10T00:45:01.344+0000] {dag.py:3954} INFO - Setting next_dagrun for example_short_circuit_operator to 2024-04-09 00:00:00+00:00, run_after=2024-04-10 00:00:00+00:00
[2024-04-10T00:45:01.450+0000] {processor.py:183} INFO - Processing /home/airflow/.local/lib/python3.12/site-packages/airflow/example_dags/example_short_circuit_operator.py took 0.535 seconds
[2024-04-10T00:45:32.514+0000] {processor.py:161} INFO - Started process (PID=693) to work on /home/airflow/.local/lib/python3.12/site-packages/airflow/example_dags/example_short_circuit_operator.py
[2024-04-10T00:45:32.531+0000] {processor.py:830} INFO - Processing file /home/airflow/.local/lib/python3.12/site-packages/airflow/example_dags/example_short_circuit_operator.py for tasks to queue
[2024-04-10T00:45:32.578+0000] {logging_mixin.py:188} INFO - [2024-04-10T00:45:32.557+0000] {dagbag.py:540} INFO - Filling up the DagBag from /home/airflow/.local/lib/python3.12/site-packages/airflow/example_dags/example_short_circuit_operator.py
[2024-04-10T00:45:32.773+0000] {processor.py:840} INFO - DAG(s) 'example_short_circuit_operator' retrieved from /home/airflow/.local/lib/python3.12/site-packages/airflow/example_dags/example_short_circuit_operator.py
[2024-04-10T00:45:33.159+0000] {logging_mixin.py:188} INFO - [2024-04-10T00:45:33.158+0000] {dag.py:3096} INFO - Sync 1 DAGs
[2024-04-10T00:45:33.473+0000] {logging_mixin.py:188} INFO - [2024-04-10T00:45:33.473+0000] {dag.py:3954} INFO - Setting next_dagrun for example_short_circuit_operator to 2024-04-09 00:00:00+00:00, run_after=2024-04-10 00:00:00+00:00
[2024-04-10T00:45:33.607+0000] {processor.py:183} INFO - Processing /home/airflow/.local/lib/python3.12/site-packages/airflow/example_dags/example_short_circuit_operator.py took 1.155 seconds
[2024-04-10T00:46:04.221+0000] {processor.py:161} INFO - Started process (PID=950) to work on /home/airflow/.local/lib/python3.12/site-packages/airflow/example_dags/example_short_circuit_operator.py
[2024-04-10T00:46:04.367+0000] {processor.py:830} INFO - Processing file /home/airflow/.local/lib/python3.12/site-packages/airflow/example_dags/example_short_circuit_operator.py for tasks to queue
[2024-04-10T00:46:04.393+0000] {logging_mixin.py:188} INFO - [2024-04-10T00:46:04.388+0000] {dagbag.py:540} INFO - Filling up the DagBag from /home/airflow/.local/lib/python3.12/site-packages/airflow/example_dags/example_short_circuit_operator.py
[2024-04-10T00:46:04.492+0000] {processor.py:840} INFO - DAG(s) 'example_short_circuit_operator' retrieved from /home/airflow/.local/lib/python3.12/site-packages/airflow/example_dags/example_short_circuit_operator.py
[2024-04-10T00:46:04.750+0000] {logging_mixin.py:188} INFO - [2024-04-10T00:46:04.750+0000] {dag.py:3096} INFO - Sync 1 DAGs
[2024-04-10T00:46:04.935+0000] {logging_mixin.py:188} INFO - [2024-04-10T00:46:04.935+0000] {dag.py:3954} INFO - Setting next_dagrun for example_short_circuit_operator to 2024-04-09 00:00:00+00:00, run_after=2024-04-10 00:00:00+00:00
[2024-04-10T00:46:05.008+0000] {processor.py:183} INFO - Processing /home/airflow/.local/lib/python3.12/site-packages/airflow/example_dags/example_short_circuit_operator.py took 0.927 seconds
[2024-04-10T00:46:35.652+0000] {processor.py:161} INFO - Started process (PID=1212) to work on /home/airflow/.local/lib/python3.12/site-packages/airflow/example_dags/example_short_circuit_operator.py
[2024-04-10T00:46:35.679+0000] {processor.py:830} INFO - Processing file /home/airflow/.local/lib/python3.12/site-packages/airflow/example_dags/example_short_circuit_operator.py for tasks to queue
[2024-04-10T00:46:35.702+0000] {logging_mixin.py:188} INFO - [2024-04-10T00:46:35.698+0000] {dagbag.py:540} INFO - Filling up the DagBag from /home/airflow/.local/lib/python3.12/site-packages/airflow/example_dags/example_short_circuit_operator.py
[2024-04-10T00:46:35.755+0000] {processor.py:840} INFO - DAG(s) 'example_short_circuit_operator' retrieved from /home/airflow/.local/lib/python3.12/site-packages/airflow/example_dags/example_short_circuit_operator.py
[2024-04-10T00:46:36.472+0000] {logging_mixin.py:188} INFO - [2024-04-10T00:46:36.470+0000] {dag.py:3096} INFO - Sync 1 DAGs
[2024-04-10T00:46:36.800+0000] {logging_mixin.py:188} INFO - [2024-04-10T00:46:36.797+0000] {dag.py:3954} INFO - Setting next_dagrun for example_short_circuit_operator to 2024-04-09 00:00:00+00:00, run_after=2024-04-10 00:00:00+00:00
[2024-04-10T00:46:36.971+0000] {processor.py:183} INFO - Processing /home/airflow/.local/lib/python3.12/site-packages/airflow/example_dags/example_short_circuit_operator.py took 1.421 seconds
[2024-04-10T00:47:08.330+0000] {processor.py:161} INFO - Started process (PID=1472) to work on /home/airflow/.local/lib/python3.12/site-packages/airflow/example_dags/example_short_circuit_operator.py
[2024-04-10T00:47:08.385+0000] {processor.py:830} INFO - Processing file /home/airflow/.local/lib/python3.12/site-packages/airflow/example_dags/example_short_circuit_operator.py for tasks to queue
[2024-04-10T00:47:08.427+0000] {logging_mixin.py:188} INFO - [2024-04-10T00:47:08.415+0000] {dagbag.py:540} INFO - Filling up the DagBag from /home/airflow/.local/lib/python3.12/site-packages/airflow/example_dags/example_short_circuit_operator.py
[2024-04-10T00:47:08.639+0000] {processor.py:840} INFO - DAG(s) 'example_short_circuit_operator' retrieved from /home/airflow/.local/lib/python3.12/site-packages/airflow/example_dags/example_short_circuit_operator.py
[2024-04-10T00:47:08.893+0000] {logging_mixin.py:188} INFO - [2024-04-10T00:47:08.892+0000] {dag.py:3096} INFO - Sync 1 DAGs
[2024-04-10T00:47:09.073+0000] {logging_mixin.py:188} INFO - [2024-04-10T00:47:09.072+0000] {dag.py:3954} INFO - Setting next_dagrun for example_short_circuit_operator to 2024-04-09 00:00:00+00:00, run_after=2024-04-10 00:00:00+00:00
[2024-04-10T00:47:09.147+0000] {processor.py:183} INFO - Processing /home/airflow/.local/lib/python3.12/site-packages/airflow/example_dags/example_short_circuit_operator.py took 1.036 seconds
[2024-04-10T00:47:39.495+0000] {processor.py:161} INFO - Started process (PID=1730) to work on /home/airflow/.local/lib/python3.12/site-packages/airflow/example_dags/example_short_circuit_operator.py
[2024-04-10T00:47:39.525+0000] {processor.py:830} INFO - Processing file /home/airflow/.local/lib/python3.12/site-packages/airflow/example_dags/example_short_circuit_operator.py for tasks to queue
[2024-04-10T00:47:39.530+0000] {logging_mixin.py:188} INFO - [2024-04-10T00:47:39.529+0000] {dagbag.py:540} INFO - Filling up the DagBag from /home/airflow/.local/lib/python3.12/site-packages/airflow/example_dags/example_short_circuit_operator.py
[2024-04-10T00:47:39.572+0000] {processor.py:840} INFO - DAG(s) 'example_short_circuit_operator' retrieved from /home/airflow/.local/lib/python3.12/site-packages/airflow/example_dags/example_short_circuit_operator.py
[2024-04-10T00:47:39.644+0000] {logging_mixin.py:188} INFO - [2024-04-10T00:47:39.644+0000] {dag.py:3096} INFO - Sync 1 DAGs
[2024-04-10T00:47:39.746+0000] {logging_mixin.py:188} INFO - [2024-04-10T00:47:39.745+0000] {dag.py:3954} INFO - Setting next_dagrun for example_short_circuit_operator to 2024-04-09 00:00:00+00:00, run_after=2024-04-10 00:00:00+00:00
[2024-04-10T00:47:39.817+0000] {processor.py:183} INFO - Processing /home/airflow/.local/lib/python3.12/site-packages/airflow/example_dags/example_short_circuit_operator.py took 0.381 seconds
[2024-04-10T00:48:10.397+0000] {processor.py:161} INFO - Started process (PID=1992) to work on /home/airflow/.local/lib/python3.12/site-packages/airflow/example_dags/example_short_circuit_operator.py
[2024-04-10T00:48:10.398+0000] {processor.py:830} INFO - Processing file /home/airflow/.local/lib/python3.12/site-packages/airflow/example_dags/example_short_circuit_operator.py for tasks to queue
[2024-04-10T00:48:10.400+0000] {logging_mixin.py:188} INFO - [2024-04-10T00:48:10.399+0000] {dagbag.py:540} INFO - Filling up the DagBag from /home/airflow/.local/lib/python3.12/site-packages/airflow/example_dags/example_short_circuit_operator.py
[2024-04-10T00:48:10.409+0000] {processor.py:840} INFO - DAG(s) 'example_short_circuit_operator' retrieved from /home/airflow/.local/lib/python3.12/site-packages/airflow/example_dags/example_short_circuit_operator.py
[2024-04-10T00:48:10.441+0000] {logging_mixin.py:188} INFO - [2024-04-10T00:48:10.441+0000] {dag.py:3096} INFO - Sync 1 DAGs
[2024-04-10T00:48:10.472+0000] {logging_mixin.py:188} INFO - [2024-04-10T00:48:10.472+0000] {dag.py:3954} INFO - Setting next_dagrun for example_short_circuit_operator to 2024-04-09 00:00:00+00:00, run_after=2024-04-10 00:00:00+00:00
[2024-04-10T00:48:10.491+0000] {processor.py:183} INFO - Processing /home/airflow/.local/lib/python3.12/site-packages/airflow/example_dags/example_short_circuit_operator.py took 0.102 seconds
