[2024-04-10T00:44:39.429+0000] {processor.py:161} INFO - Started process (PID=309) to work on /home/airflow/.local/lib/python3.12/site-packages/airflow/example_dags/example_params_ui_tutorial.py
[2024-04-10T00:44:39.431+0000] {processor.py:830} INFO - Processing file /home/airflow/.local/lib/python3.12/site-packages/airflow/example_dags/example_params_ui_tutorial.py for tasks to queue
[2024-04-10T00:44:39.434+0000] {logging_mixin.py:188} INFO - [2024-04-10T00:44:39.434+0000] {dagbag.py:540} INFO - Filling up the DagBag from /home/airflow/.local/lib/python3.12/site-packages/airflow/example_dags/example_params_ui_tutorial.py
[2024-04-10T00:44:39.479+0000] {processor.py:840} INFO - DAG(s) 'example_params_ui_tutorial' retrieved from /home/airflow/.local/lib/python3.12/site-packages/airflow/example_dags/example_params_ui_tutorial.py
[2024-04-10T00:44:40.498+0000] {logging_mixin.py:188} INFO - [2024-04-10T00:44:40.494+0000] {override.py:1829} INFO - Created Permission View: can edit on DAG:example_params_ui_tutorial
[2024-04-10T00:44:40.535+0000] {logging_mixin.py:188} INFO - [2024-04-10T00:44:40.534+0000] {override.py:1829} INFO - Created Permission View: can read on DAG:example_params_ui_tutorial
[2024-04-10T00:44:40.547+0000] {logging_mixin.py:188} INFO - [2024-04-10T00:44:40.547+0000] {override.py:1829} INFO - Created Permission View: can delete on DAG:example_params_ui_tutorial
[2024-04-10T00:44:40.548+0000] {logging_mixin.py:188} INFO - [2024-04-10T00:44:40.548+0000] {dag.py:3096} INFO - Sync 1 DAGs
[2024-04-10T00:44:40.568+0000] {logging_mixin.py:188} INFO - [2024-04-10T00:44:40.568+0000] {dag.py:3118} INFO - Creating ORM DAG for example_params_ui_tutorial
[2024-04-10T00:44:40.570+0000] {logging_mixin.py:188} INFO - [2024-04-10T00:44:40.570+0000] {dag.py:3954} INFO - Setting next_dagrun for example_params_ui_tutorial to None, run_after=None
[2024-04-10T00:44:40.626+0000] {processor.py:183} INFO - Processing /home/airflow/.local/lib/python3.12/site-packages/airflow/example_dags/example_params_ui_tutorial.py took 1.208 seconds
[2024-04-10T00:45:12.830+0000] {processor.py:161} INFO - Started process (PID=571) to work on /home/airflow/.local/lib/python3.12/site-packages/airflow/example_dags/example_params_ui_tutorial.py
[2024-04-10T00:45:12.833+0000] {processor.py:830} INFO - Processing file /home/airflow/.local/lib/python3.12/site-packages/airflow/example_dags/example_params_ui_tutorial.py for tasks to queue
[2024-04-10T00:45:12.850+0000] {logging_mixin.py:188} INFO - [2024-04-10T00:45:12.844+0000] {dagbag.py:540} INFO - Filling up the DagBag from /home/airflow/.local/lib/python3.12/site-packages/airflow/example_dags/example_params_ui_tutorial.py
[2024-04-10T00:45:13.012+0000] {processor.py:840} INFO - DAG(s) 'example_params_ui_tutorial' retrieved from /home/airflow/.local/lib/python3.12/site-packages/airflow/example_dags/example_params_ui_tutorial.py
[2024-04-10T00:45:13.411+0000] {logging_mixin.py:188} INFO - [2024-04-10T00:45:13.400+0000] {dag.py:3096} INFO - Sync 1 DAGs
[2024-04-10T00:45:13.590+0000] {logging_mixin.py:188} INFO - [2024-04-10T00:45:13.589+0000] {dag.py:3954} INFO - Setting next_dagrun for example_params_ui_tutorial to None, run_after=None
[2024-04-10T00:45:14.465+0000] {processor.py:183} INFO - Processing /home/airflow/.local/lib/python3.12/site-packages/airflow/example_dags/example_params_ui_tutorial.py took 1.652 seconds
[2024-04-10T00:45:50.059+0000] {processor.py:161} INFO - Started process (PID=835) to work on /home/airflow/.local/lib/python3.12/site-packages/airflow/example_dags/example_params_ui_tutorial.py
[2024-04-10T00:45:50.065+0000] {processor.py:830} INFO - Processing file /home/airflow/.local/lib/python3.12/site-packages/airflow/example_dags/example_params_ui_tutorial.py for tasks to queue
[2024-04-10T00:45:50.071+0000] {logging_mixin.py:188} INFO - [2024-04-10T00:45:50.070+0000] {dagbag.py:540} INFO - Filling up the DagBag from /home/airflow/.local/lib/python3.12/site-packages/airflow/example_dags/example_params_ui_tutorial.py
[2024-04-10T00:45:50.245+0000] {processor.py:840} INFO - DAG(s) 'example_params_ui_tutorial' retrieved from /home/airflow/.local/lib/python3.12/site-packages/airflow/example_dags/example_params_ui_tutorial.py
[2024-04-10T00:45:50.810+0000] {logging_mixin.py:188} INFO - [2024-04-10T00:45:50.809+0000] {dag.py:3096} INFO - Sync 1 DAGs
[2024-04-10T00:45:50.935+0000] {logging_mixin.py:188} INFO - [2024-04-10T00:45:50.934+0000] {dag.py:3954} INFO - Setting next_dagrun for example_params_ui_tutorial to None, run_after=None
[2024-04-10T00:45:51.146+0000] {processor.py:183} INFO - Processing /home/airflow/.local/lib/python3.12/site-packages/airflow/example_dags/example_params_ui_tutorial.py took 1.102 seconds
[2024-04-10T00:46:24.060+0000] {processor.py:161} INFO - Started process (PID=1094) to work on /home/airflow/.local/lib/python3.12/site-packages/airflow/example_dags/example_params_ui_tutorial.py
[2024-04-10T00:46:24.061+0000] {processor.py:830} INFO - Processing file /home/airflow/.local/lib/python3.12/site-packages/airflow/example_dags/example_params_ui_tutorial.py for tasks to queue
[2024-04-10T00:46:24.062+0000] {logging_mixin.py:188} INFO - [2024-04-10T00:46:24.062+0000] {dagbag.py:540} INFO - Filling up the DagBag from /home/airflow/.local/lib/python3.12/site-packages/airflow/example_dags/example_params_ui_tutorial.py
[2024-04-10T00:46:24.094+0000] {processor.py:840} INFO - DAG(s) 'example_params_ui_tutorial' retrieved from /home/airflow/.local/lib/python3.12/site-packages/airflow/example_dags/example_params_ui_tutorial.py
[2024-04-10T00:46:24.165+0000] {logging_mixin.py:188} INFO - [2024-04-10T00:46:24.164+0000] {dag.py:3096} INFO - Sync 1 DAGs
[2024-04-10T00:46:24.179+0000] {logging_mixin.py:188} INFO - [2024-04-10T00:46:24.179+0000] {dag.py:3954} INFO - Setting next_dagrun for example_params_ui_tutorial to None, run_after=None
[2024-04-10T00:46:24.251+0000] {processor.py:183} INFO - Processing /home/airflow/.local/lib/python3.12/site-packages/airflow/example_dags/example_params_ui_tutorial.py took 0.197 seconds
[2024-04-10T00:46:58.013+0000] {processor.py:161} INFO - Started process (PID=1355) to work on /home/airflow/.local/lib/python3.12/site-packages/airflow/example_dags/example_params_ui_tutorial.py
[2024-04-10T00:46:58.017+0000] {processor.py:830} INFO - Processing file /home/airflow/.local/lib/python3.12/site-packages/airflow/example_dags/example_params_ui_tutorial.py for tasks to queue
[2024-04-10T00:46:58.043+0000] {logging_mixin.py:188} INFO - [2024-04-10T00:46:58.042+0000] {dagbag.py:540} INFO - Filling up the DagBag from /home/airflow/.local/lib/python3.12/site-packages/airflow/example_dags/example_params_ui_tutorial.py
[2024-04-10T00:46:58.248+0000] {processor.py:840} INFO - DAG(s) 'example_params_ui_tutorial' retrieved from /home/airflow/.local/lib/python3.12/site-packages/airflow/example_dags/example_params_ui_tutorial.py
[2024-04-10T00:46:58.465+0000] {logging_mixin.py:188} INFO - [2024-04-10T00:46:58.464+0000] {dag.py:3096} INFO - Sync 1 DAGs
[2024-04-10T00:46:58.514+0000] {logging_mixin.py:188} INFO - [2024-04-10T00:46:58.514+0000] {dag.py:3954} INFO - Setting next_dagrun for example_params_ui_tutorial to None, run_after=None
[2024-04-10T00:46:58.587+0000] {processor.py:183} INFO - Processing /home/airflow/.local/lib/python3.12/site-packages/airflow/example_dags/example_params_ui_tutorial.py took 0.585 seconds
[2024-04-10T00:47:34.002+0000] {processor.py:161} INFO - Started process (PID=1612) to work on /home/airflow/.local/lib/python3.12/site-packages/airflow/example_dags/example_params_ui_tutorial.py
[2024-04-10T00:47:34.003+0000] {processor.py:830} INFO - Processing file /home/airflow/.local/lib/python3.12/site-packages/airflow/example_dags/example_params_ui_tutorial.py for tasks to queue
[2024-04-10T00:47:34.005+0000] {logging_mixin.py:188} INFO - [2024-04-10T00:47:34.004+0000] {dagbag.py:540} INFO - Filling up the DagBag from /home/airflow/.local/lib/python3.12/site-packages/airflow/example_dags/example_params_ui_tutorial.py
[2024-04-10T00:47:34.123+0000] {processor.py:840} INFO - DAG(s) 'example_params_ui_tutorial' retrieved from /home/airflow/.local/lib/python3.12/site-packages/airflow/example_dags/example_params_ui_tutorial.py
[2024-04-10T00:47:34.350+0000] {logging_mixin.py:188} INFO - [2024-04-10T00:47:34.350+0000] {dag.py:3096} INFO - Sync 1 DAGs
[2024-04-10T00:47:34.368+0000] {logging_mixin.py:188} INFO - [2024-04-10T00:47:34.368+0000] {dag.py:3954} INFO - Setting next_dagrun for example_params_ui_tutorial to None, run_after=None
[2024-04-10T00:47:34.385+0000] {processor.py:183} INFO - Processing /home/airflow/.local/lib/python3.12/site-packages/airflow/example_dags/example_params_ui_tutorial.py took 0.389 seconds
[2024-04-10T00:48:05.168+0000] {processor.py:161} INFO - Started process (PID=1869) to work on /home/airflow/.local/lib/python3.12/site-packages/airflow/example_dags/example_params_ui_tutorial.py
[2024-04-10T00:48:05.170+0000] {processor.py:830} INFO - Processing file /home/airflow/.local/lib/python3.12/site-packages/airflow/example_dags/example_params_ui_tutorial.py for tasks to queue
[2024-04-10T00:48:05.200+0000] {logging_mixin.py:188} INFO - [2024-04-10T00:48:05.200+0000] {dagbag.py:540} INFO - Filling up the DagBag from /home/airflow/.local/lib/python3.12/site-packages/airflow/example_dags/example_params_ui_tutorial.py
[2024-04-10T00:48:05.285+0000] {processor.py:840} INFO - DAG(s) 'example_params_ui_tutorial' retrieved from /home/airflow/.local/lib/python3.12/site-packages/airflow/example_dags/example_params_ui_tutorial.py
[2024-04-10T00:48:05.490+0000] {logging_mixin.py:188} INFO - [2024-04-10T00:48:05.489+0000] {dag.py:3096} INFO - Sync 1 DAGs
[2024-04-10T00:48:05.614+0000] {logging_mixin.py:188} INFO - [2024-04-10T00:48:05.596+0000] {dag.py:3954} INFO - Setting next_dagrun for example_params_ui_tutorial to None, run_after=None
[2024-04-10T00:48:05.672+0000] {processor.py:183} INFO - Processing /home/airflow/.local/lib/python3.12/site-packages/airflow/example_dags/example_params_ui_tutorial.py took 0.509 seconds
