[2024-04-10T00:44:45.445+0000] {processor.py:161} INFO - Started process (PID=396) to work on /home/airflow/.local/lib/python3.12/site-packages/airflow/example_dags/example_branch_operator.py
[2024-04-10T00:44:45.447+0000] {processor.py:830} INFO - Processing file /home/airflow/.local/lib/python3.12/site-packages/airflow/example_dags/example_branch_operator.py for tasks to queue
[2024-04-10T00:44:45.450+0000] {logging_mixin.py:188} INFO - [2024-04-10T00:44:45.449+0000] {dagbag.py:540} INFO - Filling up the DagBag from /home/airflow/.local/lib/python3.12/site-packages/airflow/example_dags/example_branch_operator.py
[2024-04-10T00:44:45.489+0000] {processor.py:840} INFO - DAG(s) 'example_branch_operator' retrieved from /home/airflow/.local/lib/python3.12/site-packages/airflow/example_dags/example_branch_operator.py
[2024-04-10T00:44:45.722+0000] {logging_mixin.py:188} INFO - [2024-04-10T00:44:45.722+0000] {override.py:1829} INFO - Created Permission View: can edit on DAG:example_branch_operator
[2024-04-10T00:44:45.734+0000] {logging_mixin.py:188} INFO - [2024-04-10T00:44:45.734+0000] {override.py:1829} INFO - Created Permission View: can read on DAG:example_branch_operator
[2024-04-10T00:44:45.744+0000] {logging_mixin.py:188} INFO - [2024-04-10T00:44:45.744+0000] {override.py:1829} INFO - Created Permission View: can delete on DAG:example_branch_operator
[2024-04-10T00:44:45.745+0000] {logging_mixin.py:188} INFO - [2024-04-10T00:44:45.745+0000] {dag.py:3096} INFO - Sync 1 DAGs
[2024-04-10T00:44:45.759+0000] {logging_mixin.py:188} INFO - [2024-04-10T00:44:45.759+0000] {dag.py:3118} INFO - Creating ORM DAG for example_branch_operator
[2024-04-10T00:44:45.809+0000] {logging_mixin.py:188} INFO - [2024-04-10T00:44:45.808+0000] {dag.py:3954} INFO - Setting next_dagrun for example_branch_operator to 2024-04-09 00:00:00+00:00, run_after=2024-04-10 00:00:00+00:00
[2024-04-10T00:44:45.868+0000] {processor.py:183} INFO - Processing /home/airflow/.local/lib/python3.12/site-packages/airflow/example_dags/example_branch_operator.py took 0.435 seconds
[2024-04-10T00:45:21.181+0000] {processor.py:161} INFO - Started process (PID=656) to work on /home/airflow/.local/lib/python3.12/site-packages/airflow/example_dags/example_branch_operator.py
[2024-04-10T00:45:21.190+0000] {processor.py:830} INFO - Processing file /home/airflow/.local/lib/python3.12/site-packages/airflow/example_dags/example_branch_operator.py for tasks to queue
[2024-04-10T00:45:21.195+0000] {logging_mixin.py:188} INFO - [2024-04-10T00:45:21.195+0000] {dagbag.py:540} INFO - Filling up the DagBag from /home/airflow/.local/lib/python3.12/site-packages/airflow/example_dags/example_branch_operator.py
[2024-04-10T00:45:21.235+0000] {processor.py:840} INFO - DAG(s) 'example_branch_operator' retrieved from /home/airflow/.local/lib/python3.12/site-packages/airflow/example_dags/example_branch_operator.py
[2024-04-10T00:45:21.351+0000] {logging_mixin.py:188} INFO - [2024-04-10T00:45:21.350+0000] {dag.py:3096} INFO - Sync 1 DAGs
[2024-04-10T00:45:21.518+0000] {logging_mixin.py:188} INFO - [2024-04-10T00:45:21.517+0000] {dag.py:3954} INFO - Setting next_dagrun for example_branch_operator to 2024-04-09 00:00:00+00:00, run_after=2024-04-10 00:00:00+00:00
[2024-04-10T00:45:21.666+0000] {processor.py:183} INFO - Processing /home/airflow/.local/lib/python3.12/site-packages/airflow/example_dags/example_branch_operator.py took 0.504 seconds
[2024-04-10T00:45:55.216+0000] {processor.py:161} INFO - Started process (PID=918) to work on /home/airflow/.local/lib/python3.12/site-packages/airflow/example_dags/example_branch_operator.py
[2024-04-10T00:45:55.220+0000] {processor.py:830} INFO - Processing file /home/airflow/.local/lib/python3.12/site-packages/airflow/example_dags/example_branch_operator.py for tasks to queue
[2024-04-10T00:45:55.235+0000] {logging_mixin.py:188} INFO - [2024-04-10T00:45:55.234+0000] {dagbag.py:540} INFO - Filling up the DagBag from /home/airflow/.local/lib/python3.12/site-packages/airflow/example_dags/example_branch_operator.py
[2024-04-10T00:45:55.746+0000] {processor.py:840} INFO - DAG(s) 'example_branch_operator' retrieved from /home/airflow/.local/lib/python3.12/site-packages/airflow/example_dags/example_branch_operator.py
[2024-04-10T00:45:56.029+0000] {logging_mixin.py:188} INFO - [2024-04-10T00:45:56.027+0000] {dag.py:3096} INFO - Sync 1 DAGs
[2024-04-10T00:45:56.179+0000] {logging_mixin.py:188} INFO - [2024-04-10T00:45:56.178+0000] {dag.py:3954} INFO - Setting next_dagrun for example_branch_operator to 2024-04-09 00:00:00+00:00, run_after=2024-04-10 00:00:00+00:00
[2024-04-10T00:45:56.344+0000] {processor.py:183} INFO - Processing /home/airflow/.local/lib/python3.12/site-packages/airflow/example_dags/example_branch_operator.py took 1.140 seconds
[2024-04-10T00:46:26.573+0000] {processor.py:161} INFO - Started process (PID=1179) to work on /home/airflow/.local/lib/python3.12/site-packages/airflow/example_dags/example_branch_operator.py
[2024-04-10T00:46:26.576+0000] {processor.py:830} INFO - Processing file /home/airflow/.local/lib/python3.12/site-packages/airflow/example_dags/example_branch_operator.py for tasks to queue
[2024-04-10T00:46:26.579+0000] {logging_mixin.py:188} INFO - [2024-04-10T00:46:26.578+0000] {dagbag.py:540} INFO - Filling up the DagBag from /home/airflow/.local/lib/python3.12/site-packages/airflow/example_dags/example_branch_operator.py
[2024-04-10T00:46:26.606+0000] {processor.py:840} INFO - DAG(s) 'example_branch_operator' retrieved from /home/airflow/.local/lib/python3.12/site-packages/airflow/example_dags/example_branch_operator.py
[2024-04-10T00:46:26.676+0000] {logging_mixin.py:188} INFO - [2024-04-10T00:46:26.676+0000] {dag.py:3096} INFO - Sync 1 DAGs
[2024-04-10T00:46:26.777+0000] {logging_mixin.py:188} INFO - [2024-04-10T00:46:26.776+0000] {dag.py:3954} INFO - Setting next_dagrun for example_branch_operator to 2024-04-09 00:00:00+00:00, run_after=2024-04-10 00:00:00+00:00
[2024-04-10T00:46:26.845+0000] {processor.py:183} INFO - Processing /home/airflow/.local/lib/python3.12/site-packages/airflow/example_dags/example_branch_operator.py took 0.288 seconds
[2024-04-10T00:47:01.955+0000] {processor.py:161} INFO - Started process (PID=1441) to work on /home/airflow/.local/lib/python3.12/site-packages/airflow/example_dags/example_branch_operator.py
[2024-04-10T00:47:01.957+0000] {processor.py:830} INFO - Processing file /home/airflow/.local/lib/python3.12/site-packages/airflow/example_dags/example_branch_operator.py for tasks to queue
[2024-04-10T00:47:01.959+0000] {logging_mixin.py:188} INFO - [2024-04-10T00:47:01.958+0000] {dagbag.py:540} INFO - Filling up the DagBag from /home/airflow/.local/lib/python3.12/site-packages/airflow/example_dags/example_branch_operator.py
[2024-04-10T00:47:01.979+0000] {processor.py:840} INFO - DAG(s) 'example_branch_operator' retrieved from /home/airflow/.local/lib/python3.12/site-packages/airflow/example_dags/example_branch_operator.py
[2024-04-10T00:47:02.007+0000] {logging_mixin.py:188} INFO - [2024-04-10T00:47:02.007+0000] {dag.py:3096} INFO - Sync 1 DAGs
[2024-04-10T00:47:02.027+0000] {logging_mixin.py:188} INFO - [2024-04-10T00:47:02.026+0000] {dag.py:3954} INFO - Setting next_dagrun for example_branch_operator to 2024-04-09 00:00:00+00:00, run_after=2024-04-10 00:00:00+00:00
[2024-04-10T00:47:02.059+0000] {processor.py:183} INFO - Processing /home/airflow/.local/lib/python3.12/site-packages/airflow/example_dags/example_branch_operator.py took 0.109 seconds
[2024-04-10T00:47:36.877+0000] {processor.py:161} INFO - Started process (PID=1705) to work on /home/airflow/.local/lib/python3.12/site-packages/airflow/example_dags/example_branch_operator.py
[2024-04-10T00:47:36.879+0000] {processor.py:830} INFO - Processing file /home/airflow/.local/lib/python3.12/site-packages/airflow/example_dags/example_branch_operator.py for tasks to queue
[2024-04-10T00:47:36.881+0000] {logging_mixin.py:188} INFO - [2024-04-10T00:47:36.881+0000] {dagbag.py:540} INFO - Filling up the DagBag from /home/airflow/.local/lib/python3.12/site-packages/airflow/example_dags/example_branch_operator.py
[2024-04-10T00:47:36.916+0000] {processor.py:840} INFO - DAG(s) 'example_branch_operator' retrieved from /home/airflow/.local/lib/python3.12/site-packages/airflow/example_dags/example_branch_operator.py
[2024-04-10T00:47:37.061+0000] {logging_mixin.py:188} INFO - [2024-04-10T00:47:37.060+0000] {dag.py:3096} INFO - Sync 1 DAGs
[2024-04-10T00:47:37.217+0000] {logging_mixin.py:188} INFO - [2024-04-10T00:47:37.217+0000] {dag.py:3954} INFO - Setting next_dagrun for example_branch_operator to 2024-04-09 00:00:00+00:00, run_after=2024-04-10 00:00:00+00:00
[2024-04-10T00:47:37.323+0000] {processor.py:183} INFO - Processing /home/airflow/.local/lib/python3.12/site-packages/airflow/example_dags/example_branch_operator.py took 0.452 seconds
[2024-04-10T00:48:09.894+0000] {processor.py:161} INFO - Started process (PID=1965) to work on /home/airflow/.local/lib/python3.12/site-packages/airflow/example_dags/example_branch_operator.py
[2024-04-10T00:48:09.898+0000] {processor.py:830} INFO - Processing file /home/airflow/.local/lib/python3.12/site-packages/airflow/example_dags/example_branch_operator.py for tasks to queue
[2024-04-10T00:48:09.917+0000] {logging_mixin.py:188} INFO - [2024-04-10T00:48:09.915+0000] {dagbag.py:540} INFO - Filling up the DagBag from /home/airflow/.local/lib/python3.12/site-packages/airflow/example_dags/example_branch_operator.py
[2024-04-10T00:48:09.965+0000] {processor.py:840} INFO - DAG(s) 'example_branch_operator' retrieved from /home/airflow/.local/lib/python3.12/site-packages/airflow/example_dags/example_branch_operator.py
[2024-04-10T00:48:10.024+0000] {logging_mixin.py:188} INFO - [2024-04-10T00:48:10.023+0000] {dag.py:3096} INFO - Sync 1 DAGs
[2024-04-10T00:48:10.141+0000] {logging_mixin.py:188} INFO - [2024-04-10T00:48:10.140+0000] {dag.py:3954} INFO - Setting next_dagrun for example_branch_operator to 2024-04-09 00:00:00+00:00, run_after=2024-04-10 00:00:00+00:00
[2024-04-10T00:48:10.194+0000] {processor.py:183} INFO - Processing /home/airflow/.local/lib/python3.12/site-packages/airflow/example_dags/example_branch_operator.py took 0.314 seconds
