[2024-04-10T00:44:42.102+0000] {processor.py:161} INFO - Started process (PID=334) to work on /home/airflow/.local/lib/python3.12/site-packages/airflow/example_dags/example_task_group.py
[2024-04-10T00:44:42.103+0000] {processor.py:830} INFO - Processing file /home/airflow/.local/lib/python3.12/site-packages/airflow/example_dags/example_task_group.py for tasks to queue
[2024-04-10T00:44:42.106+0000] {logging_mixin.py:188} INFO - [2024-04-10T00:44:42.106+0000] {dagbag.py:540} INFO - Filling up the DagBag from /home/airflow/.local/lib/python3.12/site-packages/airflow/example_dags/example_task_group.py
[2024-04-10T00:44:42.124+0000] {processor.py:840} INFO - DAG(s) 'example_task_group' retrieved from /home/airflow/.local/lib/python3.12/site-packages/airflow/example_dags/example_task_group.py
[2024-04-10T00:44:42.446+0000] {logging_mixin.py:188} INFO - [2024-04-10T00:44:42.445+0000] {override.py:1829} INFO - Created Permission View: can edit on DAG:example_task_group
[2024-04-10T00:44:42.461+0000] {logging_mixin.py:188} INFO - [2024-04-10T00:44:42.460+0000] {override.py:1829} INFO - Created Permission View: can read on DAG:example_task_group
[2024-04-10T00:44:42.468+0000] {logging_mixin.py:188} INFO - [2024-04-10T00:44:42.468+0000] {override.py:1829} INFO - Created Permission View: can delete on DAG:example_task_group
[2024-04-10T00:44:42.469+0000] {logging_mixin.py:188} INFO - [2024-04-10T00:44:42.469+0000] {dag.py:3096} INFO - Sync 1 DAGs
[2024-04-10T00:44:42.485+0000] {logging_mixin.py:188} INFO - [2024-04-10T00:44:42.485+0000] {dag.py:3118} INFO - Creating ORM DAG for example_task_group
[2024-04-10T00:44:42.501+0000] {logging_mixin.py:188} INFO - [2024-04-10T00:44:42.500+0000] {dag.py:3954} INFO - Setting next_dagrun for example_task_group to 2024-04-09 00:00:00+00:00, run_after=2024-04-10 00:00:00+00:00
[2024-04-10T00:44:42.531+0000] {processor.py:183} INFO - Processing /home/airflow/.local/lib/python3.12/site-packages/airflow/example_dags/example_task_group.py took 0.441 seconds
[2024-04-10T00:45:17.571+0000] {processor.py:161} INFO - Started process (PID=596) to work on /home/airflow/.local/lib/python3.12/site-packages/airflow/example_dags/example_task_group.py
[2024-04-10T00:45:17.574+0000] {processor.py:830} INFO - Processing file /home/airflow/.local/lib/python3.12/site-packages/airflow/example_dags/example_task_group.py for tasks to queue
[2024-04-10T00:45:17.591+0000] {logging_mixin.py:188} INFO - [2024-04-10T00:45:17.586+0000] {dagbag.py:540} INFO - Filling up the DagBag from /home/airflow/.local/lib/python3.12/site-packages/airflow/example_dags/example_task_group.py
[2024-04-10T00:45:17.661+0000] {processor.py:840} INFO - DAG(s) 'example_task_group' retrieved from /home/airflow/.local/lib/python3.12/site-packages/airflow/example_dags/example_task_group.py
[2024-04-10T00:45:17.829+0000] {logging_mixin.py:188} INFO - [2024-04-10T00:45:17.827+0000] {dag.py:3096} INFO - Sync 1 DAGs
[2024-04-10T00:45:18.013+0000] {logging_mixin.py:188} INFO - [2024-04-10T00:45:18.012+0000] {dag.py:3954} INFO - Setting next_dagrun for example_task_group to 2024-04-09 00:00:00+00:00, run_after=2024-04-10 00:00:00+00:00
[2024-04-10T00:45:18.118+0000] {processor.py:183} INFO - Processing /home/airflow/.local/lib/python3.12/site-packages/airflow/example_dags/example_task_group.py took 0.580 seconds
[2024-04-10T00:45:52.856+0000] {processor.py:161} INFO - Started process (PID=860) to work on /home/airflow/.local/lib/python3.12/site-packages/airflow/example_dags/example_task_group.py
[2024-04-10T00:45:52.860+0000] {processor.py:830} INFO - Processing file /home/airflow/.local/lib/python3.12/site-packages/airflow/example_dags/example_task_group.py for tasks to queue
[2024-04-10T00:45:52.864+0000] {logging_mixin.py:188} INFO - [2024-04-10T00:45:52.863+0000] {dagbag.py:540} INFO - Filling up the DagBag from /home/airflow/.local/lib/python3.12/site-packages/airflow/example_dags/example_task_group.py
[2024-04-10T00:45:52.879+0000] {processor.py:840} INFO - DAG(s) 'example_task_group' retrieved from /home/airflow/.local/lib/python3.12/site-packages/airflow/example_dags/example_task_group.py
[2024-04-10T00:45:52.947+0000] {logging_mixin.py:188} INFO - [2024-04-10T00:45:52.947+0000] {dag.py:3096} INFO - Sync 1 DAGs
[2024-04-10T00:45:53.078+0000] {logging_mixin.py:188} INFO - [2024-04-10T00:45:53.078+0000] {dag.py:3954} INFO - Setting next_dagrun for example_task_group to 2024-04-09 00:00:00+00:00, run_after=2024-04-10 00:00:00+00:00
[2024-04-10T00:45:53.163+0000] {processor.py:183} INFO - Processing /home/airflow/.local/lib/python3.12/site-packages/airflow/example_dags/example_task_group.py took 0.351 seconds
[2024-04-10T00:46:24.554+0000] {processor.py:161} INFO - Started process (PID=1119) to work on /home/airflow/.local/lib/python3.12/site-packages/airflow/example_dags/example_task_group.py
[2024-04-10T00:46:24.556+0000] {processor.py:830} INFO - Processing file /home/airflow/.local/lib/python3.12/site-packages/airflow/example_dags/example_task_group.py for tasks to queue
[2024-04-10T00:46:24.560+0000] {logging_mixin.py:188} INFO - [2024-04-10T00:46:24.559+0000] {dagbag.py:540} INFO - Filling up the DagBag from /home/airflow/.local/lib/python3.12/site-packages/airflow/example_dags/example_task_group.py
[2024-04-10T00:46:24.592+0000] {processor.py:840} INFO - DAG(s) 'example_task_group' retrieved from /home/airflow/.local/lib/python3.12/site-packages/airflow/example_dags/example_task_group.py
[2024-04-10T00:46:24.623+0000] {logging_mixin.py:188} INFO - [2024-04-10T00:46:24.623+0000] {dag.py:3096} INFO - Sync 1 DAGs
[2024-04-10T00:46:24.654+0000] {logging_mixin.py:188} INFO - [2024-04-10T00:46:24.653+0000] {dag.py:3954} INFO - Setting next_dagrun for example_task_group to 2024-04-09 00:00:00+00:00, run_after=2024-04-10 00:00:00+00:00
[2024-04-10T00:46:24.703+0000] {processor.py:183} INFO - Processing /home/airflow/.local/lib/python3.12/site-packages/airflow/example_dags/example_task_group.py took 0.175 seconds
[2024-04-10T00:46:59.834+0000] {processor.py:161} INFO - Started process (PID=1381) to work on /home/airflow/.local/lib/python3.12/site-packages/airflow/example_dags/example_task_group.py
[2024-04-10T00:46:59.836+0000] {processor.py:830} INFO - Processing file /home/airflow/.local/lib/python3.12/site-packages/airflow/example_dags/example_task_group.py for tasks to queue
[2024-04-10T00:46:59.839+0000] {logging_mixin.py:188} INFO - [2024-04-10T00:46:59.839+0000] {dagbag.py:540} INFO - Filling up the DagBag from /home/airflow/.local/lib/python3.12/site-packages/airflow/example_dags/example_task_group.py
[2024-04-10T00:46:59.854+0000] {processor.py:840} INFO - DAG(s) 'example_task_group' retrieved from /home/airflow/.local/lib/python3.12/site-packages/airflow/example_dags/example_task_group.py
[2024-04-10T00:46:59.881+0000] {logging_mixin.py:188} INFO - [2024-04-10T00:46:59.881+0000] {dag.py:3096} INFO - Sync 1 DAGs
[2024-04-10T00:46:59.905+0000] {logging_mixin.py:188} INFO - [2024-04-10T00:46:59.905+0000] {dag.py:3954} INFO - Setting next_dagrun for example_task_group to 2024-04-09 00:00:00+00:00, run_after=2024-04-10 00:00:00+00:00
[2024-04-10T00:46:59.922+0000] {processor.py:183} INFO - Processing /home/airflow/.local/lib/python3.12/site-packages/airflow/example_dags/example_task_group.py took 0.096 seconds
[2024-04-10T00:47:35.260+0000] {processor.py:161} INFO - Started process (PID=1639) to work on /home/airflow/.local/lib/python3.12/site-packages/airflow/example_dags/example_task_group.py
[2024-04-10T00:47:35.262+0000] {processor.py:830} INFO - Processing file /home/airflow/.local/lib/python3.12/site-packages/airflow/example_dags/example_task_group.py for tasks to queue
[2024-04-10T00:47:35.263+0000] {logging_mixin.py:188} INFO - [2024-04-10T00:47:35.263+0000] {dagbag.py:540} INFO - Filling up the DagBag from /home/airflow/.local/lib/python3.12/site-packages/airflow/example_dags/example_task_group.py
[2024-04-10T00:47:35.272+0000] {processor.py:840} INFO - DAG(s) 'example_task_group' retrieved from /home/airflow/.local/lib/python3.12/site-packages/airflow/example_dags/example_task_group.py
[2024-04-10T00:47:35.302+0000] {logging_mixin.py:188} INFO - [2024-04-10T00:47:35.301+0000] {dag.py:3096} INFO - Sync 1 DAGs
[2024-04-10T00:47:35.325+0000] {logging_mixin.py:188} INFO - [2024-04-10T00:47:35.325+0000] {dag.py:3954} INFO - Setting next_dagrun for example_task_group to 2024-04-09 00:00:00+00:00, run_after=2024-04-10 00:00:00+00:00
[2024-04-10T00:47:35.398+0000] {processor.py:183} INFO - Processing /home/airflow/.local/lib/python3.12/site-packages/airflow/example_dags/example_task_group.py took 0.144 seconds
[2024-04-10T00:48:08.043+0000] {processor.py:161} INFO - Started process (PID=1905) to work on /home/airflow/.local/lib/python3.12/site-packages/airflow/example_dags/example_task_group.py
[2024-04-10T00:48:08.045+0000] {processor.py:830} INFO - Processing file /home/airflow/.local/lib/python3.12/site-packages/airflow/example_dags/example_task_group.py for tasks to queue
[2024-04-10T00:48:08.049+0000] {logging_mixin.py:188} INFO - [2024-04-10T00:48:08.048+0000] {dagbag.py:540} INFO - Filling up the DagBag from /home/airflow/.local/lib/python3.12/site-packages/airflow/example_dags/example_task_group.py
[2024-04-10T00:48:08.066+0000] {processor.py:840} INFO - DAG(s) 'example_task_group' retrieved from /home/airflow/.local/lib/python3.12/site-packages/airflow/example_dags/example_task_group.py
[2024-04-10T00:48:08.104+0000] {logging_mixin.py:188} INFO - [2024-04-10T00:48:08.104+0000] {dag.py:3096} INFO - Sync 1 DAGs
[2024-04-10T00:48:08.130+0000] {logging_mixin.py:188} INFO - [2024-04-10T00:48:08.129+0000] {dag.py:3954} INFO - Setting next_dagrun for example_task_group to 2024-04-09 00:00:00+00:00, run_after=2024-04-10 00:00:00+00:00
[2024-04-10T00:48:08.179+0000] {processor.py:183} INFO - Processing /home/airflow/.local/lib/python3.12/site-packages/airflow/example_dags/example_task_group.py took 0.147 seconds
