[2024-04-10T00:44:44.974+0000] {processor.py:161} INFO - Started process (PID=391) to work on /home/airflow/.local/lib/python3.12/site-packages/airflow/example_dags/example_params_trigger_ui.py
[2024-04-10T00:44:44.975+0000] {processor.py:830} INFO - Processing file /home/airflow/.local/lib/python3.12/site-packages/airflow/example_dags/example_params_trigger_ui.py for tasks to queue
[2024-04-10T00:44:44.978+0000] {logging_mixin.py:188} INFO - [2024-04-10T00:44:44.978+0000] {dagbag.py:540} INFO - Filling up the DagBag from /home/airflow/.local/lib/python3.12/site-packages/airflow/example_dags/example_params_trigger_ui.py
[2024-04-10T00:44:44.998+0000] {processor.py:840} INFO - DAG(s) 'example_params_trigger_ui' retrieved from /home/airflow/.local/lib/python3.12/site-packages/airflow/example_dags/example_params_trigger_ui.py
[2024-04-10T00:44:45.320+0000] {logging_mixin.py:188} INFO - [2024-04-10T00:44:45.318+0000] {override.py:1829} INFO - Created Permission View: can edit on DAG:example_params_trigger_ui
[2024-04-10T00:44:45.331+0000] {logging_mixin.py:188} INFO - [2024-04-10T00:44:45.331+0000] {override.py:1829} INFO - Created Permission View: can read on DAG:example_params_trigger_ui
[2024-04-10T00:44:45.339+0000] {logging_mixin.py:188} INFO - [2024-04-10T00:44:45.339+0000] {override.py:1829} INFO - Created Permission View: can delete on DAG:example_params_trigger_ui
[2024-04-10T00:44:45.340+0000] {logging_mixin.py:188} INFO - [2024-04-10T00:44:45.340+0000] {dag.py:3096} INFO - Sync 1 DAGs
[2024-04-10T00:44:45.353+0000] {logging_mixin.py:188} INFO - [2024-04-10T00:44:45.353+0000] {dag.py:3118} INFO - Creating ORM DAG for example_params_trigger_ui
[2024-04-10T00:44:45.355+0000] {logging_mixin.py:188} INFO - [2024-04-10T00:44:45.354+0000] {dag.py:3954} INFO - Setting next_dagrun for example_params_trigger_ui to None, run_after=None
[2024-04-10T00:44:45.374+0000] {processor.py:183} INFO - Processing /home/airflow/.local/lib/python3.12/site-packages/airflow/example_dags/example_params_trigger_ui.py took 0.407 seconds
[2024-04-10T00:45:21.067+0000] {processor.py:161} INFO - Started process (PID=651) to work on /home/airflow/.local/lib/python3.12/site-packages/airflow/example_dags/example_params_trigger_ui.py
[2024-04-10T00:45:21.071+0000] {processor.py:830} INFO - Processing file /home/airflow/.local/lib/python3.12/site-packages/airflow/example_dags/example_params_trigger_ui.py for tasks to queue
[2024-04-10T00:45:21.076+0000] {logging_mixin.py:188} INFO - [2024-04-10T00:45:21.075+0000] {dagbag.py:540} INFO - Filling up the DagBag from /home/airflow/.local/lib/python3.12/site-packages/airflow/example_dags/example_params_trigger_ui.py
[2024-04-10T00:45:21.229+0000] {processor.py:840} INFO - DAG(s) 'example_params_trigger_ui' retrieved from /home/airflow/.local/lib/python3.12/site-packages/airflow/example_dags/example_params_trigger_ui.py
[2024-04-10T00:45:21.423+0000] {logging_mixin.py:188} INFO - [2024-04-10T00:45:21.407+0000] {dag.py:3096} INFO - Sync 1 DAGs
[2024-04-10T00:45:21.466+0000] {logging_mixin.py:188} INFO - [2024-04-10T00:45:21.466+0000] {dag.py:3954} INFO - Setting next_dagrun for example_params_trigger_ui to None, run_after=None
[2024-04-10T00:45:21.550+0000] {processor.py:183} INFO - Processing /home/airflow/.local/lib/python3.12/site-packages/airflow/example_dags/example_params_trigger_ui.py took 0.489 seconds
[2024-04-10T00:45:54.954+0000] {processor.py:161} INFO - Started process (PID=913) to work on /home/airflow/.local/lib/python3.12/site-packages/airflow/example_dags/example_params_trigger_ui.py
[2024-04-10T00:45:54.957+0000] {processor.py:830} INFO - Processing file /home/airflow/.local/lib/python3.12/site-packages/airflow/example_dags/example_params_trigger_ui.py for tasks to queue
[2024-04-10T00:45:54.962+0000] {logging_mixin.py:188} INFO - [2024-04-10T00:45:54.961+0000] {dagbag.py:540} INFO - Filling up the DagBag from /home/airflow/.local/lib/python3.12/site-packages/airflow/example_dags/example_params_trigger_ui.py
[2024-04-10T00:45:55.186+0000] {processor.py:840} INFO - DAG(s) 'example_params_trigger_ui' retrieved from /home/airflow/.local/lib/python3.12/site-packages/airflow/example_dags/example_params_trigger_ui.py
[2024-04-10T00:45:55.314+0000] {logging_mixin.py:188} INFO - [2024-04-10T00:45:55.314+0000] {dag.py:3096} INFO - Sync 1 DAGs
[2024-04-10T00:45:55.700+0000] {logging_mixin.py:188} INFO - [2024-04-10T00:45:55.699+0000] {dag.py:3954} INFO - Setting next_dagrun for example_params_trigger_ui to None, run_after=None
[2024-04-10T00:45:55.800+0000] {processor.py:183} INFO - Processing /home/airflow/.local/lib/python3.12/site-packages/airflow/example_dags/example_params_trigger_ui.py took 0.869 seconds
[2024-04-10T00:46:26.564+0000] {processor.py:161} INFO - Started process (PID=1176) to work on /home/airflow/.local/lib/python3.12/site-packages/airflow/example_dags/example_params_trigger_ui.py
[2024-04-10T00:46:26.566+0000] {processor.py:830} INFO - Processing file /home/airflow/.local/lib/python3.12/site-packages/airflow/example_dags/example_params_trigger_ui.py for tasks to queue
[2024-04-10T00:46:26.576+0000] {logging_mixin.py:188} INFO - [2024-04-10T00:46:26.575+0000] {dagbag.py:540} INFO - Filling up the DagBag from /home/airflow/.local/lib/python3.12/site-packages/airflow/example_dags/example_params_trigger_ui.py
[2024-04-10T00:46:26.617+0000] {processor.py:840} INFO - DAG(s) 'example_params_trigger_ui' retrieved from /home/airflow/.local/lib/python3.12/site-packages/airflow/example_dags/example_params_trigger_ui.py
[2024-04-10T00:46:26.697+0000] {logging_mixin.py:188} INFO - [2024-04-10T00:46:26.697+0000] {dag.py:3096} INFO - Sync 1 DAGs
[2024-04-10T00:46:26.773+0000] {logging_mixin.py:188} INFO - [2024-04-10T00:46:26.773+0000] {dag.py:3954} INFO - Setting next_dagrun for example_params_trigger_ui to None, run_after=None
[2024-04-10T00:46:26.836+0000] {processor.py:183} INFO - Processing /home/airflow/.local/lib/python3.12/site-packages/airflow/example_dags/example_params_trigger_ui.py took 0.298 seconds
[2024-04-10T00:47:01.806+0000] {processor.py:161} INFO - Started process (PID=1436) to work on /home/airflow/.local/lib/python3.12/site-packages/airflow/example_dags/example_params_trigger_ui.py
[2024-04-10T00:47:01.807+0000] {processor.py:830} INFO - Processing file /home/airflow/.local/lib/python3.12/site-packages/airflow/example_dags/example_params_trigger_ui.py for tasks to queue
[2024-04-10T00:47:01.809+0000] {logging_mixin.py:188} INFO - [2024-04-10T00:47:01.809+0000] {dagbag.py:540} INFO - Filling up the DagBag from /home/airflow/.local/lib/python3.12/site-packages/airflow/example_dags/example_params_trigger_ui.py
[2024-04-10T00:47:01.829+0000] {processor.py:840} INFO - DAG(s) 'example_params_trigger_ui' retrieved from /home/airflow/.local/lib/python3.12/site-packages/airflow/example_dags/example_params_trigger_ui.py
[2024-04-10T00:47:01.876+0000] {logging_mixin.py:188} INFO - [2024-04-10T00:47:01.876+0000] {dag.py:3096} INFO - Sync 1 DAGs
[2024-04-10T00:47:01.894+0000] {logging_mixin.py:188} INFO - [2024-04-10T00:47:01.894+0000] {dag.py:3954} INFO - Setting next_dagrun for example_params_trigger_ui to None, run_after=None
[2024-04-10T00:47:01.922+0000] {processor.py:183} INFO - Processing /home/airflow/.local/lib/python3.12/site-packages/airflow/example_dags/example_params_trigger_ui.py took 0.122 seconds
[2024-04-10T00:47:36.665+0000] {processor.py:161} INFO - Started process (PID=1700) to work on /home/airflow/.local/lib/python3.12/site-packages/airflow/example_dags/example_params_trigger_ui.py
[2024-04-10T00:47:36.667+0000] {processor.py:830} INFO - Processing file /home/airflow/.local/lib/python3.12/site-packages/airflow/example_dags/example_params_trigger_ui.py for tasks to queue
[2024-04-10T00:47:36.670+0000] {logging_mixin.py:188} INFO - [2024-04-10T00:47:36.669+0000] {dagbag.py:540} INFO - Filling up the DagBag from /home/airflow/.local/lib/python3.12/site-packages/airflow/example_dags/example_params_trigger_ui.py
[2024-04-10T00:47:36.690+0000] {processor.py:840} INFO - DAG(s) 'example_params_trigger_ui' retrieved from /home/airflow/.local/lib/python3.12/site-packages/airflow/example_dags/example_params_trigger_ui.py
[2024-04-10T00:47:36.729+0000] {logging_mixin.py:188} INFO - [2024-04-10T00:47:36.729+0000] {dag.py:3096} INFO - Sync 1 DAGs
[2024-04-10T00:47:36.742+0000] {logging_mixin.py:188} INFO - [2024-04-10T00:47:36.741+0000] {dag.py:3954} INFO - Setting next_dagrun for example_params_trigger_ui to None, run_after=None
[2024-04-10T00:47:36.782+0000] {processor.py:183} INFO - Processing /home/airflow/.local/lib/python3.12/site-packages/airflow/example_dags/example_params_trigger_ui.py took 0.124 seconds
[2024-04-10T00:48:09.846+0000] {processor.py:161} INFO - Started process (PID=1960) to work on /home/airflow/.local/lib/python3.12/site-packages/airflow/example_dags/example_params_trigger_ui.py
[2024-04-10T00:48:09.848+0000] {processor.py:830} INFO - Processing file /home/airflow/.local/lib/python3.12/site-packages/airflow/example_dags/example_params_trigger_ui.py for tasks to queue
[2024-04-10T00:48:09.851+0000] {logging_mixin.py:188} INFO - [2024-04-10T00:48:09.850+0000] {dagbag.py:540} INFO - Filling up the DagBag from /home/airflow/.local/lib/python3.12/site-packages/airflow/example_dags/example_params_trigger_ui.py
[2024-04-10T00:48:09.911+0000] {processor.py:840} INFO - DAG(s) 'example_params_trigger_ui' retrieved from /home/airflow/.local/lib/python3.12/site-packages/airflow/example_dags/example_params_trigger_ui.py
[2024-04-10T00:48:10.016+0000] {logging_mixin.py:188} INFO - [2024-04-10T00:48:10.015+0000] {dag.py:3096} INFO - Sync 1 DAGs
[2024-04-10T00:48:10.051+0000] {logging_mixin.py:188} INFO - [2024-04-10T00:48:10.051+0000] {dag.py:3954} INFO - Setting next_dagrun for example_params_trigger_ui to None, run_after=None
[2024-04-10T00:48:10.147+0000] {processor.py:183} INFO - Processing /home/airflow/.local/lib/python3.12/site-packages/airflow/example_dags/example_params_trigger_ui.py took 0.314 seconds
