[2024-04-10T00:44:32.383+0000] {processor.py:161} INFO - Started process (PID=194) to work on /home/airflow/.local/lib/python3.12/site-packages/airflow/example_dags/example_dynamic_task_mapping.py
[2024-04-10T00:44:32.386+0000] {processor.py:830} INFO - Processing file /home/airflow/.local/lib/python3.12/site-packages/airflow/example_dags/example_dynamic_task_mapping.py for tasks to queue
[2024-04-10T00:44:32.390+0000] {logging_mixin.py:188} INFO - [2024-04-10T00:44:32.390+0000] {dagbag.py:540} INFO - Filling up the DagBag from /home/airflow/.local/lib/python3.12/site-packages/airflow/example_dags/example_dynamic_task_mapping.py
[2024-04-10T00:44:32.417+0000] {processor.py:840} INFO - DAG(s) 'example_dynamic_task_mapping' retrieved from /home/airflow/.local/lib/python3.12/site-packages/airflow/example_dags/example_dynamic_task_mapping.py
[2024-04-10T00:44:32.796+0000] {logging_mixin.py:188} INFO - [2024-04-10T00:44:32.793+0000] {override.py:1829} INFO - Created Permission View: can edit on DAG:example_dynamic_task_mapping
[2024-04-10T00:44:32.864+0000] {logging_mixin.py:188} INFO - [2024-04-10T00:44:32.862+0000] {override.py:1829} INFO - Created Permission View: can read on DAG:example_dynamic_task_mapping
[2024-04-10T00:44:32.886+0000] {logging_mixin.py:188} INFO - [2024-04-10T00:44:32.886+0000] {override.py:1829} INFO - Created Permission View: can delete on DAG:example_dynamic_task_mapping
[2024-04-10T00:44:32.887+0000] {logging_mixin.py:188} INFO - [2024-04-10T00:44:32.887+0000] {dag.py:3096} INFO - Sync 1 DAGs
[2024-04-10T00:44:32.943+0000] {logging_mixin.py:188} INFO - [2024-04-10T00:44:32.943+0000] {dag.py:3118} INFO - Creating ORM DAG for example_dynamic_task_mapping
[2024-04-10T00:44:32.991+0000] {logging_mixin.py:188} INFO - [2024-04-10T00:44:32.991+0000] {dag.py:3954} INFO - Setting next_dagrun for example_dynamic_task_mapping to 2022-03-04 00:00:00+00:00, run_after=2022-03-05 00:00:00+00:00
[2024-04-10T00:44:33.050+0000] {processor.py:183} INFO - Processing /home/airflow/.local/lib/python3.12/site-packages/airflow/example_dags/example_dynamic_task_mapping.py took 0.710 seconds
[2024-04-10T00:45:04.512+0000] {processor.py:161} INFO - Started process (PID=461) to work on /home/airflow/.local/lib/python3.12/site-packages/airflow/example_dags/example_dynamic_task_mapping.py
[2024-04-10T00:45:04.517+0000] {processor.py:830} INFO - Processing file /home/airflow/.local/lib/python3.12/site-packages/airflow/example_dags/example_dynamic_task_mapping.py for tasks to queue
[2024-04-10T00:45:04.529+0000] {logging_mixin.py:188} INFO - [2024-04-10T00:45:04.528+0000] {dagbag.py:540} INFO - Filling up the DagBag from /home/airflow/.local/lib/python3.12/site-packages/airflow/example_dags/example_dynamic_task_mapping.py
[2024-04-10T00:45:04.604+0000] {processor.py:840} INFO - DAG(s) 'example_dynamic_task_mapping' retrieved from /home/airflow/.local/lib/python3.12/site-packages/airflow/example_dags/example_dynamic_task_mapping.py
[2024-04-10T00:45:04.801+0000] {logging_mixin.py:188} INFO - [2024-04-10T00:45:04.800+0000] {dag.py:3096} INFO - Sync 1 DAGs
[2024-04-10T00:45:04.924+0000] {logging_mixin.py:188} INFO - [2024-04-10T00:45:04.923+0000] {dag.py:3954} INFO - Setting next_dagrun for example_dynamic_task_mapping to 2022-03-04 00:00:00+00:00, run_after=2022-03-05 00:00:00+00:00
[2024-04-10T00:45:05.025+0000] {processor.py:183} INFO - Processing /home/airflow/.local/lib/python3.12/site-packages/airflow/example_dags/example_dynamic_task_mapping.py took 0.548 seconds
[2024-04-10T00:45:36.412+0000] {processor.py:161} INFO - Started process (PID=723) to work on /home/airflow/.local/lib/python3.12/site-packages/airflow/example_dags/example_dynamic_task_mapping.py
[2024-04-10T00:45:36.420+0000] {processor.py:830} INFO - Processing file /home/airflow/.local/lib/python3.12/site-packages/airflow/example_dags/example_dynamic_task_mapping.py for tasks to queue
[2024-04-10T00:45:36.442+0000] {logging_mixin.py:188} INFO - [2024-04-10T00:45:36.440+0000] {dagbag.py:540} INFO - Filling up the DagBag from /home/airflow/.local/lib/python3.12/site-packages/airflow/example_dags/example_dynamic_task_mapping.py
[2024-04-10T00:45:36.501+0000] {processor.py:840} INFO - DAG(s) 'example_dynamic_task_mapping' retrieved from /home/airflow/.local/lib/python3.12/site-packages/airflow/example_dags/example_dynamic_task_mapping.py
[2024-04-10T00:45:36.636+0000] {logging_mixin.py:188} INFO - [2024-04-10T00:45:36.635+0000] {dag.py:3096} INFO - Sync 1 DAGs
[2024-04-10T00:45:36.703+0000] {logging_mixin.py:188} INFO - [2024-04-10T00:45:36.702+0000] {dag.py:3954} INFO - Setting next_dagrun for example_dynamic_task_mapping to 2022-03-04 00:00:00+00:00, run_after=2022-03-05 00:00:00+00:00
[2024-04-10T00:45:36.759+0000] {processor.py:183} INFO - Processing /home/airflow/.local/lib/python3.12/site-packages/airflow/example_dags/example_dynamic_task_mapping.py took 0.368 seconds
[2024-04-10T00:46:07.495+0000] {processor.py:161} INFO - Started process (PID=978) to work on /home/airflow/.local/lib/python3.12/site-packages/airflow/example_dags/example_dynamic_task_mapping.py
[2024-04-10T00:46:08.001+0000] {processor.py:830} INFO - Processing file /home/airflow/.local/lib/python3.12/site-packages/airflow/example_dags/example_dynamic_task_mapping.py for tasks to queue
[2024-04-10T00:46:08.074+0000] {logging_mixin.py:188} INFO - [2024-04-10T00:46:08.062+0000] {dagbag.py:540} INFO - Filling up the DagBag from /home/airflow/.local/lib/python3.12/site-packages/airflow/example_dags/example_dynamic_task_mapping.py
[2024-04-10T00:46:08.484+0000] {processor.py:840} INFO - DAG(s) 'example_dynamic_task_mapping' retrieved from /home/airflow/.local/lib/python3.12/site-packages/airflow/example_dags/example_dynamic_task_mapping.py
[2024-04-10T00:46:09.531+0000] {logging_mixin.py:188} INFO - [2024-04-10T00:46:09.514+0000] {dag.py:3096} INFO - Sync 1 DAGs
[2024-04-10T00:46:11.100+0000] {logging_mixin.py:188} INFO - [2024-04-10T00:46:11.099+0000] {dag.py:3954} INFO - Setting next_dagrun for example_dynamic_task_mapping to 2022-03-04 00:00:00+00:00, run_after=2022-03-05 00:00:00+00:00
[2024-04-10T00:46:11.532+0000] {processor.py:183} INFO - Processing /home/airflow/.local/lib/python3.12/site-packages/airflow/example_dags/example_dynamic_task_mapping.py took 4.208 seconds
[2024-04-10T00:46:42.182+0000] {processor.py:161} INFO - Started process (PID=1242) to work on /home/airflow/.local/lib/python3.12/site-packages/airflow/example_dags/example_dynamic_task_mapping.py
[2024-04-10T00:46:42.200+0000] {processor.py:830} INFO - Processing file /home/airflow/.local/lib/python3.12/site-packages/airflow/example_dags/example_dynamic_task_mapping.py for tasks to queue
[2024-04-10T00:46:42.242+0000] {logging_mixin.py:188} INFO - [2024-04-10T00:46:42.220+0000] {dagbag.py:540} INFO - Filling up the DagBag from /home/airflow/.local/lib/python3.12/site-packages/airflow/example_dags/example_dynamic_task_mapping.py
[2024-04-10T00:46:42.332+0000] {processor.py:840} INFO - DAG(s) 'example_dynamic_task_mapping' retrieved from /home/airflow/.local/lib/python3.12/site-packages/airflow/example_dags/example_dynamic_task_mapping.py
[2024-04-10T00:46:42.745+0000] {logging_mixin.py:188} INFO - [2024-04-10T00:46:42.743+0000] {dag.py:3096} INFO - Sync 1 DAGs
[2024-04-10T00:46:43.182+0000] {logging_mixin.py:188} INFO - [2024-04-10T00:46:43.181+0000] {dag.py:3954} INFO - Setting next_dagrun for example_dynamic_task_mapping to 2022-03-04 00:00:00+00:00, run_after=2022-03-05 00:00:00+00:00
[2024-04-10T00:46:43.318+0000] {processor.py:183} INFO - Processing /home/airflow/.local/lib/python3.12/site-packages/airflow/example_dags/example_dynamic_task_mapping.py took 1.282 seconds
[2024-04-10T00:47:14.670+0000] {processor.py:161} INFO - Started process (PID=1504) to work on /home/airflow/.local/lib/python3.12/site-packages/airflow/example_dags/example_dynamic_task_mapping.py
[2024-04-10T00:47:14.702+0000] {processor.py:830} INFO - Processing file /home/airflow/.local/lib/python3.12/site-packages/airflow/example_dags/example_dynamic_task_mapping.py for tasks to queue
[2024-04-10T00:47:14.740+0000] {logging_mixin.py:188} INFO - [2024-04-10T00:47:14.736+0000] {dagbag.py:540} INFO - Filling up the DagBag from /home/airflow/.local/lib/python3.12/site-packages/airflow/example_dags/example_dynamic_task_mapping.py
[2024-04-10T00:47:14.844+0000] {processor.py:840} INFO - DAG(s) 'example_dynamic_task_mapping' retrieved from /home/airflow/.local/lib/python3.12/site-packages/airflow/example_dags/example_dynamic_task_mapping.py
[2024-04-10T00:47:15.203+0000] {logging_mixin.py:188} INFO - [2024-04-10T00:47:15.202+0000] {dag.py:3096} INFO - Sync 1 DAGs
[2024-04-10T00:47:15.527+0000] {logging_mixin.py:188} INFO - [2024-04-10T00:47:15.524+0000] {dag.py:3954} INFO - Setting next_dagrun for example_dynamic_task_mapping to 2022-03-04 00:00:00+00:00, run_after=2022-03-05 00:00:00+00:00
[2024-04-10T00:47:15.887+0000] {processor.py:183} INFO - Processing /home/airflow/.local/lib/python3.12/site-packages/airflow/example_dags/example_dynamic_task_mapping.py took 1.304 seconds
[2024-04-10T00:47:49.857+0000] {processor.py:161} INFO - Started process (PID=1764) to work on /home/airflow/.local/lib/python3.12/site-packages/airflow/example_dags/example_dynamic_task_mapping.py
[2024-04-10T00:47:49.859+0000] {processor.py:830} INFO - Processing file /home/airflow/.local/lib/python3.12/site-packages/airflow/example_dags/example_dynamic_task_mapping.py for tasks to queue
[2024-04-10T00:47:49.866+0000] {logging_mixin.py:188} INFO - [2024-04-10T00:47:49.865+0000] {dagbag.py:540} INFO - Filling up the DagBag from /home/airflow/.local/lib/python3.12/site-packages/airflow/example_dags/example_dynamic_task_mapping.py
[2024-04-10T00:47:49.889+0000] {processor.py:840} INFO - DAG(s) 'example_dynamic_task_mapping' retrieved from /home/airflow/.local/lib/python3.12/site-packages/airflow/example_dags/example_dynamic_task_mapping.py
[2024-04-10T00:47:50.059+0000] {logging_mixin.py:188} INFO - [2024-04-10T00:47:50.058+0000] {dag.py:3096} INFO - Sync 1 DAGs
[2024-04-10T00:47:50.145+0000] {logging_mixin.py:188} INFO - [2024-04-10T00:47:50.145+0000] {dag.py:3954} INFO - Setting next_dagrun for example_dynamic_task_mapping to 2022-03-04 00:00:00+00:00, run_after=2022-03-05 00:00:00+00:00
[2024-04-10T00:47:50.234+0000] {processor.py:183} INFO - Processing /home/airflow/.local/lib/python3.12/site-packages/airflow/example_dags/example_dynamic_task_mapping.py took 0.390 seconds
