[2024-04-10T00:44:34.399+0000] {processor.py:161} INFO - Started process (PID=224) to work on /home/airflow/.local/lib/python3.12/site-packages/airflow/example_dags/example_kubernetes_executor.py
[2024-04-10T00:44:34.401+0000] {processor.py:830} INFO - Processing file /home/airflow/.local/lib/python3.12/site-packages/airflow/example_dags/example_kubernetes_executor.py for tasks to queue
[2024-04-10T00:44:34.404+0000] {logging_mixin.py:188} INFO - [2024-04-10T00:44:34.403+0000] {dagbag.py:540} INFO - Filling up the DagBag from /home/airflow/.local/lib/python3.12/site-packages/airflow/example_dags/example_kubernetes_executor.py
[2024-04-10T00:44:34.430+0000] {processor.py:840} INFO - DAG(s) 'example_kubernetes_executor' retrieved from /home/airflow/.local/lib/python3.12/site-packages/airflow/example_dags/example_kubernetes_executor.py
[2024-04-10T00:44:34.764+0000] {logging_mixin.py:188} INFO - [2024-04-10T00:44:34.763+0000] {override.py:1829} INFO - Created Permission View: can edit on DAG:example_kubernetes_executor
[2024-04-10T00:44:34.783+0000] {logging_mixin.py:188} INFO - [2024-04-10T00:44:34.782+0000] {override.py:1829} INFO - Created Permission View: can read on DAG:example_kubernetes_executor
[2024-04-10T00:44:34.794+0000] {logging_mixin.py:188} INFO - [2024-04-10T00:44:34.794+0000] {override.py:1829} INFO - Created Permission View: can delete on DAG:example_kubernetes_executor
[2024-04-10T00:44:34.796+0000] {logging_mixin.py:188} INFO - [2024-04-10T00:44:34.795+0000] {dag.py:3096} INFO - Sync 1 DAGs
[2024-04-10T00:44:34.821+0000] {logging_mixin.py:188} INFO - [2024-04-10T00:44:34.821+0000] {dag.py:3118} INFO - Creating ORM DAG for example_kubernetes_executor
[2024-04-10T00:44:34.823+0000] {logging_mixin.py:188} INFO - [2024-04-10T00:44:34.823+0000] {dag.py:3954} INFO - Setting next_dagrun for example_kubernetes_executor to None, run_after=None
[2024-04-10T00:44:34.851+0000] {processor.py:183} INFO - Processing /home/airflow/.local/lib/python3.12/site-packages/airflow/example_dags/example_kubernetes_executor.py took 0.459 seconds
[2024-04-10T00:45:06.169+0000] {processor.py:161} INFO - Started process (PID=486) to work on /home/airflow/.local/lib/python3.12/site-packages/airflow/example_dags/example_kubernetes_executor.py
[2024-04-10T00:45:06.271+0000] {processor.py:830} INFO - Processing file /home/airflow/.local/lib/python3.12/site-packages/airflow/example_dags/example_kubernetes_executor.py for tasks to queue
[2024-04-10T00:45:06.418+0000] {logging_mixin.py:188} INFO - [2024-04-10T00:45:06.405+0000] {dagbag.py:540} INFO - Filling up the DagBag from /home/airflow/.local/lib/python3.12/site-packages/airflow/example_dags/example_kubernetes_executor.py
[2024-04-10T00:45:06.742+0000] {processor.py:840} INFO - DAG(s) 'example_kubernetes_executor' retrieved from /home/airflow/.local/lib/python3.12/site-packages/airflow/example_dags/example_kubernetes_executor.py
[2024-04-10T00:45:07.039+0000] {logging_mixin.py:188} INFO - [2024-04-10T00:45:07.038+0000] {dag.py:3096} INFO - Sync 1 DAGs
[2024-04-10T00:45:07.089+0000] {logging_mixin.py:188} INFO - [2024-04-10T00:45:07.088+0000] {dag.py:3954} INFO - Setting next_dagrun for example_kubernetes_executor to None, run_after=None
[2024-04-10T00:45:07.188+0000] {processor.py:183} INFO - Processing /home/airflow/.local/lib/python3.12/site-packages/airflow/example_dags/example_kubernetes_executor.py took 1.108 seconds
[2024-04-10T00:45:38.560+0000] {processor.py:161} INFO - Started process (PID=748) to work on /home/airflow/.local/lib/python3.12/site-packages/airflow/example_dags/example_kubernetes_executor.py
[2024-04-10T00:45:38.569+0000] {processor.py:830} INFO - Processing file /home/airflow/.local/lib/python3.12/site-packages/airflow/example_dags/example_kubernetes_executor.py for tasks to queue
[2024-04-10T00:45:38.580+0000] {logging_mixin.py:188} INFO - [2024-04-10T00:45:38.578+0000] {dagbag.py:540} INFO - Filling up the DagBag from /home/airflow/.local/lib/python3.12/site-packages/airflow/example_dags/example_kubernetes_executor.py
[2024-04-10T00:45:38.709+0000] {processor.py:840} INFO - DAG(s) 'example_kubernetes_executor' retrieved from /home/airflow/.local/lib/python3.12/site-packages/airflow/example_dags/example_kubernetes_executor.py
[2024-04-10T00:45:39.448+0000] {logging_mixin.py:188} INFO - [2024-04-10T00:45:39.445+0000] {dag.py:3096} INFO - Sync 1 DAGs
[2024-04-10T00:45:39.705+0000] {logging_mixin.py:188} INFO - [2024-04-10T00:45:39.693+0000] {dag.py:3954} INFO - Setting next_dagrun for example_kubernetes_executor to None, run_after=None
[2024-04-10T00:45:40.547+0000] {processor.py:183} INFO - Processing /home/airflow/.local/lib/python3.12/site-packages/airflow/example_dags/example_kubernetes_executor.py took 2.010 seconds
[2024-04-10T00:46:18.207+0000] {processor.py:161} INFO - Started process (PID=1009) to work on /home/airflow/.local/lib/python3.12/site-packages/airflow/example_dags/example_kubernetes_executor.py
[2024-04-10T00:46:18.246+0000] {processor.py:830} INFO - Processing file /home/airflow/.local/lib/python3.12/site-packages/airflow/example_dags/example_kubernetes_executor.py for tasks to queue
[2024-04-10T00:46:18.374+0000] {logging_mixin.py:188} INFO - [2024-04-10T00:46:18.368+0000] {dagbag.py:540} INFO - Filling up the DagBag from /home/airflow/.local/lib/python3.12/site-packages/airflow/example_dags/example_kubernetes_executor.py
[2024-04-10T00:46:19.125+0000] {processor.py:840} INFO - DAG(s) 'example_kubernetes_executor' retrieved from /home/airflow/.local/lib/python3.12/site-packages/airflow/example_dags/example_kubernetes_executor.py
[2024-04-10T00:46:19.620+0000] {logging_mixin.py:188} INFO - [2024-04-10T00:46:19.619+0000] {dag.py:3096} INFO - Sync 1 DAGs
[2024-04-10T00:46:19.690+0000] {logging_mixin.py:188} INFO - [2024-04-10T00:46:19.689+0000] {dag.py:3954} INFO - Setting next_dagrun for example_kubernetes_executor to None, run_after=None
[2024-04-10T00:46:19.793+0000] {processor.py:183} INFO - Processing /home/airflow/.local/lib/python3.12/site-packages/airflow/example_dags/example_kubernetes_executor.py took 1.637 seconds
[2024-04-10T00:46:51.839+0000] {processor.py:161} INFO - Started process (PID=1267) to work on /home/airflow/.local/lib/python3.12/site-packages/airflow/example_dags/example_kubernetes_executor.py
[2024-04-10T00:46:51.923+0000] {processor.py:830} INFO - Processing file /home/airflow/.local/lib/python3.12/site-packages/airflow/example_dags/example_kubernetes_executor.py for tasks to queue
[2024-04-10T00:46:52.110+0000] {logging_mixin.py:188} INFO - [2024-04-10T00:46:52.083+0000] {dagbag.py:540} INFO - Filling up the DagBag from /home/airflow/.local/lib/python3.12/site-packages/airflow/example_dags/example_kubernetes_executor.py
[2024-04-10T00:46:52.649+0000] {processor.py:840} INFO - DAG(s) 'example_kubernetes_executor' retrieved from /home/airflow/.local/lib/python3.12/site-packages/airflow/example_dags/example_kubernetes_executor.py
[2024-04-10T00:46:53.632+0000] {logging_mixin.py:188} INFO - [2024-04-10T00:46:53.628+0000] {dag.py:3096} INFO - Sync 1 DAGs
[2024-04-10T00:46:53.809+0000] {logging_mixin.py:188} INFO - [2024-04-10T00:46:53.808+0000] {dag.py:3954} INFO - Setting next_dagrun for example_kubernetes_executor to None, run_after=None
[2024-04-10T00:46:54.030+0000] {processor.py:183} INFO - Processing /home/airflow/.local/lib/python3.12/site-packages/airflow/example_dags/example_kubernetes_executor.py took 2.848 seconds
[2024-04-10T00:47:24.820+0000] {processor.py:161} INFO - Started process (PID=1532) to work on /home/airflow/.local/lib/python3.12/site-packages/airflow/example_dags/example_kubernetes_executor.py
[2024-04-10T00:47:24.827+0000] {processor.py:830} INFO - Processing file /home/airflow/.local/lib/python3.12/site-packages/airflow/example_dags/example_kubernetes_executor.py for tasks to queue
[2024-04-10T00:47:24.836+0000] {logging_mixin.py:188} INFO - [2024-04-10T00:47:24.833+0000] {dagbag.py:540} INFO - Filling up the DagBag from /home/airflow/.local/lib/python3.12/site-packages/airflow/example_dags/example_kubernetes_executor.py
[2024-04-10T00:47:25.162+0000] {processor.py:840} INFO - DAG(s) 'example_kubernetes_executor' retrieved from /home/airflow/.local/lib/python3.12/site-packages/airflow/example_dags/example_kubernetes_executor.py
[2024-04-10T00:47:26.199+0000] {logging_mixin.py:188} INFO - [2024-04-10T00:47:26.198+0000] {dag.py:3096} INFO - Sync 1 DAGs
[2024-04-10T00:47:26.446+0000] {logging_mixin.py:188} INFO - [2024-04-10T00:47:26.445+0000] {dag.py:3954} INFO - Setting next_dagrun for example_kubernetes_executor to None, run_after=None
[2024-04-10T00:47:26.553+0000] {processor.py:183} INFO - Processing /home/airflow/.local/lib/python3.12/site-packages/airflow/example_dags/example_kubernetes_executor.py took 1.802 seconds
[2024-04-10T00:47:56.813+0000] {processor.py:161} INFO - Started process (PID=1794) to work on /home/airflow/.local/lib/python3.12/site-packages/airflow/example_dags/example_kubernetes_executor.py
[2024-04-10T00:47:56.821+0000] {processor.py:830} INFO - Processing file /home/airflow/.local/lib/python3.12/site-packages/airflow/example_dags/example_kubernetes_executor.py for tasks to queue
[2024-04-10T00:47:56.848+0000] {logging_mixin.py:188} INFO - [2024-04-10T00:47:56.847+0000] {dagbag.py:540} INFO - Filling up the DagBag from /home/airflow/.local/lib/python3.12/site-packages/airflow/example_dags/example_kubernetes_executor.py
[2024-04-10T00:47:57.428+0000] {processor.py:840} INFO - DAG(s) 'example_kubernetes_executor' retrieved from /home/airflow/.local/lib/python3.12/site-packages/airflow/example_dags/example_kubernetes_executor.py
[2024-04-10T00:47:58.492+0000] {logging_mixin.py:188} INFO - [2024-04-10T00:47:58.490+0000] {dag.py:3096} INFO - Sync 1 DAGs
[2024-04-10T00:47:58.526+0000] {logging_mixin.py:188} INFO - [2024-04-10T00:47:58.525+0000] {dag.py:3954} INFO - Setting next_dagrun for example_kubernetes_executor to None, run_after=None
[2024-04-10T00:47:58.574+0000] {processor.py:183} INFO - Processing /home/airflow/.local/lib/python3.12/site-packages/airflow/example_dags/example_kubernetes_executor.py took 1.836 seconds
