[2024-04-10T00:44:37.143+0000] {processor.py:161} INFO - Started process (PID=269) to work on /home/airflow/.local/lib/python3.12/site-packages/airflow/example_dags/example_latest_only.py
[2024-04-10T00:44:37.146+0000] {processor.py:830} INFO - Processing file /home/airflow/.local/lib/python3.12/site-packages/airflow/example_dags/example_latest_only.py for tasks to queue
[2024-04-10T00:44:37.149+0000] {logging_mixin.py:188} INFO - [2024-04-10T00:44:37.149+0000] {dagbag.py:540} INFO - Filling up the DagBag from /home/airflow/.local/lib/python3.12/site-packages/airflow/example_dags/example_latest_only.py
[2024-04-10T00:44:37.163+0000] {processor.py:840} INFO - DAG(s) 'latest_only' retrieved from /home/airflow/.local/lib/python3.12/site-packages/airflow/example_dags/example_latest_only.py
[2024-04-10T00:44:37.409+0000] {logging_mixin.py:188} INFO - [2024-04-10T00:44:37.408+0000] {override.py:1829} INFO - Created Permission View: can edit on DAG:latest_only
[2024-04-10T00:44:37.424+0000] {logging_mixin.py:188} INFO - [2024-04-10T00:44:37.424+0000] {override.py:1829} INFO - Created Permission View: can read on DAG:latest_only
[2024-04-10T00:44:37.433+0000] {logging_mixin.py:188} INFO - [2024-04-10T00:44:37.432+0000] {override.py:1829} INFO - Created Permission View: can delete on DAG:latest_only
[2024-04-10T00:44:37.434+0000] {logging_mixin.py:188} INFO - [2024-04-10T00:44:37.433+0000] {dag.py:3096} INFO - Sync 1 DAGs
[2024-04-10T00:44:37.452+0000] {logging_mixin.py:188} INFO - [2024-04-10T00:44:37.451+0000] {dag.py:3118} INFO - Creating ORM DAG for latest_only
[2024-04-10T00:44:37.478+0000] {logging_mixin.py:188} INFO - [2024-04-10T00:44:37.477+0000] {dag.py:3954} INFO - Setting next_dagrun for latest_only to 2024-04-09 20:00:00+00:00, run_after=2024-04-10 00:00:00+00:00
[2024-04-10T00:44:37.513+0000] {processor.py:183} INFO - Processing /home/airflow/.local/lib/python3.12/site-packages/airflow/example_dags/example_latest_only.py took 0.379 seconds
[2024-04-10T00:45:09.944+0000] {processor.py:161} INFO - Started process (PID=531) to work on /home/airflow/.local/lib/python3.12/site-packages/airflow/example_dags/example_latest_only.py
[2024-04-10T00:45:09.953+0000] {processor.py:830} INFO - Processing file /home/airflow/.local/lib/python3.12/site-packages/airflow/example_dags/example_latest_only.py for tasks to queue
[2024-04-10T00:45:09.994+0000] {logging_mixin.py:188} INFO - [2024-04-10T00:45:09.991+0000] {dagbag.py:540} INFO - Filling up the DagBag from /home/airflow/.local/lib/python3.12/site-packages/airflow/example_dags/example_latest_only.py
[2024-04-10T00:45:10.022+0000] {processor.py:840} INFO - DAG(s) 'latest_only' retrieved from /home/airflow/.local/lib/python3.12/site-packages/airflow/example_dags/example_latest_only.py
[2024-04-10T00:45:10.128+0000] {logging_mixin.py:188} INFO - [2024-04-10T00:45:10.127+0000] {dag.py:3096} INFO - Sync 1 DAGs
[2024-04-10T00:45:10.204+0000] {logging_mixin.py:188} INFO - [2024-04-10T00:45:10.204+0000] {dag.py:3954} INFO - Setting next_dagrun for latest_only to 2024-04-09 20:00:00+00:00, run_after=2024-04-10 00:00:00+00:00
[2024-04-10T00:45:10.280+0000] {processor.py:183} INFO - Processing /home/airflow/.local/lib/python3.12/site-packages/airflow/example_dags/example_latest_only.py took 0.420 seconds
[2024-04-10T00:45:43.608+0000] {processor.py:161} INFO - Started process (PID=793) to work on /home/airflow/.local/lib/python3.12/site-packages/airflow/example_dags/example_latest_only.py
[2024-04-10T00:45:43.612+0000] {processor.py:830} INFO - Processing file /home/airflow/.local/lib/python3.12/site-packages/airflow/example_dags/example_latest_only.py for tasks to queue
[2024-04-10T00:45:43.628+0000] {logging_mixin.py:188} INFO - [2024-04-10T00:45:43.622+0000] {dagbag.py:540} INFO - Filling up the DagBag from /home/airflow/.local/lib/python3.12/site-packages/airflow/example_dags/example_latest_only.py
[2024-04-10T00:45:43.698+0000] {processor.py:840} INFO - DAG(s) 'latest_only' retrieved from /home/airflow/.local/lib/python3.12/site-packages/airflow/example_dags/example_latest_only.py
[2024-04-10T00:45:43.981+0000] {logging_mixin.py:188} INFO - [2024-04-10T00:45:43.972+0000] {dag.py:3096} INFO - Sync 1 DAGs
[2024-04-10T00:45:44.270+0000] {logging_mixin.py:188} INFO - [2024-04-10T00:45:44.269+0000] {dag.py:3954} INFO - Setting next_dagrun for latest_only to 2024-04-09 20:00:00+00:00, run_after=2024-04-10 00:00:00+00:00
[2024-04-10T00:45:44.423+0000] {processor.py:183} INFO - Processing /home/airflow/.local/lib/python3.12/site-packages/airflow/example_dags/example_latest_only.py took 0.846 seconds
[2024-04-10T00:46:22.721+0000] {processor.py:161} INFO - Started process (PID=1054) to work on /home/airflow/.local/lib/python3.12/site-packages/airflow/example_dags/example_latest_only.py
[2024-04-10T00:46:22.723+0000] {processor.py:830} INFO - Processing file /home/airflow/.local/lib/python3.12/site-packages/airflow/example_dags/example_latest_only.py for tasks to queue
[2024-04-10T00:46:22.736+0000] {logging_mixin.py:188} INFO - [2024-04-10T00:46:22.735+0000] {dagbag.py:540} INFO - Filling up the DagBag from /home/airflow/.local/lib/python3.12/site-packages/airflow/example_dags/example_latest_only.py
[2024-04-10T00:46:22.753+0000] {processor.py:840} INFO - DAG(s) 'latest_only' retrieved from /home/airflow/.local/lib/python3.12/site-packages/airflow/example_dags/example_latest_only.py
[2024-04-10T00:46:22.779+0000] {logging_mixin.py:188} INFO - [2024-04-10T00:46:22.778+0000] {dag.py:3096} INFO - Sync 1 DAGs
[2024-04-10T00:46:22.825+0000] {logging_mixin.py:188} INFO - [2024-04-10T00:46:22.824+0000] {dag.py:3954} INFO - Setting next_dagrun for latest_only to 2024-04-09 20:00:00+00:00, run_after=2024-04-10 00:00:00+00:00
[2024-04-10T00:46:22.854+0000] {processor.py:183} INFO - Processing /home/airflow/.local/lib/python3.12/site-packages/airflow/example_dags/example_latest_only.py took 0.141 seconds
[2024-04-10T00:46:55.858+0000] {processor.py:161} INFO - Started process (PID=1310) to work on /home/airflow/.local/lib/python3.12/site-packages/airflow/example_dags/example_latest_only.py
[2024-04-10T00:46:55.860+0000] {processor.py:830} INFO - Processing file /home/airflow/.local/lib/python3.12/site-packages/airflow/example_dags/example_latest_only.py for tasks to queue
[2024-04-10T00:46:55.863+0000] {logging_mixin.py:188} INFO - [2024-04-10T00:46:55.863+0000] {dagbag.py:540} INFO - Filling up the DagBag from /home/airflow/.local/lib/python3.12/site-packages/airflow/example_dags/example_latest_only.py
[2024-04-10T00:46:55.871+0000] {processor.py:840} INFO - DAG(s) 'latest_only' retrieved from /home/airflow/.local/lib/python3.12/site-packages/airflow/example_dags/example_latest_only.py
[2024-04-10T00:46:55.907+0000] {logging_mixin.py:188} INFO - [2024-04-10T00:46:55.907+0000] {dag.py:3096} INFO - Sync 1 DAGs
[2024-04-10T00:46:55.936+0000] {logging_mixin.py:188} INFO - [2024-04-10T00:46:55.936+0000] {dag.py:3954} INFO - Setting next_dagrun for latest_only to 2024-04-09 20:00:00+00:00, run_after=2024-04-10 00:00:00+00:00
[2024-04-10T00:46:55.988+0000] {processor.py:183} INFO - Processing /home/airflow/.local/lib/python3.12/site-packages/airflow/example_dags/example_latest_only.py took 0.139 seconds
[2024-04-10T00:47:30.424+0000] {processor.py:161} INFO - Started process (PID=1572) to work on /home/airflow/.local/lib/python3.12/site-packages/airflow/example_dags/example_latest_only.py
[2024-04-10T00:47:30.428+0000] {processor.py:830} INFO - Processing file /home/airflow/.local/lib/python3.12/site-packages/airflow/example_dags/example_latest_only.py for tasks to queue
[2024-04-10T00:47:30.430+0000] {logging_mixin.py:188} INFO - [2024-04-10T00:47:30.430+0000] {dagbag.py:540} INFO - Filling up the DagBag from /home/airflow/.local/lib/python3.12/site-packages/airflow/example_dags/example_latest_only.py
[2024-04-10T00:47:30.442+0000] {processor.py:840} INFO - DAG(s) 'latest_only' retrieved from /home/airflow/.local/lib/python3.12/site-packages/airflow/example_dags/example_latest_only.py
[2024-04-10T00:47:31.258+0000] {logging_mixin.py:188} INFO - [2024-04-10T00:47:31.257+0000] {dag.py:3096} INFO - Sync 1 DAGs
[2024-04-10T00:47:31.916+0000] {logging_mixin.py:188} INFO - [2024-04-10T00:47:31.915+0000] {dag.py:3954} INFO - Setting next_dagrun for latest_only to 2024-04-09 20:00:00+00:00, run_after=2024-04-10 00:00:00+00:00
[2024-04-10T00:47:32.774+0000] {processor.py:183} INFO - Processing /home/airflow/.local/lib/python3.12/site-packages/airflow/example_dags/example_latest_only.py took 2.355 seconds
[2024-04-10T00:48:03.711+0000] {processor.py:161} INFO - Started process (PID=1834) to work on /home/airflow/.local/lib/python3.12/site-packages/airflow/example_dags/example_latest_only.py
[2024-04-10T00:48:03.716+0000] {processor.py:830} INFO - Processing file /home/airflow/.local/lib/python3.12/site-packages/airflow/example_dags/example_latest_only.py for tasks to queue
[2024-04-10T00:48:03.744+0000] {logging_mixin.py:188} INFO - [2024-04-10T00:48:03.741+0000] {dagbag.py:540} INFO - Filling up the DagBag from /home/airflow/.local/lib/python3.12/site-packages/airflow/example_dags/example_latest_only.py
[2024-04-10T00:48:03.830+0000] {processor.py:840} INFO - DAG(s) 'latest_only' retrieved from /home/airflow/.local/lib/python3.12/site-packages/airflow/example_dags/example_latest_only.py
[2024-04-10T00:48:03.881+0000] {logging_mixin.py:188} INFO - [2024-04-10T00:48:03.881+0000] {dag.py:3096} INFO - Sync 1 DAGs
[2024-04-10T00:48:03.952+0000] {logging_mixin.py:188} INFO - [2024-04-10T00:48:03.952+0000] {dag.py:3954} INFO - Setting next_dagrun for latest_only to 2024-04-09 20:00:00+00:00, run_after=2024-04-10 00:00:00+00:00
[2024-04-10T00:48:04.022+0000] {processor.py:183} INFO - Processing /home/airflow/.local/lib/python3.12/site-packages/airflow/example_dags/example_latest_only.py took 0.391 seconds
