[2024-04-10T00:44:39.254+0000] {processor.py:161} INFO - Started process (PID=304) to work on /home/airflow/.local/lib/python3.12/site-packages/airflow/example_dags/example_branch_datetime_operator.py
[2024-04-10T00:44:39.257+0000] {processor.py:830} INFO - Processing file /home/airflow/.local/lib/python3.12/site-packages/airflow/example_dags/example_branch_datetime_operator.py for tasks to queue
[2024-04-10T00:44:39.263+0000] {logging_mixin.py:188} INFO - [2024-04-10T00:44:39.261+0000] {dagbag.py:540} INFO - Filling up the DagBag from /home/airflow/.local/lib/python3.12/site-packages/airflow/example_dags/example_branch_datetime_operator.py
[2024-04-10T00:44:39.375+0000] {processor.py:840} INFO - DAG(s) 'example_branch_datetime_operator_3', 'example_branch_datetime_operator_2', 'example_branch_datetime_operator' retrieved from /home/airflow/.local/lib/python3.12/site-packages/airflow/example_dags/example_branch_datetime_operator.py
[2024-04-10T00:44:40.373+0000] {logging_mixin.py:188} INFO - [2024-04-10T00:44:40.369+0000] {override.py:1829} INFO - Created Permission View: can edit on DAG:example_branch_datetime_operator_3
[2024-04-10T00:44:40.387+0000] {logging_mixin.py:188} INFO - [2024-04-10T00:44:40.386+0000] {override.py:1829} INFO - Created Permission View: can read on DAG:example_branch_datetime_operator_3
[2024-04-10T00:44:40.397+0000] {logging_mixin.py:188} INFO - [2024-04-10T00:44:40.396+0000] {override.py:1829} INFO - Created Permission View: can delete on DAG:example_branch_datetime_operator_3
[2024-04-10T00:44:40.428+0000] {logging_mixin.py:188} INFO - [2024-04-10T00:44:40.427+0000] {override.py:1829} INFO - Created Permission View: can edit on DAG:example_branch_datetime_operator_2
[2024-04-10T00:44:40.441+0000] {logging_mixin.py:188} INFO - [2024-04-10T00:44:40.440+0000] {override.py:1829} INFO - Created Permission View: can read on DAG:example_branch_datetime_operator_2
[2024-04-10T00:44:40.466+0000] {logging_mixin.py:188} INFO - [2024-04-10T00:44:40.465+0000] {override.py:1829} INFO - Created Permission View: can delete on DAG:example_branch_datetime_operator_2
[2024-04-10T00:44:40.494+0000] {logging_mixin.py:188} INFO - [2024-04-10T00:44:40.493+0000] {override.py:1829} INFO - Created Permission View: can edit on DAG:example_branch_datetime_operator
[2024-04-10T00:44:40.522+0000] {logging_mixin.py:188} INFO - [2024-04-10T00:44:40.521+0000] {override.py:1829} INFO - Created Permission View: can read on DAG:example_branch_datetime_operator
[2024-04-10T00:44:40.540+0000] {logging_mixin.py:188} INFO - [2024-04-10T00:44:40.540+0000] {override.py:1829} INFO - Created Permission View: can delete on DAG:example_branch_datetime_operator
[2024-04-10T00:44:40.542+0000] {logging_mixin.py:188} INFO - [2024-04-10T00:44:40.542+0000] {dag.py:3096} INFO - Sync 3 DAGs
[2024-04-10T00:44:40.568+0000] {logging_mixin.py:188} INFO - [2024-04-10T00:44:40.568+0000] {dag.py:3118} INFO - Creating ORM DAG for example_branch_datetime_operator_2
[2024-04-10T00:44:40.569+0000] {logging_mixin.py:188} INFO - [2024-04-10T00:44:40.569+0000] {dag.py:3118} INFO - Creating ORM DAG for example_branch_datetime_operator_3
[2024-04-10T00:44:40.571+0000] {logging_mixin.py:188} INFO - [2024-04-10T00:44:40.570+0000] {dag.py:3118} INFO - Creating ORM DAG for example_branch_datetime_operator
[2024-04-10T00:44:40.614+0000] {logging_mixin.py:188} INFO - [2024-04-10T00:44:40.614+0000] {dag.py:3954} INFO - Setting next_dagrun for example_branch_datetime_operator to 2024-04-09 00:00:00+00:00, run_after=2024-04-10 00:00:00+00:00
[2024-04-10T00:44:40.618+0000] {logging_mixin.py:188} INFO - [2024-04-10T00:44:40.618+0000] {dag.py:3954} INFO - Setting next_dagrun for example_branch_datetime_operator_2 to 2024-04-09 00:00:00+00:00, run_after=2024-04-10 00:00:00+00:00
[2024-04-10T00:44:40.622+0000] {logging_mixin.py:188} INFO - [2024-04-10T00:44:40.621+0000] {dag.py:3954} INFO - Setting next_dagrun for example_branch_datetime_operator_3 to 2024-04-09 00:00:00+00:00, run_after=2024-04-10 00:00:00+00:00
[2024-04-10T00:44:40.696+0000] {processor.py:183} INFO - Processing /home/airflow/.local/lib/python3.12/site-packages/airflow/example_dags/example_branch_datetime_operator.py took 1.457 seconds
[2024-04-10T00:45:12.180+0000] {processor.py:161} INFO - Started process (PID=566) to work on /home/airflow/.local/lib/python3.12/site-packages/airflow/example_dags/example_branch_datetime_operator.py
[2024-04-10T00:45:12.191+0000] {processor.py:830} INFO - Processing file /home/airflow/.local/lib/python3.12/site-packages/airflow/example_dags/example_branch_datetime_operator.py for tasks to queue
[2024-04-10T00:45:12.207+0000] {logging_mixin.py:188} INFO - [2024-04-10T00:45:12.205+0000] {dagbag.py:540} INFO - Filling up the DagBag from /home/airflow/.local/lib/python3.12/site-packages/airflow/example_dags/example_branch_datetime_operator.py
[2024-04-10T00:45:12.420+0000] {processor.py:840} INFO - DAG(s) 'example_branch_datetime_operator', 'example_branch_datetime_operator_3', 'example_branch_datetime_operator_2' retrieved from /home/airflow/.local/lib/python3.12/site-packages/airflow/example_dags/example_branch_datetime_operator.py
[2024-04-10T00:45:12.554+0000] {logging_mixin.py:188} INFO - [2024-04-10T00:45:12.553+0000] {dag.py:3096} INFO - Sync 3 DAGs
[2024-04-10T00:45:12.818+0000] {logging_mixin.py:188} INFO - [2024-04-10T00:45:12.817+0000] {dag.py:3954} INFO - Setting next_dagrun for example_branch_datetime_operator to 2024-04-09 00:00:00+00:00, run_after=2024-04-10 00:00:00+00:00
[2024-04-10T00:45:12.830+0000] {logging_mixin.py:188} INFO - [2024-04-10T00:45:12.829+0000] {dag.py:3954} INFO - Setting next_dagrun for example_branch_datetime_operator_2 to 2024-04-09 00:00:00+00:00, run_after=2024-04-10 00:00:00+00:00
[2024-04-10T00:45:12.836+0000] {logging_mixin.py:188} INFO - [2024-04-10T00:45:12.835+0000] {dag.py:3954} INFO - Setting next_dagrun for example_branch_datetime_operator_3 to 2024-04-09 00:00:00+00:00, run_after=2024-04-10 00:00:00+00:00
[2024-04-10T00:45:12.941+0000] {processor.py:183} INFO - Processing /home/airflow/.local/lib/python3.12/site-packages/airflow/example_dags/example_branch_datetime_operator.py took 0.783 seconds
[2024-04-10T00:45:49.741+0000] {processor.py:161} INFO - Started process (PID=830) to work on /home/airflow/.local/lib/python3.12/site-packages/airflow/example_dags/example_branch_datetime_operator.py
[2024-04-10T00:45:49.744+0000] {processor.py:830} INFO - Processing file /home/airflow/.local/lib/python3.12/site-packages/airflow/example_dags/example_branch_datetime_operator.py for tasks to queue
[2024-04-10T00:45:49.747+0000] {logging_mixin.py:188} INFO - [2024-04-10T00:45:49.746+0000] {dagbag.py:540} INFO - Filling up the DagBag from /home/airflow/.local/lib/python3.12/site-packages/airflow/example_dags/example_branch_datetime_operator.py
[2024-04-10T00:45:49.807+0000] {processor.py:840} INFO - DAG(s) 'example_branch_datetime_operator_2', 'example_branch_datetime_operator_3', 'example_branch_datetime_operator' retrieved from /home/airflow/.local/lib/python3.12/site-packages/airflow/example_dags/example_branch_datetime_operator.py
[2024-04-10T00:45:49.864+0000] {logging_mixin.py:188} INFO - [2024-04-10T00:45:49.864+0000] {dag.py:3096} INFO - Sync 3 DAGs
[2024-04-10T00:45:49.923+0000] {logging_mixin.py:188} INFO - [2024-04-10T00:45:49.922+0000] {dag.py:3954} INFO - Setting next_dagrun for example_branch_datetime_operator to 2024-04-09 00:00:00+00:00, run_after=2024-04-10 00:00:00+00:00
[2024-04-10T00:45:49.940+0000] {logging_mixin.py:188} INFO - [2024-04-10T00:45:49.940+0000] {dag.py:3954} INFO - Setting next_dagrun for example_branch_datetime_operator_2 to 2024-04-09 00:00:00+00:00, run_after=2024-04-10 00:00:00+00:00
[2024-04-10T00:45:49.947+0000] {logging_mixin.py:188} INFO - [2024-04-10T00:45:49.947+0000] {dag.py:3954} INFO - Setting next_dagrun for example_branch_datetime_operator_3 to 2024-04-09 00:00:00+00:00, run_after=2024-04-10 00:00:00+00:00
[2024-04-10T00:45:49.971+0000] {processor.py:183} INFO - Processing /home/airflow/.local/lib/python3.12/site-packages/airflow/example_dags/example_branch_datetime_operator.py took 0.239 seconds
[2024-04-10T00:46:23.989+0000] {processor.py:161} INFO - Started process (PID=1089) to work on /home/airflow/.local/lib/python3.12/site-packages/airflow/example_dags/example_branch_datetime_operator.py
[2024-04-10T00:46:23.994+0000] {processor.py:830} INFO - Processing file /home/airflow/.local/lib/python3.12/site-packages/airflow/example_dags/example_branch_datetime_operator.py for tasks to queue
[2024-04-10T00:46:23.999+0000] {logging_mixin.py:188} INFO - [2024-04-10T00:46:23.998+0000] {dagbag.py:540} INFO - Filling up the DagBag from /home/airflow/.local/lib/python3.12/site-packages/airflow/example_dags/example_branch_datetime_operator.py
[2024-04-10T00:46:24.020+0000] {processor.py:840} INFO - DAG(s) 'example_branch_datetime_operator', 'example_branch_datetime_operator_2', 'example_branch_datetime_operator_3' retrieved from /home/airflow/.local/lib/python3.12/site-packages/airflow/example_dags/example_branch_datetime_operator.py
[2024-04-10T00:46:24.053+0000] {logging_mixin.py:188} INFO - [2024-04-10T00:46:24.053+0000] {dag.py:3096} INFO - Sync 3 DAGs
[2024-04-10T00:46:24.080+0000] {logging_mixin.py:188} INFO - [2024-04-10T00:46:24.080+0000] {dag.py:3954} INFO - Setting next_dagrun for example_branch_datetime_operator to 2024-04-09 00:00:00+00:00, run_after=2024-04-10 00:00:00+00:00
[2024-04-10T00:46:24.095+0000] {logging_mixin.py:188} INFO - [2024-04-10T00:46:24.095+0000] {dag.py:3954} INFO - Setting next_dagrun for example_branch_datetime_operator_2 to 2024-04-09 00:00:00+00:00, run_after=2024-04-10 00:00:00+00:00
[2024-04-10T00:46:24.100+0000] {logging_mixin.py:188} INFO - [2024-04-10T00:46:24.100+0000] {dag.py:3954} INFO - Setting next_dagrun for example_branch_datetime_operator_3 to 2024-04-09 00:00:00+00:00, run_after=2024-04-10 00:00:00+00:00
[2024-04-10T00:46:24.125+0000] {processor.py:183} INFO - Processing /home/airflow/.local/lib/python3.12/site-packages/airflow/example_dags/example_branch_datetime_operator.py took 0.143 seconds
[2024-04-10T00:46:57.549+0000] {processor.py:161} INFO - Started process (PID=1345) to work on /home/airflow/.local/lib/python3.12/site-packages/airflow/example_dags/example_branch_datetime_operator.py
[2024-04-10T00:46:57.552+0000] {processor.py:830} INFO - Processing file /home/airflow/.local/lib/python3.12/site-packages/airflow/example_dags/example_branch_datetime_operator.py for tasks to queue
[2024-04-10T00:46:57.555+0000] {logging_mixin.py:188} INFO - [2024-04-10T00:46:57.555+0000] {dagbag.py:540} INFO - Filling up the DagBag from /home/airflow/.local/lib/python3.12/site-packages/airflow/example_dags/example_branch_datetime_operator.py
[2024-04-10T00:46:57.581+0000] {processor.py:840} INFO - DAG(s) 'example_branch_datetime_operator_3', 'example_branch_datetime_operator_2', 'example_branch_datetime_operator' retrieved from /home/airflow/.local/lib/python3.12/site-packages/airflow/example_dags/example_branch_datetime_operator.py
[2024-04-10T00:46:57.663+0000] {logging_mixin.py:188} INFO - [2024-04-10T00:46:57.663+0000] {dag.py:3096} INFO - Sync 3 DAGs
[2024-04-10T00:46:57.722+0000] {logging_mixin.py:188} INFO - [2024-04-10T00:46:57.722+0000] {dag.py:3954} INFO - Setting next_dagrun for example_branch_datetime_operator to 2024-04-09 00:00:00+00:00, run_after=2024-04-10 00:00:00+00:00
[2024-04-10T00:46:57.733+0000] {logging_mixin.py:188} INFO - [2024-04-10T00:46:57.732+0000] {dag.py:3954} INFO - Setting next_dagrun for example_branch_datetime_operator_2 to 2024-04-09 00:00:00+00:00, run_after=2024-04-10 00:00:00+00:00
[2024-04-10T00:46:57.737+0000] {logging_mixin.py:188} INFO - [2024-04-10T00:46:57.736+0000] {dag.py:3954} INFO - Setting next_dagrun for example_branch_datetime_operator_3 to 2024-04-09 00:00:00+00:00, run_after=2024-04-10 00:00:00+00:00
[2024-04-10T00:46:57.794+0000] {processor.py:183} INFO - Processing /home/airflow/.local/lib/python3.12/site-packages/airflow/example_dags/example_branch_datetime_operator.py took 0.264 seconds
[2024-04-10T00:47:33.758+0000] {processor.py:161} INFO - Started process (PID=1607) to work on /home/airflow/.local/lib/python3.12/site-packages/airflow/example_dags/example_branch_datetime_operator.py
[2024-04-10T00:47:33.784+0000] {processor.py:830} INFO - Processing file /home/airflow/.local/lib/python3.12/site-packages/airflow/example_dags/example_branch_datetime_operator.py for tasks to queue
[2024-04-10T00:47:33.786+0000] {logging_mixin.py:188} INFO - [2024-04-10T00:47:33.786+0000] {dagbag.py:540} INFO - Filling up the DagBag from /home/airflow/.local/lib/python3.12/site-packages/airflow/example_dags/example_branch_datetime_operator.py
[2024-04-10T00:47:33.819+0000] {processor.py:840} INFO - DAG(s) 'example_branch_datetime_operator_2', 'example_branch_datetime_operator', 'example_branch_datetime_operator_3' retrieved from /home/airflow/.local/lib/python3.12/site-packages/airflow/example_dags/example_branch_datetime_operator.py
[2024-04-10T00:47:33.861+0000] {logging_mixin.py:188} INFO - [2024-04-10T00:47:33.861+0000] {dag.py:3096} INFO - Sync 3 DAGs
[2024-04-10T00:47:33.886+0000] {logging_mixin.py:188} INFO - [2024-04-10T00:47:33.886+0000] {dag.py:3954} INFO - Setting next_dagrun for example_branch_datetime_operator to 2024-04-09 00:00:00+00:00, run_after=2024-04-10 00:00:00+00:00
[2024-04-10T00:47:33.891+0000] {logging_mixin.py:188} INFO - [2024-04-10T00:47:33.891+0000] {dag.py:3954} INFO - Setting next_dagrun for example_branch_datetime_operator_2 to 2024-04-09 00:00:00+00:00, run_after=2024-04-10 00:00:00+00:00
[2024-04-10T00:47:33.893+0000] {logging_mixin.py:188} INFO - [2024-04-10T00:47:33.893+0000] {dag.py:3954} INFO - Setting next_dagrun for example_branch_datetime_operator_3 to 2024-04-09 00:00:00+00:00, run_after=2024-04-10 00:00:00+00:00
[2024-04-10T00:47:33.909+0000] {processor.py:183} INFO - Processing /home/airflow/.local/lib/python3.12/site-packages/airflow/example_dags/example_branch_datetime_operator.py took 0.157 seconds
[2024-04-10T00:48:04.985+0000] {processor.py:161} INFO - Started process (PID=1864) to work on /home/airflow/.local/lib/python3.12/site-packages/airflow/example_dags/example_branch_datetime_operator.py
[2024-04-10T00:48:04.987+0000] {processor.py:830} INFO - Processing file /home/airflow/.local/lib/python3.12/site-packages/airflow/example_dags/example_branch_datetime_operator.py for tasks to queue
[2024-04-10T00:48:04.990+0000] {logging_mixin.py:188} INFO - [2024-04-10T00:48:04.989+0000] {dagbag.py:540} INFO - Filling up the DagBag from /home/airflow/.local/lib/python3.12/site-packages/airflow/example_dags/example_branch_datetime_operator.py
[2024-04-10T00:48:05.017+0000] {processor.py:840} INFO - DAG(s) 'example_branch_datetime_operator_3', 'example_branch_datetime_operator', 'example_branch_datetime_operator_2' retrieved from /home/airflow/.local/lib/python3.12/site-packages/airflow/example_dags/example_branch_datetime_operator.py
[2024-04-10T00:48:05.161+0000] {logging_mixin.py:188} INFO - [2024-04-10T00:48:05.150+0000] {dag.py:3096} INFO - Sync 3 DAGs
[2024-04-10T00:48:05.236+0000] {logging_mixin.py:188} INFO - [2024-04-10T00:48:05.236+0000] {dag.py:3954} INFO - Setting next_dagrun for example_branch_datetime_operator to 2024-04-09 00:00:00+00:00, run_after=2024-04-10 00:00:00+00:00
[2024-04-10T00:48:05.282+0000] {logging_mixin.py:188} INFO - [2024-04-10T00:48:05.281+0000] {dag.py:3954} INFO - Setting next_dagrun for example_branch_datetime_operator_2 to 2024-04-09 00:00:00+00:00, run_after=2024-04-10 00:00:00+00:00
[2024-04-10T00:48:05.289+0000] {logging_mixin.py:188} INFO - [2024-04-10T00:48:05.288+0000] {dag.py:3954} INFO - Setting next_dagrun for example_branch_datetime_operator_3 to 2024-04-09 00:00:00+00:00, run_after=2024-04-10 00:00:00+00:00
[2024-04-10T00:48:05.369+0000] {processor.py:183} INFO - Processing /home/airflow/.local/lib/python3.12/site-packages/airflow/example_dags/example_branch_datetime_operator.py took 0.396 seconds
