[2024-04-10T00:44:44.582+0000] {processor.py:161} INFO - Started process (PID=379) to work on /home/airflow/.local/lib/python3.12/site-packages/airflow/example_dags/example_bash_operator.py
[2024-04-10T00:44:44.584+0000] {processor.py:830} INFO - Processing file /home/airflow/.local/lib/python3.12/site-packages/airflow/example_dags/example_bash_operator.py for tasks to queue
[2024-04-10T00:44:44.588+0000] {logging_mixin.py:188} INFO - [2024-04-10T00:44:44.587+0000] {dagbag.py:540} INFO - Filling up the DagBag from /home/airflow/.local/lib/python3.12/site-packages/airflow/example_dags/example_bash_operator.py
[2024-04-10T00:44:44.607+0000] {processor.py:840} INFO - DAG(s) 'example_bash_operator' retrieved from /home/airflow/.local/lib/python3.12/site-packages/airflow/example_dags/example_bash_operator.py
[2024-04-10T00:44:44.799+0000] {logging_mixin.py:188} INFO - [2024-04-10T00:44:44.797+0000] {override.py:1829} INFO - Created Permission View: can edit on DAG:example_bash_operator
[2024-04-10T00:44:44.832+0000] {logging_mixin.py:188} INFO - [2024-04-10T00:44:44.831+0000] {override.py:1829} INFO - Created Permission View: can read on DAG:example_bash_operator
[2024-04-10T00:44:44.844+0000] {logging_mixin.py:188} INFO - [2024-04-10T00:44:44.843+0000] {override.py:1829} INFO - Created Permission View: can delete on DAG:example_bash_operator
[2024-04-10T00:44:44.845+0000] {logging_mixin.py:188} INFO - [2024-04-10T00:44:44.844+0000] {dag.py:3096} INFO - Sync 1 DAGs
[2024-04-10T00:44:44.867+0000] {logging_mixin.py:188} INFO - [2024-04-10T00:44:44.866+0000] {dag.py:3118} INFO - Creating ORM DAG for example_bash_operator
[2024-04-10T00:44:44.900+0000] {logging_mixin.py:188} INFO - [2024-04-10T00:44:44.899+0000] {dag.py:3954} INFO - Setting next_dagrun for example_bash_operator to 2024-04-09 00:00:00+00:00, run_after=2024-04-10 00:00:00+00:00
[2024-04-10T00:44:44.927+0000] {processor.py:183} INFO - Processing /home/airflow/.local/lib/python3.12/site-packages/airflow/example_dags/example_bash_operator.py took 0.356 seconds
[2024-04-10T00:45:20.689+0000] {processor.py:161} INFO - Started process (PID=641) to work on /home/airflow/.local/lib/python3.12/site-packages/airflow/example_dags/example_bash_operator.py
[2024-04-10T00:45:20.696+0000] {processor.py:830} INFO - Processing file /home/airflow/.local/lib/python3.12/site-packages/airflow/example_dags/example_bash_operator.py for tasks to queue
[2024-04-10T00:45:20.731+0000] {logging_mixin.py:188} INFO - [2024-04-10T00:45:20.727+0000] {dagbag.py:540} INFO - Filling up the DagBag from /home/airflow/.local/lib/python3.12/site-packages/airflow/example_dags/example_bash_operator.py
[2024-04-10T00:45:20.820+0000] {processor.py:840} INFO - DAG(s) 'example_bash_operator' retrieved from /home/airflow/.local/lib/python3.12/site-packages/airflow/example_dags/example_bash_operator.py
[2024-04-10T00:45:20.933+0000] {logging_mixin.py:188} INFO - [2024-04-10T00:45:20.933+0000] {dag.py:3096} INFO - Sync 1 DAGs
[2024-04-10T00:45:20.993+0000] {logging_mixin.py:188} INFO - [2024-04-10T00:45:20.993+0000] {dag.py:3954} INFO - Setting next_dagrun for example_bash_operator to 2024-04-09 00:00:00+00:00, run_after=2024-04-10 00:00:00+00:00
[2024-04-10T00:45:21.022+0000] {processor.py:183} INFO - Processing /home/airflow/.local/lib/python3.12/site-packages/airflow/example_dags/example_bash_operator.py took 0.383 seconds
[2024-04-10T00:45:54.587+0000] {processor.py:161} INFO - Started process (PID=903) to work on /home/airflow/.local/lib/python3.12/site-packages/airflow/example_dags/example_bash_operator.py
[2024-04-10T00:45:54.596+0000] {processor.py:830} INFO - Processing file /home/airflow/.local/lib/python3.12/site-packages/airflow/example_dags/example_bash_operator.py for tasks to queue
[2024-04-10T00:45:54.602+0000] {logging_mixin.py:188} INFO - [2024-04-10T00:45:54.602+0000] {dagbag.py:540} INFO - Filling up the DagBag from /home/airflow/.local/lib/python3.12/site-packages/airflow/example_dags/example_bash_operator.py
[2024-04-10T00:45:54.665+0000] {processor.py:840} INFO - DAG(s) 'example_bash_operator' retrieved from /home/airflow/.local/lib/python3.12/site-packages/airflow/example_dags/example_bash_operator.py
[2024-04-10T00:45:54.744+0000] {logging_mixin.py:188} INFO - [2024-04-10T00:45:54.744+0000] {dag.py:3096} INFO - Sync 1 DAGs
[2024-04-10T00:45:54.806+0000] {logging_mixin.py:188} INFO - [2024-04-10T00:45:54.806+0000] {dag.py:3954} INFO - Setting next_dagrun for example_bash_operator to 2024-04-09 00:00:00+00:00, run_after=2024-04-10 00:00:00+00:00
[2024-04-10T00:45:54.861+0000] {processor.py:183} INFO - Processing /home/airflow/.local/lib/python3.12/site-packages/airflow/example_dags/example_bash_operator.py took 0.286 seconds
[2024-04-10T00:46:25.488+0000] {processor.py:161} INFO - Started process (PID=1164) to work on /home/airflow/.local/lib/python3.12/site-packages/airflow/example_dags/example_bash_operator.py
[2024-04-10T00:46:25.490+0000] {processor.py:830} INFO - Processing file /home/airflow/.local/lib/python3.12/site-packages/airflow/example_dags/example_bash_operator.py for tasks to queue
[2024-04-10T00:46:25.523+0000] {logging_mixin.py:188} INFO - [2024-04-10T00:46:25.520+0000] {dagbag.py:540} INFO - Filling up the DagBag from /home/airflow/.local/lib/python3.12/site-packages/airflow/example_dags/example_bash_operator.py
[2024-04-10T00:46:25.554+0000] {processor.py:840} INFO - DAG(s) 'example_bash_operator' retrieved from /home/airflow/.local/lib/python3.12/site-packages/airflow/example_dags/example_bash_operator.py
[2024-04-10T00:46:25.601+0000] {logging_mixin.py:188} INFO - [2024-04-10T00:46:25.601+0000] {dag.py:3096} INFO - Sync 1 DAGs
[2024-04-10T00:46:25.640+0000] {logging_mixin.py:188} INFO - [2024-04-10T00:46:25.640+0000] {dag.py:3954} INFO - Setting next_dagrun for example_bash_operator to 2024-04-09 00:00:00+00:00, run_after=2024-04-10 00:00:00+00:00
[2024-04-10T00:46:25.677+0000] {processor.py:183} INFO - Processing /home/airflow/.local/lib/python3.12/site-packages/airflow/example_dags/example_bash_operator.py took 0.201 seconds
[2024-04-10T00:47:01.547+0000] {processor.py:161} INFO - Started process (PID=1426) to work on /home/airflow/.local/lib/python3.12/site-packages/airflow/example_dags/example_bash_operator.py
[2024-04-10T00:47:01.549+0000] {processor.py:830} INFO - Processing file /home/airflow/.local/lib/python3.12/site-packages/airflow/example_dags/example_bash_operator.py for tasks to queue
[2024-04-10T00:47:01.552+0000] {logging_mixin.py:188} INFO - [2024-04-10T00:47:01.551+0000] {dagbag.py:540} INFO - Filling up the DagBag from /home/airflow/.local/lib/python3.12/site-packages/airflow/example_dags/example_bash_operator.py
[2024-04-10T00:47:01.567+0000] {processor.py:840} INFO - DAG(s) 'example_bash_operator' retrieved from /home/airflow/.local/lib/python3.12/site-packages/airflow/example_dags/example_bash_operator.py
[2024-04-10T00:47:01.592+0000] {logging_mixin.py:188} INFO - [2024-04-10T00:47:01.591+0000] {dag.py:3096} INFO - Sync 1 DAGs
[2024-04-10T00:47:01.611+0000] {logging_mixin.py:188} INFO - [2024-04-10T00:47:01.611+0000] {dag.py:3954} INFO - Setting next_dagrun for example_bash_operator to 2024-04-09 00:00:00+00:00, run_after=2024-04-10 00:00:00+00:00
[2024-04-10T00:47:01.661+0000] {processor.py:183} INFO - Processing /home/airflow/.local/lib/python3.12/site-packages/airflow/example_dags/example_bash_operator.py took 0.119 seconds
[2024-04-10T00:47:36.306+0000] {processor.py:161} INFO - Started process (PID=1688) to work on /home/airflow/.local/lib/python3.12/site-packages/airflow/example_dags/example_bash_operator.py
[2024-04-10T00:47:36.308+0000] {processor.py:830} INFO - Processing file /home/airflow/.local/lib/python3.12/site-packages/airflow/example_dags/example_bash_operator.py for tasks to queue
[2024-04-10T00:47:36.310+0000] {logging_mixin.py:188} INFO - [2024-04-10T00:47:36.310+0000] {dagbag.py:540} INFO - Filling up the DagBag from /home/airflow/.local/lib/python3.12/site-packages/airflow/example_dags/example_bash_operator.py
[2024-04-10T00:47:36.420+0000] {processor.py:840} INFO - DAG(s) 'example_bash_operator' retrieved from /home/airflow/.local/lib/python3.12/site-packages/airflow/example_dags/example_bash_operator.py
[2024-04-10T00:47:36.554+0000] {logging_mixin.py:188} INFO - [2024-04-10T00:47:36.554+0000] {dag.py:3096} INFO - Sync 1 DAGs
[2024-04-10T00:47:36.583+0000] {logging_mixin.py:188} INFO - [2024-04-10T00:47:36.583+0000] {dag.py:3954} INFO - Setting next_dagrun for example_bash_operator to 2024-04-09 00:00:00+00:00, run_after=2024-04-10 00:00:00+00:00
[2024-04-10T00:47:36.624+0000] {processor.py:183} INFO - Processing /home/airflow/.local/lib/python3.12/site-packages/airflow/example_dags/example_bash_operator.py took 0.328 seconds
[2024-04-10T00:48:09.506+0000] {processor.py:161} INFO - Started process (PID=1950) to work on /home/airflow/.local/lib/python3.12/site-packages/airflow/example_dags/example_bash_operator.py
[2024-04-10T00:48:09.510+0000] {processor.py:830} INFO - Processing file /home/airflow/.local/lib/python3.12/site-packages/airflow/example_dags/example_bash_operator.py for tasks to queue
[2024-04-10T00:48:09.517+0000] {logging_mixin.py:188} INFO - [2024-04-10T00:48:09.516+0000] {dagbag.py:540} INFO - Filling up the DagBag from /home/airflow/.local/lib/python3.12/site-packages/airflow/example_dags/example_bash_operator.py
[2024-04-10T00:48:09.604+0000] {processor.py:840} INFO - DAG(s) 'example_bash_operator' retrieved from /home/airflow/.local/lib/python3.12/site-packages/airflow/example_dags/example_bash_operator.py
[2024-04-10T00:48:09.708+0000] {logging_mixin.py:188} INFO - [2024-04-10T00:48:09.708+0000] {dag.py:3096} INFO - Sync 1 DAGs
[2024-04-10T00:48:09.773+0000] {logging_mixin.py:188} INFO - [2024-04-10T00:48:09.773+0000] {dag.py:3954} INFO - Setting next_dagrun for example_bash_operator to 2024-04-09 00:00:00+00:00, run_after=2024-04-10 00:00:00+00:00
[2024-04-10T00:48:09.795+0000] {processor.py:183} INFO - Processing /home/airflow/.local/lib/python3.12/site-packages/airflow/example_dags/example_bash_operator.py took 0.327 seconds
