[2024-04-10T00:44:29.300+0000] {processor.py:161} INFO - Started process (PID=174) to work on /home/airflow/.local/lib/python3.12/site-packages/airflow/example_dags/example_latest_only_with_trigger.py
[2024-04-10T00:44:29.304+0000] {processor.py:830} INFO - Processing file /home/airflow/.local/lib/python3.12/site-packages/airflow/example_dags/example_latest_only_with_trigger.py for tasks to queue
[2024-04-10T00:44:29.312+0000] {logging_mixin.py:188} INFO - [2024-04-10T00:44:29.311+0000] {dagbag.py:540} INFO - Filling up the DagBag from /home/airflow/.local/lib/python3.12/site-packages/airflow/example_dags/example_latest_only_with_trigger.py
[2024-04-10T00:44:29.364+0000] {processor.py:840} INFO - DAG(s) 'latest_only_with_trigger' retrieved from /home/airflow/.local/lib/python3.12/site-packages/airflow/example_dags/example_latest_only_with_trigger.py
[2024-04-10T00:44:30.015+0000] {logging_mixin.py:188} INFO - [2024-04-10T00:44:30.013+0000] {override.py:1829} INFO - Created Permission View: can edit on DAG:latest_only_with_trigger
[2024-04-10T00:44:30.036+0000] {logging_mixin.py:188} INFO - [2024-04-10T00:44:30.035+0000] {override.py:1829} INFO - Created Permission View: can read on DAG:latest_only_with_trigger
[2024-04-10T00:44:30.047+0000] {logging_mixin.py:188} INFO - [2024-04-10T00:44:30.046+0000] {override.py:1829} INFO - Created Permission View: can delete on DAG:latest_only_with_trigger
[2024-04-10T00:44:30.060+0000] {logging_mixin.py:188} INFO - [2024-04-10T00:44:30.059+0000] {dag.py:3096} INFO - Sync 1 DAGs
[2024-04-10T00:44:30.103+0000] {logging_mixin.py:188} INFO - [2024-04-10T00:44:30.103+0000] {dag.py:3118} INFO - Creating ORM DAG for latest_only_with_trigger
[2024-04-10T00:44:30.127+0000] {logging_mixin.py:188} INFO - [2024-04-10T00:44:30.127+0000] {dag.py:3954} INFO - Setting next_dagrun for latest_only_with_trigger to 2024-04-09 20:00:00+00:00, run_after=2024-04-10 00:00:00+00:00
[2024-04-10T00:44:30.275+0000] {processor.py:183} INFO - Processing /home/airflow/.local/lib/python3.12/site-packages/airflow/example_dags/example_latest_only_with_trigger.py took 0.997 seconds
[2024-04-10T00:45:00.987+0000] {processor.py:161} INFO - Started process (PID=435) to work on /home/airflow/.local/lib/python3.12/site-packages/airflow/example_dags/example_latest_only_with_trigger.py
[2024-04-10T00:45:00.999+0000] {processor.py:830} INFO - Processing file /home/airflow/.local/lib/python3.12/site-packages/airflow/example_dags/example_latest_only_with_trigger.py for tasks to queue
[2024-04-10T00:45:01.028+0000] {logging_mixin.py:188} INFO - [2024-04-10T00:45:01.026+0000] {dagbag.py:540} INFO - Filling up the DagBag from /home/airflow/.local/lib/python3.12/site-packages/airflow/example_dags/example_latest_only_with_trigger.py
[2024-04-10T00:45:01.069+0000] {processor.py:840} INFO - DAG(s) 'latest_only_with_trigger' retrieved from /home/airflow/.local/lib/python3.12/site-packages/airflow/example_dags/example_latest_only_with_trigger.py
[2024-04-10T00:45:01.212+0000] {logging_mixin.py:188} INFO - [2024-04-10T00:45:01.211+0000] {dag.py:3096} INFO - Sync 1 DAGs
[2024-04-10T00:45:01.344+0000] {logging_mixin.py:188} INFO - [2024-04-10T00:45:01.344+0000] {dag.py:3954} INFO - Setting next_dagrun for latest_only_with_trigger to 2024-04-09 20:00:00+00:00, run_after=2024-04-10 00:00:00+00:00
[2024-04-10T00:45:01.450+0000] {processor.py:183} INFO - Processing /home/airflow/.local/lib/python3.12/site-packages/airflow/example_dags/example_latest_only_with_trigger.py took 0.528 seconds
[2024-04-10T00:45:33.671+0000] {processor.py:161} INFO - Started process (PID=698) to work on /home/airflow/.local/lib/python3.12/site-packages/airflow/example_dags/example_latest_only_with_trigger.py
[2024-04-10T00:45:33.674+0000] {processor.py:830} INFO - Processing file /home/airflow/.local/lib/python3.12/site-packages/airflow/example_dags/example_latest_only_with_trigger.py for tasks to queue
[2024-04-10T00:45:33.681+0000] {logging_mixin.py:188} INFO - [2024-04-10T00:45:33.680+0000] {dagbag.py:540} INFO - Filling up the DagBag from /home/airflow/.local/lib/python3.12/site-packages/airflow/example_dags/example_latest_only_with_trigger.py
[2024-04-10T00:45:33.689+0000] {processor.py:840} INFO - DAG(s) 'latest_only_with_trigger' retrieved from /home/airflow/.local/lib/python3.12/site-packages/airflow/example_dags/example_latest_only_with_trigger.py
[2024-04-10T00:45:33.748+0000] {logging_mixin.py:188} INFO - [2024-04-10T00:45:33.747+0000] {dag.py:3096} INFO - Sync 1 DAGs
[2024-04-10T00:45:33.990+0000] {logging_mixin.py:188} INFO - [2024-04-10T00:45:33.989+0000] {dag.py:3954} INFO - Setting next_dagrun for latest_only_with_trigger to 2024-04-09 20:00:00+00:00, run_after=2024-04-10 00:00:00+00:00
[2024-04-10T00:45:34.094+0000] {processor.py:183} INFO - Processing /home/airflow/.local/lib/python3.12/site-packages/airflow/example_dags/example_latest_only_with_trigger.py took 0.431 seconds
[2024-04-10T00:46:05.072+0000] {processor.py:161} INFO - Started process (PID=955) to work on /home/airflow/.local/lib/python3.12/site-packages/airflow/example_dags/example_latest_only_with_trigger.py
[2024-04-10T00:46:05.076+0000] {processor.py:830} INFO - Processing file /home/airflow/.local/lib/python3.12/site-packages/airflow/example_dags/example_latest_only_with_trigger.py for tasks to queue
[2024-04-10T00:46:05.080+0000] {logging_mixin.py:188} INFO - [2024-04-10T00:46:05.080+0000] {dagbag.py:540} INFO - Filling up the DagBag from /home/airflow/.local/lib/python3.12/site-packages/airflow/example_dags/example_latest_only_with_trigger.py
[2024-04-10T00:46:05.093+0000] {processor.py:840} INFO - DAG(s) 'latest_only_with_trigger' retrieved from /home/airflow/.local/lib/python3.12/site-packages/airflow/example_dags/example_latest_only_with_trigger.py
[2024-04-10T00:46:05.159+0000] {logging_mixin.py:188} INFO - [2024-04-10T00:46:05.158+0000] {dag.py:3096} INFO - Sync 1 DAGs
[2024-04-10T00:46:05.253+0000] {logging_mixin.py:188} INFO - [2024-04-10T00:46:05.253+0000] {dag.py:3954} INFO - Setting next_dagrun for latest_only_with_trigger to 2024-04-09 20:00:00+00:00, run_after=2024-04-10 00:00:00+00:00
[2024-04-10T00:46:05.328+0000] {processor.py:183} INFO - Processing /home/airflow/.local/lib/python3.12/site-packages/airflow/example_dags/example_latest_only_with_trigger.py took 0.281 seconds
[2024-04-10T00:46:35.652+0000] {processor.py:161} INFO - Started process (PID=1215) to work on /home/airflow/.local/lib/python3.12/site-packages/airflow/example_dags/example_latest_only_with_trigger.py
[2024-04-10T00:46:35.679+0000] {processor.py:830} INFO - Processing file /home/airflow/.local/lib/python3.12/site-packages/airflow/example_dags/example_latest_only_with_trigger.py for tasks to queue
[2024-04-10T00:46:35.701+0000] {logging_mixin.py:188} INFO - [2024-04-10T00:46:35.698+0000] {dagbag.py:540} INFO - Filling up the DagBag from /home/airflow/.local/lib/python3.12/site-packages/airflow/example_dags/example_latest_only_with_trigger.py
[2024-04-10T00:46:35.737+0000] {processor.py:840} INFO - DAG(s) 'latest_only_with_trigger' retrieved from /home/airflow/.local/lib/python3.12/site-packages/airflow/example_dags/example_latest_only_with_trigger.py
[2024-04-10T00:46:36.415+0000] {logging_mixin.py:188} INFO - [2024-04-10T00:46:36.409+0000] {dag.py:3096} INFO - Sync 1 DAGs
[2024-04-10T00:46:36.799+0000] {logging_mixin.py:188} INFO - [2024-04-10T00:46:36.798+0000] {dag.py:3954} INFO - Setting next_dagrun for latest_only_with_trigger to 2024-04-09 20:00:00+00:00, run_after=2024-04-10 00:00:00+00:00
[2024-04-10T00:46:36.969+0000] {processor.py:183} INFO - Processing /home/airflow/.local/lib/python3.12/site-packages/airflow/example_dags/example_latest_only_with_trigger.py took 1.362 seconds
[2024-04-10T00:47:08.956+0000] {processor.py:161} INFO - Started process (PID=1477) to work on /home/airflow/.local/lib/python3.12/site-packages/airflow/example_dags/example_latest_only_with_trigger.py
[2024-04-10T00:47:08.972+0000] {processor.py:830} INFO - Processing file /home/airflow/.local/lib/python3.12/site-packages/airflow/example_dags/example_latest_only_with_trigger.py for tasks to queue
[2024-04-10T00:47:08.990+0000] {logging_mixin.py:188} INFO - [2024-04-10T00:47:08.989+0000] {dagbag.py:540} INFO - Filling up the DagBag from /home/airflow/.local/lib/python3.12/site-packages/airflow/example_dags/example_latest_only_with_trigger.py
[2024-04-10T00:47:09.033+0000] {processor.py:840} INFO - DAG(s) 'latest_only_with_trigger' retrieved from /home/airflow/.local/lib/python3.12/site-packages/airflow/example_dags/example_latest_only_with_trigger.py
[2024-04-10T00:47:09.135+0000] {logging_mixin.py:188} INFO - [2024-04-10T00:47:09.135+0000] {dag.py:3096} INFO - Sync 1 DAGs
[2024-04-10T00:47:09.201+0000] {logging_mixin.py:188} INFO - [2024-04-10T00:47:09.201+0000] {dag.py:3954} INFO - Setting next_dagrun for latest_only_with_trigger to 2024-04-09 20:00:00+00:00, run_after=2024-04-10 00:00:00+00:00
[2024-04-10T00:47:09.251+0000] {processor.py:183} INFO - Processing /home/airflow/.local/lib/python3.12/site-packages/airflow/example_dags/example_latest_only_with_trigger.py took 0.320 seconds
[2024-04-10T00:47:39.497+0000] {processor.py:161} INFO - Started process (PID=1732) to work on /home/airflow/.local/lib/python3.12/site-packages/airflow/example_dags/example_latest_only_with_trigger.py
[2024-04-10T00:47:39.525+0000] {processor.py:830} INFO - Processing file /home/airflow/.local/lib/python3.12/site-packages/airflow/example_dags/example_latest_only_with_trigger.py for tasks to queue
[2024-04-10T00:47:39.530+0000] {logging_mixin.py:188} INFO - [2024-04-10T00:47:39.529+0000] {dagbag.py:540} INFO - Filling up the DagBag from /home/airflow/.local/lib/python3.12/site-packages/airflow/example_dags/example_latest_only_with_trigger.py
[2024-04-10T00:47:39.571+0000] {processor.py:840} INFO - DAG(s) 'latest_only_with_trigger' retrieved from /home/airflow/.local/lib/python3.12/site-packages/airflow/example_dags/example_latest_only_with_trigger.py
[2024-04-10T00:47:39.644+0000] {logging_mixin.py:188} INFO - [2024-04-10T00:47:39.644+0000] {dag.py:3096} INFO - Sync 1 DAGs
[2024-04-10T00:47:39.748+0000] {logging_mixin.py:188} INFO - [2024-04-10T00:47:39.747+0000] {dag.py:3954} INFO - Setting next_dagrun for latest_only_with_trigger to 2024-04-09 20:00:00+00:00, run_after=2024-04-10 00:00:00+00:00
[2024-04-10T00:47:39.817+0000] {processor.py:183} INFO - Processing /home/airflow/.local/lib/python3.12/site-packages/airflow/example_dags/example_latest_only_with_trigger.py took 0.333 seconds
[2024-04-10T00:48:10.532+0000] {processor.py:161} INFO - Started process (PID=1997) to work on /home/airflow/.local/lib/python3.12/site-packages/airflow/example_dags/example_latest_only_with_trigger.py
[2024-04-10T00:48:10.534+0000] {processor.py:830} INFO - Processing file /home/airflow/.local/lib/python3.12/site-packages/airflow/example_dags/example_latest_only_with_trigger.py for tasks to queue
[2024-04-10T00:48:10.537+0000] {logging_mixin.py:188} INFO - [2024-04-10T00:48:10.536+0000] {dagbag.py:540} INFO - Filling up the DagBag from /home/airflow/.local/lib/python3.12/site-packages/airflow/example_dags/example_latest_only_with_trigger.py
[2024-04-10T00:48:10.544+0000] {processor.py:840} INFO - DAG(s) 'latest_only_with_trigger' retrieved from /home/airflow/.local/lib/python3.12/site-packages/airflow/example_dags/example_latest_only_with_trigger.py
[2024-04-10T00:48:10.568+0000] {logging_mixin.py:188} INFO - [2024-04-10T00:48:10.568+0000] {dag.py:3096} INFO - Sync 1 DAGs
[2024-04-10T00:48:10.592+0000] {logging_mixin.py:188} INFO - [2024-04-10T00:48:10.592+0000] {dag.py:3954} INFO - Setting next_dagrun for latest_only_with_trigger to 2024-04-09 20:00:00+00:00, run_after=2024-04-10 00:00:00+00:00
[2024-04-10T00:48:10.611+0000] {processor.py:183} INFO - Processing /home/airflow/.local/lib/python3.12/site-packages/airflow/example_dags/example_latest_only_with_trigger.py took 0.087 seconds
