[2024-04-10T00:44:33.501+0000] {processor.py:161} INFO - Started process (PID=209) to work on /home/airflow/.local/lib/python3.12/site-packages/airflow/example_dags/example_branch_operator_decorator.py
[2024-04-10T00:44:33.503+0000] {processor.py:830} INFO - Processing file /home/airflow/.local/lib/python3.12/site-packages/airflow/example_dags/example_branch_operator_decorator.py for tasks to queue
[2024-04-10T00:44:33.507+0000] {logging_mixin.py:188} INFO - [2024-04-10T00:44:33.506+0000] {dagbag.py:540} INFO - Filling up the DagBag from /home/airflow/.local/lib/python3.12/site-packages/airflow/example_dags/example_branch_operator_decorator.py
[2024-04-10T00:44:33.590+0000] {processor.py:840} INFO - DAG(s) 'example_branch_python_operator_decorator' retrieved from /home/airflow/.local/lib/python3.12/site-packages/airflow/example_dags/example_branch_operator_decorator.py
[2024-04-10T00:44:33.879+0000] {logging_mixin.py:188} INFO - [2024-04-10T00:44:33.878+0000] {override.py:1829} INFO - Created Permission View: can edit on DAG:example_branch_python_operator_decorator
[2024-04-10T00:44:33.893+0000] {logging_mixin.py:188} INFO - [2024-04-10T00:44:33.893+0000] {override.py:1829} INFO - Created Permission View: can read on DAG:example_branch_python_operator_decorator
[2024-04-10T00:44:33.902+0000] {logging_mixin.py:188} INFO - [2024-04-10T00:44:33.902+0000] {override.py:1829} INFO - Created Permission View: can delete on DAG:example_branch_python_operator_decorator
[2024-04-10T00:44:33.904+0000] {logging_mixin.py:188} INFO - [2024-04-10T00:44:33.903+0000] {dag.py:3096} INFO - Sync 1 DAGs
[2024-04-10T00:44:33.923+0000] {logging_mixin.py:188} INFO - [2024-04-10T00:44:33.922+0000] {dag.py:3118} INFO - Creating ORM DAG for example_branch_python_operator_decorator
[2024-04-10T00:44:33.963+0000] {logging_mixin.py:188} INFO - [2024-04-10T00:44:33.962+0000] {dag.py:3954} INFO - Setting next_dagrun for example_branch_python_operator_decorator to 2024-04-09 00:00:00+00:00, run_after=2024-04-10 00:00:00+00:00
[2024-04-10T00:44:34.012+0000] {processor.py:183} INFO - Processing /home/airflow/.local/lib/python3.12/site-packages/airflow/example_dags/example_branch_operator_decorator.py took 0.522 seconds
[2024-04-10T00:45:05.172+0000] {processor.py:161} INFO - Started process (PID=471) to work on /home/airflow/.local/lib/python3.12/site-packages/airflow/example_dags/example_branch_operator_decorator.py
[2024-04-10T00:45:05.176+0000] {processor.py:830} INFO - Processing file /home/airflow/.local/lib/python3.12/site-packages/airflow/example_dags/example_branch_operator_decorator.py for tasks to queue
[2024-04-10T00:45:05.186+0000] {logging_mixin.py:188} INFO - [2024-04-10T00:45:05.183+0000] {dagbag.py:540} INFO - Filling up the DagBag from /home/airflow/.local/lib/python3.12/site-packages/airflow/example_dags/example_branch_operator_decorator.py
[2024-04-10T00:45:05.326+0000] {processor.py:840} INFO - DAG(s) 'example_branch_python_operator_decorator' retrieved from /home/airflow/.local/lib/python3.12/site-packages/airflow/example_dags/example_branch_operator_decorator.py
[2024-04-10T00:45:05.483+0000] {logging_mixin.py:188} INFO - [2024-04-10T00:45:05.482+0000] {dag.py:3096} INFO - Sync 1 DAGs
[2024-04-10T00:45:05.552+0000] {logging_mixin.py:188} INFO - [2024-04-10T00:45:05.551+0000] {dag.py:3954} INFO - Setting next_dagrun for example_branch_python_operator_decorator to 2024-04-09 00:00:00+00:00, run_after=2024-04-10 00:00:00+00:00
[2024-04-10T00:45:05.643+0000] {processor.py:183} INFO - Processing /home/airflow/.local/lib/python3.12/site-packages/airflow/example_dags/example_branch_operator_decorator.py took 0.503 seconds
[2024-04-10T00:45:36.973+0000] {processor.py:161} INFO - Started process (PID=733) to work on /home/airflow/.local/lib/python3.12/site-packages/airflow/example_dags/example_branch_operator_decorator.py
[2024-04-10T00:45:36.983+0000] {processor.py:830} INFO - Processing file /home/airflow/.local/lib/python3.12/site-packages/airflow/example_dags/example_branch_operator_decorator.py for tasks to queue
[2024-04-10T00:45:37.011+0000] {logging_mixin.py:188} INFO - [2024-04-10T00:45:37.010+0000] {dagbag.py:540} INFO - Filling up the DagBag from /home/airflow/.local/lib/python3.12/site-packages/airflow/example_dags/example_branch_operator_decorator.py
[2024-04-10T00:45:37.178+0000] {processor.py:840} INFO - DAG(s) 'example_branch_python_operator_decorator' retrieved from /home/airflow/.local/lib/python3.12/site-packages/airflow/example_dags/example_branch_operator_decorator.py
[2024-04-10T00:45:37.405+0000] {logging_mixin.py:188} INFO - [2024-04-10T00:45:37.403+0000] {dag.py:3096} INFO - Sync 1 DAGs
[2024-04-10T00:45:37.623+0000] {logging_mixin.py:188} INFO - [2024-04-10T00:45:37.622+0000] {dag.py:3954} INFO - Setting next_dagrun for example_branch_python_operator_decorator to 2024-04-09 00:00:00+00:00, run_after=2024-04-10 00:00:00+00:00
[2024-04-10T00:45:37.713+0000] {processor.py:183} INFO - Processing /home/airflow/.local/lib/python3.12/site-packages/airflow/example_dags/example_branch_operator_decorator.py took 0.840 seconds
[2024-04-10T00:46:14.090+0000] {processor.py:161} INFO - Started process (PID=994) to work on /home/airflow/.local/lib/python3.12/site-packages/airflow/example_dags/example_branch_operator_decorator.py
[2024-04-10T00:46:14.140+0000] {processor.py:830} INFO - Processing file /home/airflow/.local/lib/python3.12/site-packages/airflow/example_dags/example_branch_operator_decorator.py for tasks to queue
[2024-04-10T00:46:14.144+0000] {logging_mixin.py:188} INFO - [2024-04-10T00:46:14.143+0000] {dagbag.py:540} INFO - Filling up the DagBag from /home/airflow/.local/lib/python3.12/site-packages/airflow/example_dags/example_branch_operator_decorator.py
[2024-04-10T00:46:14.383+0000] {processor.py:840} INFO - DAG(s) 'example_branch_python_operator_decorator' retrieved from /home/airflow/.local/lib/python3.12/site-packages/airflow/example_dags/example_branch_operator_decorator.py
[2024-04-10T00:46:14.872+0000] {logging_mixin.py:188} INFO - [2024-04-10T00:46:14.871+0000] {dag.py:3096} INFO - Sync 1 DAGs
[2024-04-10T00:46:15.115+0000] {logging_mixin.py:188} INFO - [2024-04-10T00:46:15.114+0000] {dag.py:3954} INFO - Setting next_dagrun for example_branch_python_operator_decorator to 2024-04-09 00:00:00+00:00, run_after=2024-04-10 00:00:00+00:00
[2024-04-10T00:46:15.286+0000] {processor.py:183} INFO - Processing /home/airflow/.local/lib/python3.12/site-packages/airflow/example_dags/example_branch_operator_decorator.py took 1.296 seconds
[2024-04-10T00:46:46.349+0000] {processor.py:161} INFO - Started process (PID=1250) to work on /home/airflow/.local/lib/python3.12/site-packages/airflow/example_dags/example_branch_operator_decorator.py
[2024-04-10T00:46:46.384+0000] {processor.py:830} INFO - Processing file /home/airflow/.local/lib/python3.12/site-packages/airflow/example_dags/example_branch_operator_decorator.py for tasks to queue
[2024-04-10T00:46:46.535+0000] {logging_mixin.py:188} INFO - [2024-04-10T00:46:46.500+0000] {dagbag.py:540} INFO - Filling up the DagBag from /home/airflow/.local/lib/python3.12/site-packages/airflow/example_dags/example_branch_operator_decorator.py
[2024-04-10T00:46:46.934+0000] {processor.py:840} INFO - DAG(s) 'example_branch_python_operator_decorator' retrieved from /home/airflow/.local/lib/python3.12/site-packages/airflow/example_dags/example_branch_operator_decorator.py
[2024-04-10T00:46:47.167+0000] {logging_mixin.py:188} INFO - [2024-04-10T00:46:47.167+0000] {dag.py:3096} INFO - Sync 1 DAGs
[2024-04-10T00:46:47.466+0000] {logging_mixin.py:188} INFO - [2024-04-10T00:46:47.459+0000] {dag.py:3954} INFO - Setting next_dagrun for example_branch_python_operator_decorator to 2024-04-09 00:00:00+00:00, run_after=2024-04-10 00:00:00+00:00
[2024-04-10T00:46:47.558+0000] {processor.py:183} INFO - Processing /home/airflow/.local/lib/python3.12/site-packages/airflow/example_dags/example_branch_operator_decorator.py took 1.459 seconds
[2024-04-10T00:47:17.732+0000] {processor.py:161} INFO - Started process (PID=1514) to work on /home/airflow/.local/lib/python3.12/site-packages/airflow/example_dags/example_branch_operator_decorator.py
[2024-04-10T00:47:17.734+0000] {processor.py:830} INFO - Processing file /home/airflow/.local/lib/python3.12/site-packages/airflow/example_dags/example_branch_operator_decorator.py for tasks to queue
[2024-04-10T00:47:17.738+0000] {logging_mixin.py:188} INFO - [2024-04-10T00:47:17.737+0000] {dagbag.py:540} INFO - Filling up the DagBag from /home/airflow/.local/lib/python3.12/site-packages/airflow/example_dags/example_branch_operator_decorator.py
[2024-04-10T00:47:17.841+0000] {processor.py:840} INFO - DAG(s) 'example_branch_python_operator_decorator' retrieved from /home/airflow/.local/lib/python3.12/site-packages/airflow/example_dags/example_branch_operator_decorator.py
[2024-04-10T00:47:17.920+0000] {logging_mixin.py:188} INFO - [2024-04-10T00:47:17.919+0000] {dag.py:3096} INFO - Sync 1 DAGs
[2024-04-10T00:47:17.984+0000] {logging_mixin.py:188} INFO - [2024-04-10T00:47:17.984+0000] {dag.py:3954} INFO - Setting next_dagrun for example_branch_python_operator_decorator to 2024-04-09 00:00:00+00:00, run_after=2024-04-10 00:00:00+00:00
[2024-04-10T00:47:18.041+0000] {processor.py:183} INFO - Processing /home/airflow/.local/lib/python3.12/site-packages/airflow/example_dags/example_branch_operator_decorator.py took 0.331 seconds
[2024-04-10T00:47:52.162+0000] {processor.py:161} INFO - Started process (PID=1774) to work on /home/airflow/.local/lib/python3.12/site-packages/airflow/example_dags/example_branch_operator_decorator.py
[2024-04-10T00:47:52.172+0000] {processor.py:830} INFO - Processing file /home/airflow/.local/lib/python3.12/site-packages/airflow/example_dags/example_branch_operator_decorator.py for tasks to queue
[2024-04-10T00:47:52.181+0000] {logging_mixin.py:188} INFO - [2024-04-10T00:47:52.178+0000] {dagbag.py:540} INFO - Filling up the DagBag from /home/airflow/.local/lib/python3.12/site-packages/airflow/example_dags/example_branch_operator_decorator.py
[2024-04-10T00:47:52.636+0000] {processor.py:840} INFO - DAG(s) 'example_branch_python_operator_decorator' retrieved from /home/airflow/.local/lib/python3.12/site-packages/airflow/example_dags/example_branch_operator_decorator.py
[2024-04-10T00:47:52.775+0000] {logging_mixin.py:188} INFO - [2024-04-10T00:47:52.775+0000] {dag.py:3096} INFO - Sync 1 DAGs
[2024-04-10T00:47:53.016+0000] {logging_mixin.py:188} INFO - [2024-04-10T00:47:53.016+0000] {dag.py:3954} INFO - Setting next_dagrun for example_branch_python_operator_decorator to 2024-04-09 00:00:00+00:00, run_after=2024-04-10 00:00:00+00:00
[2024-04-10T00:47:53.636+0000] {processor.py:183} INFO - Processing /home/airflow/.local/lib/python3.12/site-packages/airflow/example_dags/example_branch_operator_decorator.py took 1.890 seconds
