[2024-04-10T00:44:30.757+0000] {processor.py:161} INFO - Started process (PID=181) to work on /home/airflow/.local/lib/python3.12/site-packages/airflow/example_dags/example_branch_python_dop_operator_3.py
[2024-04-10T00:44:30.769+0000] {processor.py:830} INFO - Processing file /home/airflow/.local/lib/python3.12/site-packages/airflow/example_dags/example_branch_python_dop_operator_3.py for tasks to queue
[2024-04-10T00:44:30.782+0000] {logging_mixin.py:188} INFO - [2024-04-10T00:44:30.779+0000] {dagbag.py:540} INFO - Filling up the DagBag from /home/airflow/.local/lib/python3.12/site-packages/airflow/example_dags/example_branch_python_dop_operator_3.py
[2024-04-10T00:44:30.845+0000] {processor.py:840} INFO - DAG(s) 'example_branch_dop_operator_v3' retrieved from /home/airflow/.local/lib/python3.12/site-packages/airflow/example_dags/example_branch_python_dop_operator_3.py
[2024-04-10T00:44:31.424+0000] {logging_mixin.py:188} INFO - [2024-04-10T00:44:31.421+0000] {override.py:1829} INFO - Created Permission View: can edit on DAG:example_branch_dop_operator_v3
[2024-04-10T00:44:31.452+0000] {logging_mixin.py:188} INFO - [2024-04-10T00:44:31.451+0000] {override.py:1829} INFO - Created Permission View: can read on DAG:example_branch_dop_operator_v3
[2024-04-10T00:44:31.490+0000] {logging_mixin.py:188} INFO - [2024-04-10T00:44:31.489+0000] {override.py:1829} INFO - Created Permission View: can delete on DAG:example_branch_dop_operator_v3
[2024-04-10T00:44:31.492+0000] {logging_mixin.py:188} INFO - [2024-04-10T00:44:31.492+0000] {dag.py:3096} INFO - Sync 1 DAGs
[2024-04-10T00:44:31.524+0000] {logging_mixin.py:188} INFO - [2024-04-10T00:44:31.524+0000] {dag.py:3118} INFO - Creating ORM DAG for example_branch_dop_operator_v3
[2024-04-10T00:44:31.599+0000] {logging_mixin.py:188} INFO - [2024-04-10T00:44:31.597+0000] {dag.py:3954} INFO - Setting next_dagrun for example_branch_dop_operator_v3 to 2024-04-10 00:43:00+00:00, run_after=2024-04-10 00:44:00+00:00
[2024-04-10T00:44:31.712+0000] {processor.py:183} INFO - Processing /home/airflow/.local/lib/python3.12/site-packages/airflow/example_dags/example_branch_python_dop_operator_3.py took 1.022 seconds
[2024-04-10T00:45:01.968+0000] {processor.py:161} INFO - Started process (PID=443) to work on /home/airflow/.local/lib/python3.12/site-packages/airflow/example_dags/example_branch_python_dop_operator_3.py
[2024-04-10T00:45:01.969+0000] {processor.py:830} INFO - Processing file /home/airflow/.local/lib/python3.12/site-packages/airflow/example_dags/example_branch_python_dop_operator_3.py for tasks to queue
[2024-04-10T00:45:01.971+0000] {logging_mixin.py:188} INFO - [2024-04-10T00:45:01.971+0000] {dagbag.py:540} INFO - Filling up the DagBag from /home/airflow/.local/lib/python3.12/site-packages/airflow/example_dags/example_branch_python_dop_operator_3.py
[2024-04-10T00:45:01.987+0000] {processor.py:840} INFO - DAG(s) 'example_branch_dop_operator_v3' retrieved from /home/airflow/.local/lib/python3.12/site-packages/airflow/example_dags/example_branch_python_dop_operator_3.py
[2024-04-10T00:45:02.019+0000] {logging_mixin.py:188} INFO - [2024-04-10T00:45:02.019+0000] {dag.py:3096} INFO - Sync 1 DAGs
[2024-04-10T00:45:02.105+0000] {logging_mixin.py:188} INFO - [2024-04-10T00:45:02.105+0000] {dag.py:3954} INFO - Setting next_dagrun for example_branch_dop_operator_v3 to 2024-04-10 00:44:00+00:00, run_after=2024-04-10 00:45:00+00:00
[2024-04-10T00:45:02.143+0000] {processor.py:183} INFO - Processing /home/airflow/.local/lib/python3.12/site-packages/airflow/example_dags/example_branch_python_dop_operator_3.py took 0.185 seconds
[2024-04-10T00:45:34.178+0000] {processor.py:161} INFO - Started process (PID=703) to work on /home/airflow/.local/lib/python3.12/site-packages/airflow/example_dags/example_branch_python_dop_operator_3.py
[2024-04-10T00:45:34.180+0000] {processor.py:830} INFO - Processing file /home/airflow/.local/lib/python3.12/site-packages/airflow/example_dags/example_branch_python_dop_operator_3.py for tasks to queue
[2024-04-10T00:45:34.184+0000] {logging_mixin.py:188} INFO - [2024-04-10T00:45:34.183+0000] {dagbag.py:540} INFO - Filling up the DagBag from /home/airflow/.local/lib/python3.12/site-packages/airflow/example_dags/example_branch_python_dop_operator_3.py
[2024-04-10T00:45:34.219+0000] {processor.py:840} INFO - DAG(s) 'example_branch_dop_operator_v3' retrieved from /home/airflow/.local/lib/python3.12/site-packages/airflow/example_dags/example_branch_python_dop_operator_3.py
[2024-04-10T00:45:34.410+0000] {logging_mixin.py:188} INFO - [2024-04-10T00:45:34.410+0000] {dag.py:3096} INFO - Sync 1 DAGs
[2024-04-10T00:45:34.613+0000] {logging_mixin.py:188} INFO - [2024-04-10T00:45:34.613+0000] {dag.py:3954} INFO - Setting next_dagrun for example_branch_dop_operator_v3 to 2024-04-10 00:44:00+00:00, run_after=2024-04-10 00:45:00+00:00
[2024-04-10T00:45:34.699+0000] {processor.py:183} INFO - Processing /home/airflow/.local/lib/python3.12/site-packages/airflow/example_dags/example_branch_python_dop_operator_3.py took 0.532 seconds
[2024-04-10T00:46:05.218+0000] {processor.py:161} INFO - Started process (PID=958) to work on /home/airflow/.local/lib/python3.12/site-packages/airflow/example_dags/example_branch_python_dop_operator_3.py
[2024-04-10T00:46:05.230+0000] {processor.py:830} INFO - Processing file /home/airflow/.local/lib/python3.12/site-packages/airflow/example_dags/example_branch_python_dop_operator_3.py for tasks to queue
[2024-04-10T00:46:05.238+0000] {logging_mixin.py:188} INFO - [2024-04-10T00:46:05.237+0000] {dagbag.py:540} INFO - Filling up the DagBag from /home/airflow/.local/lib/python3.12/site-packages/airflow/example_dags/example_branch_python_dop_operator_3.py
[2024-04-10T00:46:05.322+0000] {processor.py:840} INFO - DAG(s) 'example_branch_dop_operator_v3' retrieved from /home/airflow/.local/lib/python3.12/site-packages/airflow/example_dags/example_branch_python_dop_operator_3.py
[2024-04-10T00:46:05.424+0000] {logging_mixin.py:188} INFO - [2024-04-10T00:46:05.423+0000] {dag.py:3096} INFO - Sync 1 DAGs
[2024-04-10T00:46:05.560+0000] {logging_mixin.py:188} INFO - [2024-04-10T00:46:05.560+0000] {dag.py:3954} INFO - Setting next_dagrun for example_branch_dop_operator_v3 to 2024-04-10 00:45:00+00:00, run_after=2024-04-10 00:46:00+00:00
[2024-04-10T00:46:05.601+0000] {processor.py:183} INFO - Processing /home/airflow/.local/lib/python3.12/site-packages/airflow/example_dags/example_branch_python_dop_operator_3.py took 0.493 seconds
[2024-04-10T00:46:37.395+0000] {processor.py:161} INFO - Started process (PID=1222) to work on /home/airflow/.local/lib/python3.12/site-packages/airflow/example_dags/example_branch_python_dop_operator_3.py
[2024-04-10T00:46:37.403+0000] {processor.py:830} INFO - Processing file /home/airflow/.local/lib/python3.12/site-packages/airflow/example_dags/example_branch_python_dop_operator_3.py for tasks to queue
[2024-04-10T00:46:37.477+0000] {logging_mixin.py:188} INFO - [2024-04-10T00:46:37.464+0000] {dagbag.py:540} INFO - Filling up the DagBag from /home/airflow/.local/lib/python3.12/site-packages/airflow/example_dags/example_branch_python_dop_operator_3.py
[2024-04-10T00:46:37.674+0000] {processor.py:840} INFO - DAG(s) 'example_branch_dop_operator_v3' retrieved from /home/airflow/.local/lib/python3.12/site-packages/airflow/example_dags/example_branch_python_dop_operator_3.py
[2024-04-10T00:46:37.814+0000] {logging_mixin.py:188} INFO - [2024-04-10T00:46:37.813+0000] {dag.py:3096} INFO - Sync 1 DAGs
[2024-04-10T00:46:38.088+0000] {logging_mixin.py:188} INFO - [2024-04-10T00:46:38.069+0000] {dag.py:3954} INFO - Setting next_dagrun for example_branch_dop_operator_v3 to 2024-04-10 00:45:00+00:00, run_after=2024-04-10 00:46:00+00:00
[2024-04-10T00:46:38.233+0000] {processor.py:183} INFO - Processing /home/airflow/.local/lib/python3.12/site-packages/airflow/example_dags/example_branch_python_dop_operator_3.py took 0.908 seconds
[2024-04-10T00:47:09.247+0000] {processor.py:161} INFO - Started process (PID=1482) to work on /home/airflow/.local/lib/python3.12/site-packages/airflow/example_dags/example_branch_python_dop_operator_3.py
[2024-04-10T00:47:09.251+0000] {processor.py:830} INFO - Processing file /home/airflow/.local/lib/python3.12/site-packages/airflow/example_dags/example_branch_python_dop_operator_3.py for tasks to queue
[2024-04-10T00:47:09.257+0000] {logging_mixin.py:188} INFO - [2024-04-10T00:47:09.256+0000] {dagbag.py:540} INFO - Filling up the DagBag from /home/airflow/.local/lib/python3.12/site-packages/airflow/example_dags/example_branch_python_dop_operator_3.py
[2024-04-10T00:47:09.300+0000] {processor.py:840} INFO - DAG(s) 'example_branch_dop_operator_v3' retrieved from /home/airflow/.local/lib/python3.12/site-packages/airflow/example_dags/example_branch_python_dop_operator_3.py
[2024-04-10T00:47:09.344+0000] {logging_mixin.py:188} INFO - [2024-04-10T00:47:09.344+0000] {dag.py:3096} INFO - Sync 1 DAGs
[2024-04-10T00:47:09.442+0000] {logging_mixin.py:188} INFO - [2024-04-10T00:47:09.442+0000] {dag.py:3954} INFO - Setting next_dagrun for example_branch_dop_operator_v3 to 2024-04-10 00:46:00+00:00, run_after=2024-04-10 00:47:00+00:00
[2024-04-10T00:47:09.471+0000] {processor.py:183} INFO - Processing /home/airflow/.local/lib/python3.12/site-packages/airflow/example_dags/example_branch_python_dop_operator_3.py took 0.247 seconds
[2024-04-10T00:47:40.551+0000] {processor.py:161} INFO - Started process (PID=1744) to work on /home/airflow/.local/lib/python3.12/site-packages/airflow/example_dags/example_branch_python_dop_operator_3.py
[2024-04-10T00:47:40.555+0000] {processor.py:830} INFO - Processing file /home/airflow/.local/lib/python3.12/site-packages/airflow/example_dags/example_branch_python_dop_operator_3.py for tasks to queue
[2024-04-10T00:47:40.558+0000] {logging_mixin.py:188} INFO - [2024-04-10T00:47:40.558+0000] {dagbag.py:540} INFO - Filling up the DagBag from /home/airflow/.local/lib/python3.12/site-packages/airflow/example_dags/example_branch_python_dop_operator_3.py
[2024-04-10T00:47:40.577+0000] {processor.py:840} INFO - DAG(s) 'example_branch_dop_operator_v3' retrieved from /home/airflow/.local/lib/python3.12/site-packages/airflow/example_dags/example_branch_python_dop_operator_3.py
[2024-04-10T00:47:40.623+0000] {logging_mixin.py:188} INFO - [2024-04-10T00:47:40.622+0000] {dag.py:3096} INFO - Sync 1 DAGs
[2024-04-10T00:47:40.742+0000] {logging_mixin.py:188} INFO - [2024-04-10T00:47:40.742+0000] {dag.py:3954} INFO - Setting next_dagrun for example_branch_dop_operator_v3 to 2024-04-10 00:46:00+00:00, run_after=2024-04-10 00:47:00+00:00
[2024-04-10T00:47:40.792+0000] {processor.py:183} INFO - Processing /home/airflow/.local/lib/python3.12/site-packages/airflow/example_dags/example_branch_python_dop_operator_3.py took 0.258 seconds
[2024-04-10T00:48:11.591+0000] {processor.py:161} INFO - Started process (PID=2002) to work on /home/airflow/.local/lib/python3.12/site-packages/airflow/example_dags/example_branch_python_dop_operator_3.py
[2024-04-10T00:48:11.600+0000] {processor.py:830} INFO - Processing file /home/airflow/.local/lib/python3.12/site-packages/airflow/example_dags/example_branch_python_dop_operator_3.py for tasks to queue
[2024-04-10T00:48:11.604+0000] {logging_mixin.py:188} INFO - [2024-04-10T00:48:11.604+0000] {dagbag.py:540} INFO - Filling up the DagBag from /home/airflow/.local/lib/python3.12/site-packages/airflow/example_dags/example_branch_python_dop_operator_3.py
[2024-04-10T00:48:11.625+0000] {processor.py:840} INFO - DAG(s) 'example_branch_dop_operator_v3' retrieved from /home/airflow/.local/lib/python3.12/site-packages/airflow/example_dags/example_branch_python_dop_operator_3.py
[2024-04-10T00:48:11.664+0000] {logging_mixin.py:188} INFO - [2024-04-10T00:48:11.664+0000] {dag.py:3096} INFO - Sync 1 DAGs
[2024-04-10T00:48:11.714+0000] {logging_mixin.py:188} INFO - [2024-04-10T00:48:11.713+0000] {dag.py:3954} INFO - Setting next_dagrun for example_branch_dop_operator_v3 to 2024-04-10 00:47:00+00:00, run_after=2024-04-10 00:48:00+00:00
[2024-04-10T00:48:11.736+0000] {processor.py:183} INFO - Processing /home/airflow/.local/lib/python3.12/site-packages/airflow/example_dags/example_branch_python_dop_operator_3.py took 0.160 seconds
