[2024-04-10T00:44:43.854+0000] {processor.py:161} INFO - Started process (PID=366) to work on /home/airflow/.local/lib/python3.12/site-packages/airflow/example_dags/example_datasets.py
[2024-04-10T00:44:43.856+0000] {processor.py:830} INFO - Processing file /home/airflow/.local/lib/python3.12/site-packages/airflow/example_dags/example_datasets.py for tasks to queue
[2024-04-10T00:44:43.860+0000] {logging_mixin.py:188} INFO - [2024-04-10T00:44:43.859+0000] {dagbag.py:540} INFO - Filling up the DagBag from /home/airflow/.local/lib/python3.12/site-packages/airflow/example_dags/example_datasets.py
[2024-04-10T00:44:43.891+0000] {processor.py:840} INFO - DAG(s) 'consume_1_and_2_with_dataset_expressions', 'dataset_consumes_1_and_2', 'dataset_consumes_1', 'dataset_consumes_1_never_scheduled', 'dataset_consumes_unknown_never_scheduled', 'consume_1_or_2_with_dataset_expressions', 'dataset_produces_2', 'conditional_dataset_and_time_based_timetable', 'consume_1_or_both_2_and_3_with_dataset_expressions', 'dataset_produces_1' retrieved from /home/airflow/.local/lib/python3.12/site-packages/airflow/example_dags/example_datasets.py
[2024-04-10T00:44:44.066+0000] {logging_mixin.py:188} INFO - [2024-04-10T00:44:44.065+0000] {override.py:1829} INFO - Created Permission View: can edit on DAG:consume_1_and_2_with_dataset_expressions
[2024-04-10T00:44:44.086+0000] {logging_mixin.py:188} INFO - [2024-04-10T00:44:44.085+0000] {override.py:1829} INFO - Created Permission View: can read on DAG:consume_1_and_2_with_dataset_expressions
[2024-04-10T00:44:44.097+0000] {logging_mixin.py:188} INFO - [2024-04-10T00:44:44.096+0000] {override.py:1829} INFO - Created Permission View: can delete on DAG:consume_1_and_2_with_dataset_expressions
[2024-04-10T00:44:44.120+0000] {logging_mixin.py:188} INFO - [2024-04-10T00:44:44.119+0000] {override.py:1829} INFO - Created Permission View: can edit on DAG:dataset_consumes_1_and_2
[2024-04-10T00:44:44.130+0000] {logging_mixin.py:188} INFO - [2024-04-10T00:44:44.129+0000] {override.py:1829} INFO - Created Permission View: can read on DAG:dataset_consumes_1_and_2
[2024-04-10T00:44:44.138+0000] {logging_mixin.py:188} INFO - [2024-04-10T00:44:44.138+0000] {override.py:1829} INFO - Created Permission View: can delete on DAG:dataset_consumes_1_and_2
[2024-04-10T00:44:44.153+0000] {logging_mixin.py:188} INFO - [2024-04-10T00:44:44.153+0000] {override.py:1829} INFO - Created Permission View: can edit on DAG:dataset_consumes_1
[2024-04-10T00:44:44.163+0000] {logging_mixin.py:188} INFO - [2024-04-10T00:44:44.163+0000] {override.py:1829} INFO - Created Permission View: can read on DAG:dataset_consumes_1
[2024-04-10T00:44:44.170+0000] {logging_mixin.py:188} INFO - [2024-04-10T00:44:44.170+0000] {override.py:1829} INFO - Created Permission View: can delete on DAG:dataset_consumes_1
[2024-04-10T00:44:44.192+0000] {logging_mixin.py:188} INFO - [2024-04-10T00:44:44.191+0000] {override.py:1829} INFO - Created Permission View: can edit on DAG:dataset_consumes_1_never_scheduled
[2024-04-10T00:44:44.213+0000] {logging_mixin.py:188} INFO - [2024-04-10T00:44:44.212+0000] {override.py:1829} INFO - Created Permission View: can read on DAG:dataset_consumes_1_never_scheduled
[2024-04-10T00:44:44.223+0000] {logging_mixin.py:188} INFO - [2024-04-10T00:44:44.222+0000] {override.py:1829} INFO - Created Permission View: can delete on DAG:dataset_consumes_1_never_scheduled
[2024-04-10T00:44:44.237+0000] {logging_mixin.py:188} INFO - [2024-04-10T00:44:44.237+0000] {override.py:1829} INFO - Created Permission View: can edit on DAG:dataset_consumes_unknown_never_scheduled
[2024-04-10T00:44:44.246+0000] {logging_mixin.py:188} INFO - [2024-04-10T00:44:44.246+0000] {override.py:1829} INFO - Created Permission View: can read on DAG:dataset_consumes_unknown_never_scheduled
[2024-04-10T00:44:44.256+0000] {logging_mixin.py:188} INFO - [2024-04-10T00:44:44.255+0000] {override.py:1829} INFO - Created Permission View: can delete on DAG:dataset_consumes_unknown_never_scheduled
[2024-04-10T00:44:44.273+0000] {logging_mixin.py:188} INFO - [2024-04-10T00:44:44.272+0000] {override.py:1829} INFO - Created Permission View: can edit on DAG:consume_1_or_2_with_dataset_expressions
[2024-04-10T00:44:44.281+0000] {logging_mixin.py:188} INFO - [2024-04-10T00:44:44.281+0000] {override.py:1829} INFO - Created Permission View: can read on DAG:consume_1_or_2_with_dataset_expressions
[2024-04-10T00:44:44.288+0000] {logging_mixin.py:188} INFO - [2024-04-10T00:44:44.288+0000] {override.py:1829} INFO - Created Permission View: can delete on DAG:consume_1_or_2_with_dataset_expressions
[2024-04-10T00:44:44.301+0000] {logging_mixin.py:188} INFO - [2024-04-10T00:44:44.300+0000] {override.py:1829} INFO - Created Permission View: can edit on DAG:dataset_produces_2
[2024-04-10T00:44:44.307+0000] {logging_mixin.py:188} INFO - [2024-04-10T00:44:44.307+0000] {override.py:1829} INFO - Created Permission View: can read on DAG:dataset_produces_2
[2024-04-10T00:44:44.314+0000] {logging_mixin.py:188} INFO - [2024-04-10T00:44:44.314+0000] {override.py:1829} INFO - Created Permission View: can delete on DAG:dataset_produces_2
[2024-04-10T00:44:44.326+0000] {logging_mixin.py:188} INFO - [2024-04-10T00:44:44.326+0000] {override.py:1829} INFO - Created Permission View: can edit on DAG:conditional_dataset_and_time_based_timetable
[2024-04-10T00:44:44.333+0000] {logging_mixin.py:188} INFO - [2024-04-10T00:44:44.333+0000] {override.py:1829} INFO - Created Permission View: can read on DAG:conditional_dataset_and_time_based_timetable
[2024-04-10T00:44:44.340+0000] {logging_mixin.py:188} INFO - [2024-04-10T00:44:44.340+0000] {override.py:1829} INFO - Created Permission View: can delete on DAG:conditional_dataset_and_time_based_timetable
[2024-04-10T00:44:44.356+0000] {logging_mixin.py:188} INFO - [2024-04-10T00:44:44.355+0000] {override.py:1829} INFO - Created Permission View: can edit on DAG:consume_1_or_both_2_and_3_with_dataset_expressions
[2024-04-10T00:44:44.363+0000] {logging_mixin.py:188} INFO - [2024-04-10T00:44:44.363+0000] {override.py:1829} INFO - Created Permission View: can read on DAG:consume_1_or_both_2_and_3_with_dataset_expressions
[2024-04-10T00:44:44.398+0000] {logging_mixin.py:188} INFO - [2024-04-10T00:44:44.397+0000] {override.py:1829} INFO - Created Permission View: can delete on DAG:consume_1_or_both_2_and_3_with_dataset_expressions
[2024-04-10T00:44:44.417+0000] {logging_mixin.py:188} INFO - [2024-04-10T00:44:44.416+0000] {override.py:1829} INFO - Created Permission View: can edit on DAG:dataset_produces_1
[2024-04-10T00:44:44.425+0000] {logging_mixin.py:188} INFO - [2024-04-10T00:44:44.425+0000] {override.py:1829} INFO - Created Permission View: can read on DAG:dataset_produces_1
[2024-04-10T00:44:44.432+0000] {logging_mixin.py:188} INFO - [2024-04-10T00:44:44.432+0000] {override.py:1829} INFO - Created Permission View: can delete on DAG:dataset_produces_1
[2024-04-10T00:44:44.433+0000] {logging_mixin.py:188} INFO - [2024-04-10T00:44:44.432+0000] {dag.py:3096} INFO - Sync 10 DAGs
[2024-04-10T00:44:44.449+0000] {logging_mixin.py:188} INFO - [2024-04-10T00:44:44.449+0000] {dag.py:3118} INFO - Creating ORM DAG for dataset_consumes_1
[2024-04-10T00:44:44.451+0000] {logging_mixin.py:188} INFO - [2024-04-10T00:44:44.450+0000] {dag.py:3118} INFO - Creating ORM DAG for dataset_consumes_unknown_never_scheduled
[2024-04-10T00:44:44.452+0000] {logging_mixin.py:188} INFO - [2024-04-10T00:44:44.451+0000] {dag.py:3118} INFO - Creating ORM DAG for dataset_consumes_1_never_scheduled
[2024-04-10T00:44:44.453+0000] {logging_mixin.py:188} INFO - [2024-04-10T00:44:44.453+0000] {dag.py:3118} INFO - Creating ORM DAG for dataset_produces_2
[2024-04-10T00:44:44.454+0000] {logging_mixin.py:188} INFO - [2024-04-10T00:44:44.454+0000] {dag.py:3118} INFO - Creating ORM DAG for consume_1_and_2_with_dataset_expressions
[2024-04-10T00:44:44.455+0000] {logging_mixin.py:188} INFO - [2024-04-10T00:44:44.455+0000] {dag.py:3118} INFO - Creating ORM DAG for consume_1_or_both_2_and_3_with_dataset_expressions
[2024-04-10T00:44:44.456+0000] {logging_mixin.py:188} INFO - [2024-04-10T00:44:44.456+0000] {dag.py:3118} INFO - Creating ORM DAG for consume_1_or_2_with_dataset_expressions
[2024-04-10T00:44:44.458+0000] {logging_mixin.py:188} INFO - [2024-04-10T00:44:44.457+0000] {dag.py:3118} INFO - Creating ORM DAG for dataset_produces_1
[2024-04-10T00:44:44.459+0000] {logging_mixin.py:188} INFO - [2024-04-10T00:44:44.458+0000] {dag.py:3118} INFO - Creating ORM DAG for dataset_consumes_1_and_2
[2024-04-10T00:44:44.460+0000] {logging_mixin.py:188} INFO - [2024-04-10T00:44:44.459+0000] {dag.py:3118} INFO - Creating ORM DAG for conditional_dataset_and_time_based_timetable
[2024-04-10T00:44:44.475+0000] {logging_mixin.py:188} INFO - [2024-04-10T00:44:44.475+0000] {dag.py:3954} INFO - Setting next_dagrun for conditional_dataset_and_time_based_timetable to 2024-04-03 01:00:00+00:00, run_after=2024-04-03 01:00:00+00:00
[2024-04-10T00:44:44.477+0000] {logging_mixin.py:188} INFO - [2024-04-10T00:44:44.477+0000] {dag.py:3954} INFO - Setting next_dagrun for consume_1_and_2_with_dataset_expressions to None, run_after=None
[2024-04-10T00:44:44.478+0000] {logging_mixin.py:188} INFO - [2024-04-10T00:44:44.478+0000] {dag.py:3954} INFO - Setting next_dagrun for consume_1_or_2_with_dataset_expressions to None, run_after=None
[2024-04-10T00:44:44.479+0000] {logging_mixin.py:188} INFO - [2024-04-10T00:44:44.479+0000] {dag.py:3954} INFO - Setting next_dagrun for consume_1_or_both_2_and_3_with_dataset_expressions to None, run_after=None
[2024-04-10T00:44:44.480+0000] {logging_mixin.py:188} INFO - [2024-04-10T00:44:44.479+0000] {dag.py:3954} INFO - Setting next_dagrun for dataset_consumes_1 to None, run_after=None
[2024-04-10T00:44:44.481+0000] {logging_mixin.py:188} INFO - [2024-04-10T00:44:44.481+0000] {dag.py:3954} INFO - Setting next_dagrun for dataset_consumes_1_and_2 to None, run_after=None
[2024-04-10T00:44:44.482+0000] {logging_mixin.py:188} INFO - [2024-04-10T00:44:44.482+0000] {dag.py:3954} INFO - Setting next_dagrun for dataset_consumes_1_never_scheduled to None, run_after=None
[2024-04-10T00:44:44.483+0000] {logging_mixin.py:188} INFO - [2024-04-10T00:44:44.482+0000] {dag.py:3954} INFO - Setting next_dagrun for dataset_consumes_unknown_never_scheduled to None, run_after=None
[2024-04-10T00:44:44.485+0000] {logging_mixin.py:188} INFO - [2024-04-10T00:44:44.485+0000] {dag.py:3954} INFO - Setting next_dagrun for dataset_produces_1 to 2024-04-09 00:00:00+00:00, run_after=2024-04-10 00:00:00+00:00
[2024-04-10T00:44:44.487+0000] {logging_mixin.py:188} INFO - [2024-04-10T00:44:44.486+0000] {dag.py:3954} INFO - Setting next_dagrun for dataset_produces_2 to None, run_after=None
[2024-04-10T00:44:44.577+0000] {processor.py:183} INFO - Processing /home/airflow/.local/lib/python3.12/site-packages/airflow/example_dags/example_datasets.py took 0.731 seconds
[2024-04-10T00:45:19.792+0000] {processor.py:161} INFO - Started process (PID=626) to work on /home/airflow/.local/lib/python3.12/site-packages/airflow/example_dags/example_datasets.py
[2024-04-10T00:45:19.796+0000] {processor.py:830} INFO - Processing file /home/airflow/.local/lib/python3.12/site-packages/airflow/example_dags/example_datasets.py for tasks to queue
[2024-04-10T00:45:19.798+0000] {logging_mixin.py:188} INFO - [2024-04-10T00:45:19.798+0000] {dagbag.py:540} INFO - Filling up the DagBag from /home/airflow/.local/lib/python3.12/site-packages/airflow/example_dags/example_datasets.py
[2024-04-10T00:45:19.932+0000] {processor.py:840} INFO - DAG(s) 'dataset_consumes_1_and_2', 'consume_1_or_both_2_and_3_with_dataset_expressions', 'consume_1_or_2_with_dataset_expressions', 'consume_1_and_2_with_dataset_expressions', 'dataset_consumes_1_never_scheduled', 'dataset_produces_1', 'conditional_dataset_and_time_based_timetable', 'dataset_consumes_unknown_never_scheduled', 'dataset_produces_2', 'dataset_consumes_1' retrieved from /home/airflow/.local/lib/python3.12/site-packages/airflow/example_dags/example_datasets.py
[2024-04-10T00:45:20.091+0000] {logging_mixin.py:188} INFO - [2024-04-10T00:45:20.090+0000] {dag.py:3096} INFO - Sync 10 DAGs
[2024-04-10T00:45:20.124+0000] {logging_mixin.py:188} INFO - [2024-04-10T00:45:20.124+0000] {dag.py:3954} INFO - Setting next_dagrun for conditional_dataset_and_time_based_timetable to 2024-04-03 01:00:00+00:00, run_after=2024-04-03 01:00:00+00:00
[2024-04-10T00:45:20.128+0000] {logging_mixin.py:188} INFO - [2024-04-10T00:45:20.128+0000] {dag.py:3954} INFO - Setting next_dagrun for consume_1_and_2_with_dataset_expressions to None, run_after=None
[2024-04-10T00:45:20.129+0000] {logging_mixin.py:188} INFO - [2024-04-10T00:45:20.129+0000] {dag.py:3954} INFO - Setting next_dagrun for consume_1_or_2_with_dataset_expressions to None, run_after=None
[2024-04-10T00:45:20.130+0000] {logging_mixin.py:188} INFO - [2024-04-10T00:45:20.130+0000] {dag.py:3954} INFO - Setting next_dagrun for consume_1_or_both_2_and_3_with_dataset_expressions to None, run_after=None
[2024-04-10T00:45:20.131+0000] {logging_mixin.py:188} INFO - [2024-04-10T00:45:20.131+0000] {dag.py:3954} INFO - Setting next_dagrun for dataset_consumes_1 to None, run_after=None
[2024-04-10T00:45:20.132+0000] {logging_mixin.py:188} INFO - [2024-04-10T00:45:20.132+0000] {dag.py:3954} INFO - Setting next_dagrun for dataset_consumes_1_and_2 to None, run_after=None
[2024-04-10T00:45:20.134+0000] {logging_mixin.py:188} INFO - [2024-04-10T00:45:20.134+0000] {dag.py:3954} INFO - Setting next_dagrun for dataset_consumes_1_never_scheduled to None, run_after=None
[2024-04-10T00:45:20.135+0000] {logging_mixin.py:188} INFO - [2024-04-10T00:45:20.135+0000] {dag.py:3954} INFO - Setting next_dagrun for dataset_consumes_unknown_never_scheduled to None, run_after=None
[2024-04-10T00:45:20.137+0000] {logging_mixin.py:188} INFO - [2024-04-10T00:45:20.137+0000] {dag.py:3954} INFO - Setting next_dagrun for dataset_produces_1 to 2024-04-09 00:00:00+00:00, run_after=2024-04-10 00:00:00+00:00
[2024-04-10T00:45:20.139+0000] {logging_mixin.py:188} INFO - [2024-04-10T00:45:20.139+0000] {dag.py:3954} INFO - Setting next_dagrun for dataset_produces_2 to None, run_after=None
[2024-04-10T00:45:20.355+0000] {processor.py:183} INFO - Processing /home/airflow/.local/lib/python3.12/site-packages/airflow/example_dags/example_datasets.py took 0.569 seconds
[2024-04-10T00:45:53.859+0000] {processor.py:161} INFO - Started process (PID=888) to work on /home/airflow/.local/lib/python3.12/site-packages/airflow/example_dags/example_datasets.py
[2024-04-10T00:45:53.864+0000] {processor.py:830} INFO - Processing file /home/airflow/.local/lib/python3.12/site-packages/airflow/example_dags/example_datasets.py for tasks to queue
[2024-04-10T00:45:53.867+0000] {logging_mixin.py:188} INFO - [2024-04-10T00:45:53.867+0000] {dagbag.py:540} INFO - Filling up the DagBag from /home/airflow/.local/lib/python3.12/site-packages/airflow/example_dags/example_datasets.py
[2024-04-10T00:45:53.992+0000] {processor.py:840} INFO - DAG(s) 'dataset_produces_1', 'dataset_consumes_1', 'dataset_produces_2', 'consume_1_or_both_2_and_3_with_dataset_expressions', 'dataset_consumes_1_and_2', 'conditional_dataset_and_time_based_timetable', 'dataset_consumes_unknown_never_scheduled', 'consume_1_or_2_with_dataset_expressions', 'consume_1_and_2_with_dataset_expressions', 'dataset_consumes_1_never_scheduled' retrieved from /home/airflow/.local/lib/python3.12/site-packages/airflow/example_dags/example_datasets.py
[2024-04-10T00:45:54.106+0000] {logging_mixin.py:188} INFO - [2024-04-10T00:45:54.106+0000] {dag.py:3096} INFO - Sync 10 DAGs
[2024-04-10T00:45:54.300+0000] {logging_mixin.py:188} INFO - [2024-04-10T00:45:54.300+0000] {dag.py:3954} INFO - Setting next_dagrun for conditional_dataset_and_time_based_timetable to 2024-04-03 01:00:00+00:00, run_after=2024-04-03 01:00:00+00:00
[2024-04-10T00:45:54.306+0000] {logging_mixin.py:188} INFO - [2024-04-10T00:45:54.305+0000] {dag.py:3954} INFO - Setting next_dagrun for consume_1_and_2_with_dataset_expressions to None, run_after=None
[2024-04-10T00:45:54.309+0000] {logging_mixin.py:188} INFO - [2024-04-10T00:45:54.308+0000] {dag.py:3954} INFO - Setting next_dagrun for consume_1_or_2_with_dataset_expressions to None, run_after=None
[2024-04-10T00:45:54.310+0000] {logging_mixin.py:188} INFO - [2024-04-10T00:45:54.310+0000] {dag.py:3954} INFO - Setting next_dagrun for consume_1_or_both_2_and_3_with_dataset_expressions to None, run_after=None
[2024-04-10T00:45:54.316+0000] {logging_mixin.py:188} INFO - [2024-04-10T00:45:54.315+0000] {dag.py:3954} INFO - Setting next_dagrun for dataset_consumes_1 to None, run_after=None
[2024-04-10T00:45:54.321+0000] {logging_mixin.py:188} INFO - [2024-04-10T00:45:54.320+0000] {dag.py:3954} INFO - Setting next_dagrun for dataset_consumes_1_and_2 to None, run_after=None
[2024-04-10T00:45:54.324+0000] {logging_mixin.py:188} INFO - [2024-04-10T00:45:54.324+0000] {dag.py:3954} INFO - Setting next_dagrun for dataset_consumes_1_never_scheduled to None, run_after=None
[2024-04-10T00:45:54.329+0000] {logging_mixin.py:188} INFO - [2024-04-10T00:45:54.329+0000] {dag.py:3954} INFO - Setting next_dagrun for dataset_consumes_unknown_never_scheduled to None, run_after=None
[2024-04-10T00:45:54.336+0000] {logging_mixin.py:188} INFO - [2024-04-10T00:45:54.335+0000] {dag.py:3954} INFO - Setting next_dagrun for dataset_produces_1 to 2024-04-09 00:00:00+00:00, run_after=2024-04-10 00:00:00+00:00
[2024-04-10T00:45:54.338+0000] {logging_mixin.py:188} INFO - [2024-04-10T00:45:54.337+0000] {dag.py:3954} INFO - Setting next_dagrun for dataset_produces_2 to None, run_after=None
[2024-04-10T00:45:54.490+0000] {processor.py:183} INFO - Processing /home/airflow/.local/lib/python3.12/site-packages/airflow/example_dags/example_datasets.py took 0.653 seconds
[2024-04-10T00:46:25.129+0000] {processor.py:161} INFO - Started process (PID=1154) to work on /home/airflow/.local/lib/python3.12/site-packages/airflow/example_dags/example_datasets.py
[2024-04-10T00:46:25.131+0000] {processor.py:830} INFO - Processing file /home/airflow/.local/lib/python3.12/site-packages/airflow/example_dags/example_datasets.py for tasks to queue
[2024-04-10T00:46:25.133+0000] {logging_mixin.py:188} INFO - [2024-04-10T00:46:25.133+0000] {dagbag.py:540} INFO - Filling up the DagBag from /home/airflow/.local/lib/python3.12/site-packages/airflow/example_dags/example_datasets.py
[2024-04-10T00:46:25.169+0000] {processor.py:840} INFO - DAG(s) 'dataset_consumes_1_and_2', 'dataset_consumes_unknown_never_scheduled', 'dataset_produces_2', 'consume_1_and_2_with_dataset_expressions', 'conditional_dataset_and_time_based_timetable', 'dataset_consumes_1', 'consume_1_or_both_2_and_3_with_dataset_expressions', 'dataset_produces_1', 'consume_1_or_2_with_dataset_expressions', 'dataset_consumes_1_never_scheduled' retrieved from /home/airflow/.local/lib/python3.12/site-packages/airflow/example_dags/example_datasets.py
[2024-04-10T00:46:25.252+0000] {logging_mixin.py:188} INFO - [2024-04-10T00:46:25.251+0000] {dag.py:3096} INFO - Sync 10 DAGs
[2024-04-10T00:46:25.305+0000] {logging_mixin.py:188} INFO - [2024-04-10T00:46:25.305+0000] {dag.py:3954} INFO - Setting next_dagrun for conditional_dataset_and_time_based_timetable to 2024-04-03 01:00:00+00:00, run_after=2024-04-03 01:00:00+00:00
[2024-04-10T00:46:25.313+0000] {logging_mixin.py:188} INFO - [2024-04-10T00:46:25.313+0000] {dag.py:3954} INFO - Setting next_dagrun for consume_1_and_2_with_dataset_expressions to None, run_after=None
[2024-04-10T00:46:25.317+0000] {logging_mixin.py:188} INFO - [2024-04-10T00:46:25.316+0000] {dag.py:3954} INFO - Setting next_dagrun for consume_1_or_2_with_dataset_expressions to None, run_after=None
[2024-04-10T00:46:25.321+0000] {logging_mixin.py:188} INFO - [2024-04-10T00:46:25.320+0000] {dag.py:3954} INFO - Setting next_dagrun for consume_1_or_both_2_and_3_with_dataset_expressions to None, run_after=None
[2024-04-10T00:46:25.326+0000] {logging_mixin.py:188} INFO - [2024-04-10T00:46:25.325+0000] {dag.py:3954} INFO - Setting next_dagrun for dataset_consumes_1 to None, run_after=None
[2024-04-10T00:46:25.331+0000] {logging_mixin.py:188} INFO - [2024-04-10T00:46:25.330+0000] {dag.py:3954} INFO - Setting next_dagrun for dataset_consumes_1_and_2 to None, run_after=None
[2024-04-10T00:46:25.336+0000] {logging_mixin.py:188} INFO - [2024-04-10T00:46:25.336+0000] {dag.py:3954} INFO - Setting next_dagrun for dataset_consumes_1_never_scheduled to None, run_after=None
[2024-04-10T00:46:25.343+0000] {logging_mixin.py:188} INFO - [2024-04-10T00:46:25.342+0000] {dag.py:3954} INFO - Setting next_dagrun for dataset_consumes_unknown_never_scheduled to None, run_after=None
[2024-04-10T00:46:25.355+0000] {logging_mixin.py:188} INFO - [2024-04-10T00:46:25.354+0000] {dag.py:3954} INFO - Setting next_dagrun for dataset_produces_1 to 2024-04-09 00:00:00+00:00, run_after=2024-04-10 00:00:00+00:00
[2024-04-10T00:46:25.358+0000] {logging_mixin.py:188} INFO - [2024-04-10T00:46:25.357+0000] {dag.py:3954} INFO - Setting next_dagrun for dataset_produces_2 to None, run_after=None
[2024-04-10T00:46:25.413+0000] {processor.py:183} INFO - Processing /home/airflow/.local/lib/python3.12/site-packages/airflow/example_dags/example_datasets.py took 0.291 seconds
[2024-04-10T00:47:00.843+0000] {processor.py:161} INFO - Started process (PID=1411) to work on /home/airflow/.local/lib/python3.12/site-packages/airflow/example_dags/example_datasets.py
[2024-04-10T00:47:00.847+0000] {processor.py:830} INFO - Processing file /home/airflow/.local/lib/python3.12/site-packages/airflow/example_dags/example_datasets.py for tasks to queue
[2024-04-10T00:47:00.850+0000] {logging_mixin.py:188} INFO - [2024-04-10T00:47:00.849+0000] {dagbag.py:540} INFO - Filling up the DagBag from /home/airflow/.local/lib/python3.12/site-packages/airflow/example_dags/example_datasets.py
[2024-04-10T00:47:00.955+0000] {processor.py:840} INFO - DAG(s) 'dataset_consumes_1_never_scheduled', 'conditional_dataset_and_time_based_timetable', 'consume_1_or_2_with_dataset_expressions', 'consume_1_or_both_2_and_3_with_dataset_expressions', 'consume_1_and_2_with_dataset_expressions', 'dataset_produces_1', 'dataset_consumes_unknown_never_scheduled', 'dataset_produces_2', 'dataset_consumes_1', 'dataset_consumes_1_and_2' retrieved from /home/airflow/.local/lib/python3.12/site-packages/airflow/example_dags/example_datasets.py
[2024-04-10T00:47:01.003+0000] {logging_mixin.py:188} INFO - [2024-04-10T00:47:01.003+0000] {dag.py:3096} INFO - Sync 10 DAGs
[2024-04-10T00:47:01.031+0000] {logging_mixin.py:188} INFO - [2024-04-10T00:47:01.031+0000] {dag.py:3954} INFO - Setting next_dagrun for conditional_dataset_and_time_based_timetable to 2024-04-03 01:00:00+00:00, run_after=2024-04-03 01:00:00+00:00
[2024-04-10T00:47:01.034+0000] {logging_mixin.py:188} INFO - [2024-04-10T00:47:01.034+0000] {dag.py:3954} INFO - Setting next_dagrun for consume_1_and_2_with_dataset_expressions to None, run_after=None
[2024-04-10T00:47:01.035+0000] {logging_mixin.py:188} INFO - [2024-04-10T00:47:01.035+0000] {dag.py:3954} INFO - Setting next_dagrun for consume_1_or_2_with_dataset_expressions to None, run_after=None
[2024-04-10T00:47:01.036+0000] {logging_mixin.py:188} INFO - [2024-04-10T00:47:01.036+0000] {dag.py:3954} INFO - Setting next_dagrun for consume_1_or_both_2_and_3_with_dataset_expressions to None, run_after=None
[2024-04-10T00:47:01.037+0000] {logging_mixin.py:188} INFO - [2024-04-10T00:47:01.037+0000] {dag.py:3954} INFO - Setting next_dagrun for dataset_consumes_1 to None, run_after=None
[2024-04-10T00:47:01.038+0000] {logging_mixin.py:188} INFO - [2024-04-10T00:47:01.038+0000] {dag.py:3954} INFO - Setting next_dagrun for dataset_consumes_1_and_2 to None, run_after=None
[2024-04-10T00:47:01.040+0000] {logging_mixin.py:188} INFO - [2024-04-10T00:47:01.039+0000] {dag.py:3954} INFO - Setting next_dagrun for dataset_consumes_1_never_scheduled to None, run_after=None
[2024-04-10T00:47:01.041+0000] {logging_mixin.py:188} INFO - [2024-04-10T00:47:01.041+0000] {dag.py:3954} INFO - Setting next_dagrun for dataset_consumes_unknown_never_scheduled to None, run_after=None
[2024-04-10T00:47:01.042+0000] {logging_mixin.py:188} INFO - [2024-04-10T00:47:01.042+0000] {dag.py:3954} INFO - Setting next_dagrun for dataset_produces_1 to 2024-04-09 00:00:00+00:00, run_after=2024-04-10 00:00:00+00:00
[2024-04-10T00:47:01.043+0000] {logging_mixin.py:188} INFO - [2024-04-10T00:47:01.043+0000] {dag.py:3954} INFO - Setting next_dagrun for dataset_produces_2 to None, run_after=None
[2024-04-10T00:47:01.165+0000] {processor.py:183} INFO - Processing /home/airflow/.local/lib/python3.12/site-packages/airflow/example_dags/example_datasets.py took 0.328 seconds
[2024-04-10T00:47:36.021+0000] {processor.py:161} INFO - Started process (PID=1669) to work on /home/airflow/.local/lib/python3.12/site-packages/airflow/example_dags/example_datasets.py
[2024-04-10T00:47:36.023+0000] {processor.py:830} INFO - Processing file /home/airflow/.local/lib/python3.12/site-packages/airflow/example_dags/example_datasets.py for tasks to queue
[2024-04-10T00:47:36.026+0000] {logging_mixin.py:188} INFO - [2024-04-10T00:47:36.025+0000] {dagbag.py:540} INFO - Filling up the DagBag from /home/airflow/.local/lib/python3.12/site-packages/airflow/example_dags/example_datasets.py
[2024-04-10T00:47:36.054+0000] {processor.py:840} INFO - DAG(s) 'dataset_consumes_1', 'dataset_consumes_1_never_scheduled', 'dataset_produces_2', 'consume_1_or_2_with_dataset_expressions', 'dataset_produces_1', 'dataset_consumes_unknown_never_scheduled', 'consume_1_or_both_2_and_3_with_dataset_expressions', 'consume_1_and_2_with_dataset_expressions', 'conditional_dataset_and_time_based_timetable', 'dataset_consumes_1_and_2' retrieved from /home/airflow/.local/lib/python3.12/site-packages/airflow/example_dags/example_datasets.py
[2024-04-10T00:47:36.120+0000] {logging_mixin.py:188} INFO - [2024-04-10T00:47:36.120+0000] {dag.py:3096} INFO - Sync 10 DAGs
[2024-04-10T00:47:36.153+0000] {logging_mixin.py:188} INFO - [2024-04-10T00:47:36.152+0000] {dag.py:3954} INFO - Setting next_dagrun for conditional_dataset_and_time_based_timetable to 2024-04-03 01:00:00+00:00, run_after=2024-04-03 01:00:00+00:00
[2024-04-10T00:47:36.158+0000] {logging_mixin.py:188} INFO - [2024-04-10T00:47:36.158+0000] {dag.py:3954} INFO - Setting next_dagrun for consume_1_and_2_with_dataset_expressions to None, run_after=None
[2024-04-10T00:47:36.159+0000] {logging_mixin.py:188} INFO - [2024-04-10T00:47:36.159+0000] {dag.py:3954} INFO - Setting next_dagrun for consume_1_or_2_with_dataset_expressions to None, run_after=None
[2024-04-10T00:47:36.161+0000] {logging_mixin.py:188} INFO - [2024-04-10T00:47:36.161+0000] {dag.py:3954} INFO - Setting next_dagrun for consume_1_or_both_2_and_3_with_dataset_expressions to None, run_after=None
[2024-04-10T00:47:36.162+0000] {logging_mixin.py:188} INFO - [2024-04-10T00:47:36.162+0000] {dag.py:3954} INFO - Setting next_dagrun for dataset_consumes_1 to None, run_after=None
[2024-04-10T00:47:36.163+0000] {logging_mixin.py:188} INFO - [2024-04-10T00:47:36.163+0000] {dag.py:3954} INFO - Setting next_dagrun for dataset_consumes_1_and_2 to None, run_after=None
[2024-04-10T00:47:36.164+0000] {logging_mixin.py:188} INFO - [2024-04-10T00:47:36.164+0000] {dag.py:3954} INFO - Setting next_dagrun for dataset_consumes_1_never_scheduled to None, run_after=None
[2024-04-10T00:47:36.165+0000] {logging_mixin.py:188} INFO - [2024-04-10T00:47:36.165+0000] {dag.py:3954} INFO - Setting next_dagrun for dataset_consumes_unknown_never_scheduled to None, run_after=None
[2024-04-10T00:47:36.167+0000] {logging_mixin.py:188} INFO - [2024-04-10T00:47:36.166+0000] {dag.py:3954} INFO - Setting next_dagrun for dataset_produces_1 to 2024-04-09 00:00:00+00:00, run_after=2024-04-10 00:00:00+00:00
[2024-04-10T00:47:36.168+0000] {logging_mixin.py:188} INFO - [2024-04-10T00:47:36.167+0000] {dag.py:3954} INFO - Setting next_dagrun for dataset_produces_2 to None, run_after=None
[2024-04-10T00:47:36.240+0000] {processor.py:183} INFO - Processing /home/airflow/.local/lib/python3.12/site-packages/airflow/example_dags/example_datasets.py took 0.201 seconds
[2024-04-10T00:48:08.917+0000] {processor.py:161} INFO - Started process (PID=1937) to work on /home/airflow/.local/lib/python3.12/site-packages/airflow/example_dags/example_datasets.py
[2024-04-10T00:48:08.919+0000] {processor.py:830} INFO - Processing file /home/airflow/.local/lib/python3.12/site-packages/airflow/example_dags/example_datasets.py for tasks to queue
[2024-04-10T00:48:08.923+0000] {logging_mixin.py:188} INFO - [2024-04-10T00:48:08.922+0000] {dagbag.py:540} INFO - Filling up the DagBag from /home/airflow/.local/lib/python3.12/site-packages/airflow/example_dags/example_datasets.py
[2024-04-10T00:48:08.997+0000] {processor.py:840} INFO - DAG(s) 'dataset_consumes_1_never_scheduled', 'dataset_consumes_unknown_never_scheduled', 'consume_1_or_2_with_dataset_expressions', 'consume_1_and_2_with_dataset_expressions', 'consume_1_or_both_2_and_3_with_dataset_expressions', 'dataset_produces_2', 'dataset_produces_1', 'dataset_consumes_1_and_2', 'dataset_consumes_1', 'conditional_dataset_and_time_based_timetable' retrieved from /home/airflow/.local/lib/python3.12/site-packages/airflow/example_dags/example_datasets.py
[2024-04-10T00:48:09.109+0000] {logging_mixin.py:188} INFO - [2024-04-10T00:48:09.105+0000] {dag.py:3096} INFO - Sync 10 DAGs
[2024-04-10T00:48:09.221+0000] {logging_mixin.py:188} INFO - [2024-04-10T00:48:09.220+0000] {dag.py:3954} INFO - Setting next_dagrun for conditional_dataset_and_time_based_timetable to 2024-04-03 01:00:00+00:00, run_after=2024-04-03 01:00:00+00:00
[2024-04-10T00:48:09.246+0000] {logging_mixin.py:188} INFO - [2024-04-10T00:48:09.246+0000] {dag.py:3954} INFO - Setting next_dagrun for consume_1_and_2_with_dataset_expressions to None, run_after=None
[2024-04-10T00:48:09.248+0000] {logging_mixin.py:188} INFO - [2024-04-10T00:48:09.248+0000] {dag.py:3954} INFO - Setting next_dagrun for consume_1_or_2_with_dataset_expressions to None, run_after=None
[2024-04-10T00:48:09.251+0000] {logging_mixin.py:188} INFO - [2024-04-10T00:48:09.250+0000] {dag.py:3954} INFO - Setting next_dagrun for consume_1_or_both_2_and_3_with_dataset_expressions to None, run_after=None
[2024-04-10T00:48:09.255+0000] {logging_mixin.py:188} INFO - [2024-04-10T00:48:09.254+0000] {dag.py:3954} INFO - Setting next_dagrun for dataset_consumes_1 to None, run_after=None
[2024-04-10T00:48:09.259+0000] {logging_mixin.py:188} INFO - [2024-04-10T00:48:09.258+0000] {dag.py:3954} INFO - Setting next_dagrun for dataset_consumes_1_and_2 to None, run_after=None
[2024-04-10T00:48:09.262+0000] {logging_mixin.py:188} INFO - [2024-04-10T00:48:09.262+0000] {dag.py:3954} INFO - Setting next_dagrun for dataset_consumes_1_never_scheduled to None, run_after=None
[2024-04-10T00:48:09.265+0000] {logging_mixin.py:188} INFO - [2024-04-10T00:48:09.264+0000] {dag.py:3954} INFO - Setting next_dagrun for dataset_consumes_unknown_never_scheduled to None, run_after=None
[2024-04-10T00:48:09.272+0000] {logging_mixin.py:188} INFO - [2024-04-10T00:48:09.271+0000] {dag.py:3954} INFO - Setting next_dagrun for dataset_produces_1 to 2024-04-09 00:00:00+00:00, run_after=2024-04-10 00:00:00+00:00
[2024-04-10T00:48:09.275+0000] {logging_mixin.py:188} INFO - [2024-04-10T00:48:09.275+0000] {dag.py:3954} INFO - Setting next_dagrun for dataset_produces_2 to None, run_after=None
[2024-04-10T00:48:09.389+0000] {processor.py:183} INFO - Processing /home/airflow/.local/lib/python3.12/site-packages/airflow/example_dags/example_datasets.py took 0.481 seconds
