[2024-04-10T00:44:37.757+0000] {processor.py:161} INFO - Started process (PID=284) to work on /home/airflow/.local/lib/python3.12/site-packages/airflow/example_dags/example_sensor_decorator.py
[2024-04-10T00:44:37.759+0000] {processor.py:830} INFO - Processing file /home/airflow/.local/lib/python3.12/site-packages/airflow/example_dags/example_sensor_decorator.py for tasks to queue
[2024-04-10T00:44:37.764+0000] {logging_mixin.py:188} INFO - [2024-04-10T00:44:37.762+0000] {dagbag.py:540} INFO - Filling up the DagBag from /home/airflow/.local/lib/python3.12/site-packages/airflow/example_dags/example_sensor_decorator.py
[2024-04-10T00:44:37.787+0000] {processor.py:840} INFO - DAG(s) 'example_sensor_decorator' retrieved from /home/airflow/.local/lib/python3.12/site-packages/airflow/example_dags/example_sensor_decorator.py
[2024-04-10T00:44:38.028+0000] {logging_mixin.py:188} INFO - [2024-04-10T00:44:38.023+0000] {override.py:1829} INFO - Created Permission View: can edit on DAG:example_sensor_decorator
[2024-04-10T00:44:38.061+0000] {logging_mixin.py:188} INFO - [2024-04-10T00:44:38.060+0000] {override.py:1829} INFO - Created Permission View: can read on DAG:example_sensor_decorator
[2024-04-10T00:44:38.072+0000] {logging_mixin.py:188} INFO - [2024-04-10T00:44:38.072+0000] {override.py:1829} INFO - Created Permission View: can delete on DAG:example_sensor_decorator
[2024-04-10T00:44:38.074+0000] {logging_mixin.py:188} INFO - [2024-04-10T00:44:38.073+0000] {dag.py:3096} INFO - Sync 1 DAGs
[2024-04-10T00:44:38.111+0000] {logging_mixin.py:188} INFO - [2024-04-10T00:44:38.111+0000] {dag.py:3118} INFO - Creating ORM DAG for example_sensor_decorator
[2024-04-10T00:44:38.122+0000] {logging_mixin.py:188} INFO - [2024-04-10T00:44:38.121+0000] {dag.py:3954} INFO - Setting next_dagrun for example_sensor_decorator to None, run_after=None
[2024-04-10T00:44:38.173+0000] {processor.py:183} INFO - Processing /home/airflow/.local/lib/python3.12/site-packages/airflow/example_dags/example_sensor_decorator.py took 0.423 seconds
[2024-04-10T00:45:10.392+0000] {processor.py:161} INFO - Started process (PID=541) to work on /home/airflow/.local/lib/python3.12/site-packages/airflow/example_dags/example_sensor_decorator.py
[2024-04-10T00:45:10.396+0000] {processor.py:830} INFO - Processing file /home/airflow/.local/lib/python3.12/site-packages/airflow/example_dags/example_sensor_decorator.py for tasks to queue
[2024-04-10T00:45:10.404+0000] {logging_mixin.py:188} INFO - [2024-04-10T00:45:10.402+0000] {dagbag.py:540} INFO - Filling up the DagBag from /home/airflow/.local/lib/python3.12/site-packages/airflow/example_dags/example_sensor_decorator.py
[2024-04-10T00:45:10.439+0000] {processor.py:840} INFO - DAG(s) 'example_sensor_decorator' retrieved from /home/airflow/.local/lib/python3.12/site-packages/airflow/example_dags/example_sensor_decorator.py
[2024-04-10T00:45:10.525+0000] {logging_mixin.py:188} INFO - [2024-04-10T00:45:10.525+0000] {dag.py:3096} INFO - Sync 1 DAGs
[2024-04-10T00:45:10.593+0000] {logging_mixin.py:188} INFO - [2024-04-10T00:45:10.592+0000] {dag.py:3954} INFO - Setting next_dagrun for example_sensor_decorator to None, run_after=None
[2024-04-10T00:45:10.677+0000] {processor.py:183} INFO - Processing /home/airflow/.local/lib/python3.12/site-packages/airflow/example_dags/example_sensor_decorator.py took 0.301 seconds
[2024-04-10T00:45:45.943+0000] {processor.py:161} INFO - Started process (PID=808) to work on /home/airflow/.local/lib/python3.12/site-packages/airflow/example_dags/example_sensor_decorator.py
[2024-04-10T00:45:45.947+0000] {processor.py:830} INFO - Processing file /home/airflow/.local/lib/python3.12/site-packages/airflow/example_dags/example_sensor_decorator.py for tasks to queue
[2024-04-10T00:45:45.956+0000] {logging_mixin.py:188} INFO - [2024-04-10T00:45:45.952+0000] {dagbag.py:540} INFO - Filling up the DagBag from /home/airflow/.local/lib/python3.12/site-packages/airflow/example_dags/example_sensor_decorator.py
[2024-04-10T00:45:46.092+0000] {processor.py:840} INFO - DAG(s) 'example_sensor_decorator' retrieved from /home/airflow/.local/lib/python3.12/site-packages/airflow/example_dags/example_sensor_decorator.py
[2024-04-10T00:45:46.647+0000] {logging_mixin.py:188} INFO - [2024-04-10T00:45:46.646+0000] {dag.py:3096} INFO - Sync 1 DAGs
[2024-04-10T00:45:47.193+0000] {logging_mixin.py:188} INFO - [2024-04-10T00:45:47.192+0000] {dag.py:3954} INFO - Setting next_dagrun for example_sensor_decorator to None, run_after=None
[2024-04-10T00:45:47.307+0000] {processor.py:183} INFO - Processing /home/airflow/.local/lib/python3.12/site-packages/airflow/example_dags/example_sensor_decorator.py took 1.312 seconds
[2024-04-10T00:46:23.056+0000] {processor.py:161} INFO - Started process (PID=1069) to work on /home/airflow/.local/lib/python3.12/site-packages/airflow/example_dags/example_sensor_decorator.py
[2024-04-10T00:46:23.058+0000] {processor.py:830} INFO - Processing file /home/airflow/.local/lib/python3.12/site-packages/airflow/example_dags/example_sensor_decorator.py for tasks to queue
[2024-04-10T00:46:23.062+0000] {logging_mixin.py:188} INFO - [2024-04-10T00:46:23.061+0000] {dagbag.py:540} INFO - Filling up the DagBag from /home/airflow/.local/lib/python3.12/site-packages/airflow/example_dags/example_sensor_decorator.py
[2024-04-10T00:46:23.079+0000] {processor.py:840} INFO - DAG(s) 'example_sensor_decorator' retrieved from /home/airflow/.local/lib/python3.12/site-packages/airflow/example_dags/example_sensor_decorator.py
[2024-04-10T00:46:23.119+0000] {logging_mixin.py:188} INFO - [2024-04-10T00:46:23.118+0000] {dag.py:3096} INFO - Sync 1 DAGs
[2024-04-10T00:46:23.141+0000] {logging_mixin.py:188} INFO - [2024-04-10T00:46:23.141+0000] {dag.py:3954} INFO - Setting next_dagrun for example_sensor_decorator to None, run_after=None
[2024-04-10T00:46:23.162+0000] {processor.py:183} INFO - Processing /home/airflow/.local/lib/python3.12/site-packages/airflow/example_dags/example_sensor_decorator.py took 0.129 seconds
[2024-04-10T00:46:56.310+0000] {processor.py:161} INFO - Started process (PID=1325) to work on /home/airflow/.local/lib/python3.12/site-packages/airflow/example_dags/example_sensor_decorator.py
[2024-04-10T00:46:56.313+0000] {processor.py:830} INFO - Processing file /home/airflow/.local/lib/python3.12/site-packages/airflow/example_dags/example_sensor_decorator.py for tasks to queue
[2024-04-10T00:46:56.319+0000] {logging_mixin.py:188} INFO - [2024-04-10T00:46:56.318+0000] {dagbag.py:540} INFO - Filling up the DagBag from /home/airflow/.local/lib/python3.12/site-packages/airflow/example_dags/example_sensor_decorator.py
[2024-04-10T00:46:56.339+0000] {processor.py:840} INFO - DAG(s) 'example_sensor_decorator' retrieved from /home/airflow/.local/lib/python3.12/site-packages/airflow/example_dags/example_sensor_decorator.py
[2024-04-10T00:46:56.412+0000] {logging_mixin.py:188} INFO - [2024-04-10T00:46:56.411+0000] {dag.py:3096} INFO - Sync 1 DAGs
[2024-04-10T00:46:56.461+0000] {logging_mixin.py:188} INFO - [2024-04-10T00:46:56.460+0000] {dag.py:3954} INFO - Setting next_dagrun for example_sensor_decorator to None, run_after=None
[2024-04-10T00:46:56.524+0000] {processor.py:183} INFO - Processing /home/airflow/.local/lib/python3.12/site-packages/airflow/example_dags/example_sensor_decorator.py took 0.227 seconds
[2024-04-10T00:47:33.056+0000] {processor.py:161} INFO - Started process (PID=1587) to work on /home/airflow/.local/lib/python3.12/site-packages/airflow/example_dags/example_sensor_decorator.py
[2024-04-10T00:47:33.060+0000] {processor.py:830} INFO - Processing file /home/airflow/.local/lib/python3.12/site-packages/airflow/example_dags/example_sensor_decorator.py for tasks to queue
[2024-04-10T00:47:33.062+0000] {logging_mixin.py:188} INFO - [2024-04-10T00:47:33.061+0000] {dagbag.py:540} INFO - Filling up the DagBag from /home/airflow/.local/lib/python3.12/site-packages/airflow/example_dags/example_sensor_decorator.py
[2024-04-10T00:47:33.078+0000] {processor.py:840} INFO - DAG(s) 'example_sensor_decorator' retrieved from /home/airflow/.local/lib/python3.12/site-packages/airflow/example_dags/example_sensor_decorator.py
[2024-04-10T00:47:33.107+0000] {logging_mixin.py:188} INFO - [2024-04-10T00:47:33.106+0000] {dag.py:3096} INFO - Sync 1 DAGs
[2024-04-10T00:47:33.119+0000] {logging_mixin.py:188} INFO - [2024-04-10T00:47:33.118+0000] {dag.py:3954} INFO - Setting next_dagrun for example_sensor_decorator to None, run_after=None
[2024-04-10T00:47:33.157+0000] {processor.py:183} INFO - Processing /home/airflow/.local/lib/python3.12/site-packages/airflow/example_dags/example_sensor_decorator.py took 0.108 seconds
[2024-04-10T00:48:04.111+0000] {processor.py:161} INFO - Started process (PID=1844) to work on /home/airflow/.local/lib/python3.12/site-packages/airflow/example_dags/example_sensor_decorator.py
[2024-04-10T00:48:04.113+0000] {processor.py:830} INFO - Processing file /home/airflow/.local/lib/python3.12/site-packages/airflow/example_dags/example_sensor_decorator.py for tasks to queue
[2024-04-10T00:48:04.115+0000] {logging_mixin.py:188} INFO - [2024-04-10T00:48:04.114+0000] {dagbag.py:540} INFO - Filling up the DagBag from /home/airflow/.local/lib/python3.12/site-packages/airflow/example_dags/example_sensor_decorator.py
[2024-04-10T00:48:04.139+0000] {processor.py:840} INFO - DAG(s) 'example_sensor_decorator' retrieved from /home/airflow/.local/lib/python3.12/site-packages/airflow/example_dags/example_sensor_decorator.py
[2024-04-10T00:48:04.196+0000] {logging_mixin.py:188} INFO - [2024-04-10T00:48:04.195+0000] {dag.py:3096} INFO - Sync 1 DAGs
[2024-04-10T00:48:04.224+0000] {logging_mixin.py:188} INFO - [2024-04-10T00:48:04.223+0000] {dag.py:3954} INFO - Setting next_dagrun for example_sensor_decorator to None, run_after=None
[2024-04-10T00:48:04.366+0000] {processor.py:183} INFO - Processing /home/airflow/.local/lib/python3.12/site-packages/airflow/example_dags/example_sensor_decorator.py took 0.285 seconds
