[2024-04-10T00:44:34.385+0000] {processor.py:161} INFO - Started process (PID=221) to work on /home/airflow/.local/lib/python3.12/site-packages/airflow/example_dags/example_branch_labels.py
[2024-04-10T00:44:34.388+0000] {processor.py:830} INFO - Processing file /home/airflow/.local/lib/python3.12/site-packages/airflow/example_dags/example_branch_labels.py for tasks to queue
[2024-04-10T00:44:34.392+0000] {logging_mixin.py:188} INFO - [2024-04-10T00:44:34.391+0000] {dagbag.py:540} INFO - Filling up the DagBag from /home/airflow/.local/lib/python3.12/site-packages/airflow/example_dags/example_branch_labels.py
[2024-04-10T00:44:34.407+0000] {processor.py:840} INFO - DAG(s) 'example_branch_labels' retrieved from /home/airflow/.local/lib/python3.12/site-packages/airflow/example_dags/example_branch_labels.py
[2024-04-10T00:44:34.721+0000] {logging_mixin.py:188} INFO - [2024-04-10T00:44:34.719+0000] {override.py:1829} INFO - Created Permission View: can edit on DAG:example_branch_labels
[2024-04-10T00:44:34.743+0000] {logging_mixin.py:188} INFO - [2024-04-10T00:44:34.743+0000] {override.py:1829} INFO - Created Permission View: can read on DAG:example_branch_labels
[2024-04-10T00:44:34.757+0000] {logging_mixin.py:188} INFO - [2024-04-10T00:44:34.757+0000] {override.py:1829} INFO - Created Permission View: can delete on DAG:example_branch_labels
[2024-04-10T00:44:34.759+0000] {logging_mixin.py:188} INFO - [2024-04-10T00:44:34.758+0000] {dag.py:3096} INFO - Sync 1 DAGs
[2024-04-10T00:44:34.787+0000] {logging_mixin.py:188} INFO - [2024-04-10T00:44:34.786+0000] {dag.py:3118} INFO - Creating ORM DAG for example_branch_labels
[2024-04-10T00:44:34.810+0000] {logging_mixin.py:188} INFO - [2024-04-10T00:44:34.810+0000] {dag.py:3954} INFO - Setting next_dagrun for example_branch_labels to 2024-04-09 00:00:00+00:00, run_after=2024-04-10 00:00:00+00:00
[2024-04-10T00:44:34.851+0000] {processor.py:183} INFO - Processing /home/airflow/.local/lib/python3.12/site-packages/airflow/example_dags/example_branch_labels.py took 0.473 seconds
[2024-04-10T00:45:05.800+0000] {processor.py:161} INFO - Started process (PID=483) to work on /home/airflow/.local/lib/python3.12/site-packages/airflow/example_dags/example_branch_labels.py
[2024-04-10T00:45:05.815+0000] {processor.py:830} INFO - Processing file /home/airflow/.local/lib/python3.12/site-packages/airflow/example_dags/example_branch_labels.py for tasks to queue
[2024-04-10T00:45:05.863+0000] {logging_mixin.py:188} INFO - [2024-04-10T00:45:05.860+0000] {dagbag.py:540} INFO - Filling up the DagBag from /home/airflow/.local/lib/python3.12/site-packages/airflow/example_dags/example_branch_labels.py
[2024-04-10T00:45:05.927+0000] {processor.py:840} INFO - DAG(s) 'example_branch_labels' retrieved from /home/airflow/.local/lib/python3.12/site-packages/airflow/example_dags/example_branch_labels.py
[2024-04-10T00:45:06.408+0000] {logging_mixin.py:188} INFO - [2024-04-10T00:45:06.376+0000] {dag.py:3096} INFO - Sync 1 DAGs
[2024-04-10T00:45:06.773+0000] {logging_mixin.py:188} INFO - [2024-04-10T00:45:06.771+0000] {dag.py:3954} INFO - Setting next_dagrun for example_branch_labels to 2024-04-09 00:00:00+00:00, run_after=2024-04-10 00:00:00+00:00
[2024-04-10T00:45:06.877+0000] {processor.py:183} INFO - Processing /home/airflow/.local/lib/python3.12/site-packages/airflow/example_dags/example_branch_labels.py took 1.103 seconds
[2024-04-10T00:45:37.910+0000] {processor.py:161} INFO - Started process (PID=743) to work on /home/airflow/.local/lib/python3.12/site-packages/airflow/example_dags/example_branch_labels.py
[2024-04-10T00:45:37.948+0000] {processor.py:830} INFO - Processing file /home/airflow/.local/lib/python3.12/site-packages/airflow/example_dags/example_branch_labels.py for tasks to queue
[2024-04-10T00:45:37.988+0000] {logging_mixin.py:188} INFO - [2024-04-10T00:45:37.987+0000] {dagbag.py:540} INFO - Filling up the DagBag from /home/airflow/.local/lib/python3.12/site-packages/airflow/example_dags/example_branch_labels.py
[2024-04-10T00:45:38.044+0000] {processor.py:840} INFO - DAG(s) 'example_branch_labels' retrieved from /home/airflow/.local/lib/python3.12/site-packages/airflow/example_dags/example_branch_labels.py
[2024-04-10T00:45:38.212+0000] {logging_mixin.py:188} INFO - [2024-04-10T00:45:38.209+0000] {dag.py:3096} INFO - Sync 1 DAGs
[2024-04-10T00:45:38.478+0000] {logging_mixin.py:188} INFO - [2024-04-10T00:45:38.476+0000] {dag.py:3954} INFO - Setting next_dagrun for example_branch_labels to 2024-04-09 00:00:00+00:00, run_after=2024-04-10 00:00:00+00:00
[2024-04-10T00:45:38.545+0000] {processor.py:183} INFO - Processing /home/airflow/.local/lib/python3.12/site-packages/airflow/example_dags/example_branch_labels.py took 0.674 seconds
[2024-04-10T00:46:16.672+0000] {processor.py:161} INFO - Started process (PID=1004) to work on /home/airflow/.local/lib/python3.12/site-packages/airflow/example_dags/example_branch_labels.py
[2024-04-10T00:46:16.731+0000] {processor.py:830} INFO - Processing file /home/airflow/.local/lib/python3.12/site-packages/airflow/example_dags/example_branch_labels.py for tasks to queue
[2024-04-10T00:46:16.765+0000] {logging_mixin.py:188} INFO - [2024-04-10T00:46:16.764+0000] {dagbag.py:540} INFO - Filling up the DagBag from /home/airflow/.local/lib/python3.12/site-packages/airflow/example_dags/example_branch_labels.py
[2024-04-10T00:46:16.788+0000] {processor.py:840} INFO - DAG(s) 'example_branch_labels' retrieved from /home/airflow/.local/lib/python3.12/site-packages/airflow/example_dags/example_branch_labels.py
[2024-04-10T00:46:17.189+0000] {logging_mixin.py:188} INFO - [2024-04-10T00:46:17.188+0000] {dag.py:3096} INFO - Sync 1 DAGs
[2024-04-10T00:46:17.717+0000] {logging_mixin.py:188} INFO - [2024-04-10T00:46:17.712+0000] {dag.py:3954} INFO - Setting next_dagrun for example_branch_labels to 2024-04-09 00:00:00+00:00, run_after=2024-04-10 00:00:00+00:00
[2024-04-10T00:46:17.909+0000] {processor.py:183} INFO - Processing /home/airflow/.local/lib/python3.12/site-packages/airflow/example_dags/example_branch_labels.py took 1.324 seconds
[2024-04-10T00:46:48.864+0000] {processor.py:161} INFO - Started process (PID=1262) to work on /home/airflow/.local/lib/python3.12/site-packages/airflow/example_dags/example_branch_labels.py
[2024-04-10T00:46:48.888+0000] {processor.py:830} INFO - Processing file /home/airflow/.local/lib/python3.12/site-packages/airflow/example_dags/example_branch_labels.py for tasks to queue
[2024-04-10T00:46:48.920+0000] {logging_mixin.py:188} INFO - [2024-04-10T00:46:48.910+0000] {dagbag.py:540} INFO - Filling up the DagBag from /home/airflow/.local/lib/python3.12/site-packages/airflow/example_dags/example_branch_labels.py
[2024-04-10T00:46:49.047+0000] {processor.py:840} INFO - DAG(s) 'example_branch_labels' retrieved from /home/airflow/.local/lib/python3.12/site-packages/airflow/example_dags/example_branch_labels.py
[2024-04-10T00:46:49.444+0000] {logging_mixin.py:188} INFO - [2024-04-10T00:46:49.442+0000] {dag.py:3096} INFO - Sync 1 DAGs
[2024-04-10T00:46:49.798+0000] {logging_mixin.py:188} INFO - [2024-04-10T00:46:49.797+0000] {dag.py:3954} INFO - Setting next_dagrun for example_branch_labels to 2024-04-09 00:00:00+00:00, run_after=2024-04-10 00:00:00+00:00
[2024-04-10T00:46:50.116+0000] {processor.py:183} INFO - Processing /home/airflow/.local/lib/python3.12/site-packages/airflow/example_dags/example_branch_labels.py took 1.365 seconds
[2024-04-10T00:47:21.137+0000] {processor.py:161} INFO - Started process (PID=1524) to work on /home/airflow/.local/lib/python3.12/site-packages/airflow/example_dags/example_branch_labels.py
[2024-04-10T00:47:21.142+0000] {processor.py:830} INFO - Processing file /home/airflow/.local/lib/python3.12/site-packages/airflow/example_dags/example_branch_labels.py for tasks to queue
[2024-04-10T00:47:21.158+0000] {logging_mixin.py:188} INFO - [2024-04-10T00:47:21.153+0000] {dagbag.py:540} INFO - Filling up the DagBag from /home/airflow/.local/lib/python3.12/site-packages/airflow/example_dags/example_branch_labels.py
[2024-04-10T00:47:21.204+0000] {processor.py:840} INFO - DAG(s) 'example_branch_labels' retrieved from /home/airflow/.local/lib/python3.12/site-packages/airflow/example_dags/example_branch_labels.py
[2024-04-10T00:47:21.315+0000] {logging_mixin.py:188} INFO - [2024-04-10T00:47:21.315+0000] {dag.py:3096} INFO - Sync 1 DAGs
[2024-04-10T00:47:21.418+0000] {logging_mixin.py:188} INFO - [2024-04-10T00:47:21.418+0000] {dag.py:3954} INFO - Setting next_dagrun for example_branch_labels to 2024-04-09 00:00:00+00:00, run_after=2024-04-10 00:00:00+00:00
[2024-04-10T00:47:21.439+0000] {processor.py:183} INFO - Processing /home/airflow/.local/lib/python3.12/site-packages/airflow/example_dags/example_branch_labels.py took 0.359 seconds
[2024-04-10T00:47:52.707+0000] {processor.py:161} INFO - Started process (PID=1784) to work on /home/airflow/.local/lib/python3.12/site-packages/airflow/example_dags/example_branch_labels.py
[2024-04-10T00:47:52.721+0000] {processor.py:830} INFO - Processing file /home/airflow/.local/lib/python3.12/site-packages/airflow/example_dags/example_branch_labels.py for tasks to queue
[2024-04-10T00:47:52.729+0000] {logging_mixin.py:188} INFO - [2024-04-10T00:47:52.728+0000] {dagbag.py:540} INFO - Filling up the DagBag from /home/airflow/.local/lib/python3.12/site-packages/airflow/example_dags/example_branch_labels.py
[2024-04-10T00:47:52.752+0000] {processor.py:840} INFO - DAG(s) 'example_branch_labels' retrieved from /home/airflow/.local/lib/python3.12/site-packages/airflow/example_dags/example_branch_labels.py
[2024-04-10T00:47:53.227+0000] {logging_mixin.py:188} INFO - [2024-04-10T00:47:53.226+0000] {dag.py:3096} INFO - Sync 1 DAGs
[2024-04-10T00:47:53.647+0000] {logging_mixin.py:188} INFO - [2024-04-10T00:47:53.646+0000] {dag.py:3954} INFO - Setting next_dagrun for example_branch_labels to 2024-04-09 00:00:00+00:00, run_after=2024-04-10 00:00:00+00:00
[2024-04-10T00:47:53.730+0000] {processor.py:183} INFO - Processing /home/airflow/.local/lib/python3.12/site-packages/airflow/example_dags/example_branch_labels.py took 1.049 seconds
