[2024-04-10T00:44:40.891+0000] {processor.py:161} INFO - Started process (PID=319) to work on /home/airflow/.local/lib/python3.12/site-packages/airflow/example_dags/tutorial_dag.py
[2024-04-10T00:44:40.895+0000] {processor.py:830} INFO - Processing file /home/airflow/.local/lib/python3.12/site-packages/airflow/example_dags/tutorial_dag.py for tasks to queue
[2024-04-10T00:44:40.903+0000] {logging_mixin.py:188} INFO - [2024-04-10T00:44:40.902+0000] {dagbag.py:540} INFO - Filling up the DagBag from /home/airflow/.local/lib/python3.12/site-packages/airflow/example_dags/tutorial_dag.py
[2024-04-10T00:44:40.942+0000] {processor.py:840} INFO - DAG(s) 'tutorial_dag' retrieved from /home/airflow/.local/lib/python3.12/site-packages/airflow/example_dags/tutorial_dag.py
[2024-04-10T00:44:41.670+0000] {logging_mixin.py:188} INFO - [2024-04-10T00:44:41.668+0000] {override.py:1829} INFO - Created Permission View: can edit on DAG:tutorial_dag
[2024-04-10T00:44:41.687+0000] {logging_mixin.py:188} INFO - [2024-04-10T00:44:41.687+0000] {override.py:1829} INFO - Created Permission View: can read on DAG:tutorial_dag
[2024-04-10T00:44:41.704+0000] {logging_mixin.py:188} INFO - [2024-04-10T00:44:41.703+0000] {override.py:1829} INFO - Created Permission View: can delete on DAG:tutorial_dag
[2024-04-10T00:44:41.706+0000] {logging_mixin.py:188} INFO - [2024-04-10T00:44:41.705+0000] {dag.py:3096} INFO - Sync 1 DAGs
[2024-04-10T00:44:41.731+0000] {logging_mixin.py:188} INFO - [2024-04-10T00:44:41.731+0000] {dag.py:3118} INFO - Creating ORM DAG for tutorial_dag
[2024-04-10T00:44:41.734+0000] {logging_mixin.py:188} INFO - [2024-04-10T00:44:41.733+0000] {dag.py:3954} INFO - Setting next_dagrun for tutorial_dag to None, run_after=None
[2024-04-10T00:44:41.766+0000] {processor.py:183} INFO - Processing /home/airflow/.local/lib/python3.12/site-packages/airflow/example_dags/tutorial_dag.py took 0.921 seconds
[2024-04-10T00:45:14.943+0000] {processor.py:161} INFO - Started process (PID=583) to work on /home/airflow/.local/lib/python3.12/site-packages/airflow/example_dags/tutorial_dag.py
[2024-04-10T00:45:14.967+0000] {processor.py:830} INFO - Processing file /home/airflow/.local/lib/python3.12/site-packages/airflow/example_dags/tutorial_dag.py for tasks to queue
[2024-04-10T00:45:15.032+0000] {logging_mixin.py:188} INFO - [2024-04-10T00:45:14.992+0000] {dagbag.py:540} INFO - Filling up the DagBag from /home/airflow/.local/lib/python3.12/site-packages/airflow/example_dags/tutorial_dag.py
[2024-04-10T00:45:15.228+0000] {processor.py:840} INFO - DAG(s) 'tutorial_dag' retrieved from /home/airflow/.local/lib/python3.12/site-packages/airflow/example_dags/tutorial_dag.py
[2024-04-10T00:45:15.537+0000] {logging_mixin.py:188} INFO - [2024-04-10T00:45:15.536+0000] {dag.py:3096} INFO - Sync 1 DAGs
[2024-04-10T00:45:15.773+0000] {logging_mixin.py:188} INFO - [2024-04-10T00:45:15.772+0000] {dag.py:3954} INFO - Setting next_dagrun for tutorial_dag to None, run_after=None
[2024-04-10T00:45:15.996+0000] {processor.py:183} INFO - Processing /home/airflow/.local/lib/python3.12/site-packages/airflow/example_dags/tutorial_dag.py took 1.084 seconds
[2024-04-10T00:45:51.206+0000] {processor.py:161} INFO - Started process (PID=845) to work on /home/airflow/.local/lib/python3.12/site-packages/airflow/example_dags/tutorial_dag.py
[2024-04-10T00:45:51.208+0000] {processor.py:830} INFO - Processing file /home/airflow/.local/lib/python3.12/site-packages/airflow/example_dags/tutorial_dag.py for tasks to queue
[2024-04-10T00:45:51.210+0000] {logging_mixin.py:188} INFO - [2024-04-10T00:45:51.210+0000] {dagbag.py:540} INFO - Filling up the DagBag from /home/airflow/.local/lib/python3.12/site-packages/airflow/example_dags/tutorial_dag.py
[2024-04-10T00:45:51.300+0000] {processor.py:840} INFO - DAG(s) 'tutorial_dag' retrieved from /home/airflow/.local/lib/python3.12/site-packages/airflow/example_dags/tutorial_dag.py
[2024-04-10T00:45:51.340+0000] {logging_mixin.py:188} INFO - [2024-04-10T00:45:51.340+0000] {dag.py:3096} INFO - Sync 1 DAGs
[2024-04-10T00:45:51.356+0000] {logging_mixin.py:188} INFO - [2024-04-10T00:45:51.355+0000] {dag.py:3954} INFO - Setting next_dagrun for tutorial_dag to None, run_after=None
[2024-04-10T00:45:51.381+0000] {processor.py:183} INFO - Processing /home/airflow/.local/lib/python3.12/site-packages/airflow/example_dags/tutorial_dag.py took 0.181 seconds
[2024-04-10T00:46:24.295+0000] {processor.py:161} INFO - Started process (PID=1104) to work on /home/airflow/.local/lib/python3.12/site-packages/airflow/example_dags/tutorial_dag.py
[2024-04-10T00:46:24.297+0000] {processor.py:830} INFO - Processing file /home/airflow/.local/lib/python3.12/site-packages/airflow/example_dags/tutorial_dag.py for tasks to queue
[2024-04-10T00:46:24.299+0000] {logging_mixin.py:188} INFO - [2024-04-10T00:46:24.299+0000] {dagbag.py:540} INFO - Filling up the DagBag from /home/airflow/.local/lib/python3.12/site-packages/airflow/example_dags/tutorial_dag.py
[2024-04-10T00:46:24.307+0000] {processor.py:840} INFO - DAG(s) 'tutorial_dag' retrieved from /home/airflow/.local/lib/python3.12/site-packages/airflow/example_dags/tutorial_dag.py
[2024-04-10T00:46:24.337+0000] {logging_mixin.py:188} INFO - [2024-04-10T00:46:24.336+0000] {dag.py:3096} INFO - Sync 1 DAGs
[2024-04-10T00:46:24.364+0000] {logging_mixin.py:188} INFO - [2024-04-10T00:46:24.363+0000] {dag.py:3954} INFO - Setting next_dagrun for tutorial_dag to None, run_after=None
[2024-04-10T00:46:24.385+0000] {processor.py:183} INFO - Processing /home/airflow/.local/lib/python3.12/site-packages/airflow/example_dags/tutorial_dag.py took 0.100 seconds
[2024-04-10T00:46:59.057+0000] {processor.py:161} INFO - Started process (PID=1366) to work on /home/airflow/.local/lib/python3.12/site-packages/airflow/example_dags/tutorial_dag.py
[2024-04-10T00:46:59.063+0000] {processor.py:830} INFO - Processing file /home/airflow/.local/lib/python3.12/site-packages/airflow/example_dags/tutorial_dag.py for tasks to queue
[2024-04-10T00:46:59.066+0000] {logging_mixin.py:188} INFO - [2024-04-10T00:46:59.065+0000] {dagbag.py:540} INFO - Filling up the DagBag from /home/airflow/.local/lib/python3.12/site-packages/airflow/example_dags/tutorial_dag.py
[2024-04-10T00:46:59.075+0000] {processor.py:840} INFO - DAG(s) 'tutorial_dag' retrieved from /home/airflow/.local/lib/python3.12/site-packages/airflow/example_dags/tutorial_dag.py
[2024-04-10T00:46:59.117+0000] {logging_mixin.py:188} INFO - [2024-04-10T00:46:59.117+0000] {dag.py:3096} INFO - Sync 1 DAGs
[2024-04-10T00:46:59.136+0000] {logging_mixin.py:188} INFO - [2024-04-10T00:46:59.135+0000] {dag.py:3954} INFO - Setting next_dagrun for tutorial_dag to None, run_after=None
[2024-04-10T00:46:59.151+0000] {processor.py:183} INFO - Processing /home/airflow/.local/lib/python3.12/site-packages/airflow/example_dags/tutorial_dag.py took 0.105 seconds
[2024-04-10T00:47:34.589+0000] {processor.py:161} INFO - Started process (PID=1622) to work on /home/airflow/.local/lib/python3.12/site-packages/airflow/example_dags/tutorial_dag.py
[2024-04-10T00:47:34.591+0000] {processor.py:830} INFO - Processing file /home/airflow/.local/lib/python3.12/site-packages/airflow/example_dags/tutorial_dag.py for tasks to queue
[2024-04-10T00:47:34.593+0000] {logging_mixin.py:188} INFO - [2024-04-10T00:47:34.593+0000] {dagbag.py:540} INFO - Filling up the DagBag from /home/airflow/.local/lib/python3.12/site-packages/airflow/example_dags/tutorial_dag.py
[2024-04-10T00:47:34.696+0000] {processor.py:840} INFO - DAG(s) 'tutorial_dag' retrieved from /home/airflow/.local/lib/python3.12/site-packages/airflow/example_dags/tutorial_dag.py
[2024-04-10T00:47:34.789+0000] {logging_mixin.py:188} INFO - [2024-04-10T00:47:34.789+0000] {dag.py:3096} INFO - Sync 1 DAGs
[2024-04-10T00:47:34.895+0000] {logging_mixin.py:188} INFO - [2024-04-10T00:47:34.895+0000] {dag.py:3954} INFO - Setting next_dagrun for tutorial_dag to None, run_after=None
[2024-04-10T00:47:35.039+0000] {processor.py:183} INFO - Processing /home/airflow/.local/lib/python3.12/site-packages/airflow/example_dags/tutorial_dag.py took 0.457 seconds
[2024-04-10T00:48:05.911+0000] {processor.py:161} INFO - Started process (PID=1884) to work on /home/airflow/.local/lib/python3.12/site-packages/airflow/example_dags/tutorial_dag.py
[2024-04-10T00:48:05.940+0000] {processor.py:830} INFO - Processing file /home/airflow/.local/lib/python3.12/site-packages/airflow/example_dags/tutorial_dag.py for tasks to queue
[2024-04-10T00:48:05.943+0000] {logging_mixin.py:188} INFO - [2024-04-10T00:48:05.943+0000] {dagbag.py:540} INFO - Filling up the DagBag from /home/airflow/.local/lib/python3.12/site-packages/airflow/example_dags/tutorial_dag.py
[2024-04-10T00:48:05.956+0000] {processor.py:840} INFO - DAG(s) 'tutorial_dag' retrieved from /home/airflow/.local/lib/python3.12/site-packages/airflow/example_dags/tutorial_dag.py
[2024-04-10T00:48:06.092+0000] {logging_mixin.py:188} INFO - [2024-04-10T00:48:06.092+0000] {dag.py:3096} INFO - Sync 1 DAGs
[2024-04-10T00:48:06.135+0000] {logging_mixin.py:188} INFO - [2024-04-10T00:48:06.135+0000] {dag.py:3954} INFO - Setting next_dagrun for tutorial_dag to None, run_after=None
[2024-04-10T00:48:06.230+0000] {processor.py:183} INFO - Processing /home/airflow/.local/lib/python3.12/site-packages/airflow/example_dags/tutorial_dag.py took 0.317 seconds
