[2024-04-11T00:29:05.759+0000] {processor.py:161} INFO - Started process (PID=172) to work on /opt/airflow/dags/example_dag.py
[2024-04-11T00:29:05.761+0000] {processor.py:830} INFO - Processing file /opt/airflow/dags/example_dag.py for tasks to queue
[2024-04-11T00:29:05.769+0000] {logging_mixin.py:188} INFO - [2024-04-11T00:29:05.768+0000] {dagbag.py:540} INFO - Filling up the DagBag from /opt/airflow/dags/example_dag.py
[2024-04-11T00:29:05.833+0000] {processor.py:840} INFO - DAG(s) 'example-dag-docker' retrieved from /opt/airflow/dags/example_dag.py
[2024-04-11T00:29:07.155+0000] {logging_mixin.py:188} INFO - [2024-04-11T00:29:07.152+0000] {dag.py:3096} INFO - Sync 1 DAGs
[2024-04-11T00:29:07.222+0000] {logging_mixin.py:188} INFO - [2024-04-11T00:29:07.220+0000] {dag.py:3954} INFO - Setting next_dagrun for example-dag-docker to None, run_after=None
[2024-04-11T00:29:07.301+0000] {processor.py:183} INFO - Processing /opt/airflow/dags/example_dag.py took 1.575 seconds
[2024-04-11T00:29:37.924+0000] {processor.py:161} INFO - Started process (PID=183) to work on /opt/airflow/dags/example_dag.py
[2024-04-11T00:29:37.927+0000] {processor.py:830} INFO - Processing file /opt/airflow/dags/example_dag.py for tasks to queue
[2024-04-11T00:29:37.932+0000] {logging_mixin.py:188} INFO - [2024-04-11T00:29:37.931+0000] {dagbag.py:540} INFO - Filling up the DagBag from /opt/airflow/dags/example_dag.py
[2024-04-11T00:29:37.972+0000] {processor.py:840} INFO - DAG(s) 'example-dag-docker' retrieved from /opt/airflow/dags/example_dag.py
[2024-04-11T00:29:38.039+0000] {logging_mixin.py:188} INFO - [2024-04-11T00:29:38.038+0000] {dag.py:3096} INFO - Sync 1 DAGs
[2024-04-11T00:29:38.058+0000] {logging_mixin.py:188} INFO - [2024-04-11T00:29:38.058+0000] {dag.py:3954} INFO - Setting next_dagrun for example-dag-docker to None, run_after=None
[2024-04-11T00:29:38.077+0000] {processor.py:183} INFO - Processing /opt/airflow/dags/example_dag.py took 0.185 seconds
[2024-04-11T00:30:08.611+0000] {processor.py:161} INFO - Started process (PID=194) to work on /opt/airflow/dags/example_dag.py
[2024-04-11T00:30:08.614+0000] {processor.py:830} INFO - Processing file /opt/airflow/dags/example_dag.py for tasks to queue
[2024-04-11T00:30:08.620+0000] {logging_mixin.py:188} INFO - [2024-04-11T00:30:08.619+0000] {dagbag.py:540} INFO - Filling up the DagBag from /opt/airflow/dags/example_dag.py
[2024-04-11T00:30:08.652+0000] {processor.py:840} INFO - DAG(s) 'example-dag-docker' retrieved from /opt/airflow/dags/example_dag.py
[2024-04-11T00:30:08.701+0000] {logging_mixin.py:188} INFO - [2024-04-11T00:30:08.700+0000] {dag.py:3096} INFO - Sync 1 DAGs
[2024-04-11T00:30:08.721+0000] {logging_mixin.py:188} INFO - [2024-04-11T00:30:08.721+0000] {dag.py:3954} INFO - Setting next_dagrun for example-dag-docker to None, run_after=None
[2024-04-11T00:30:08.798+0000] {processor.py:183} INFO - Processing /opt/airflow/dags/example_dag.py took 0.221 seconds
[2024-04-11T00:30:39.182+0000] {processor.py:161} INFO - Started process (PID=205) to work on /opt/airflow/dags/example_dag.py
[2024-04-11T00:30:39.194+0000] {processor.py:830} INFO - Processing file /opt/airflow/dags/example_dag.py for tasks to queue
[2024-04-11T00:30:39.219+0000] {logging_mixin.py:188} INFO - [2024-04-11T00:30:39.215+0000] {dagbag.py:540} INFO - Filling up the DagBag from /opt/airflow/dags/example_dag.py
[2024-04-11T00:30:39.273+0000] {processor.py:840} INFO - DAG(s) 'example-dag-docker' retrieved from /opt/airflow/dags/example_dag.py
[2024-04-11T00:30:39.380+0000] {logging_mixin.py:188} INFO - [2024-04-11T00:30:39.380+0000] {dag.py:3096} INFO - Sync 1 DAGs
[2024-04-11T00:30:39.428+0000] {logging_mixin.py:188} INFO - [2024-04-11T00:30:39.428+0000] {dag.py:3954} INFO - Setting next_dagrun for example-dag-docker to None, run_after=None
[2024-04-11T00:30:39.457+0000] {processor.py:183} INFO - Processing /opt/airflow/dags/example_dag.py took 0.439 seconds
[2024-04-11T00:31:09.644+0000] {processor.py:161} INFO - Started process (PID=216) to work on /opt/airflow/dags/example_dag.py
[2024-04-11T00:31:09.646+0000] {processor.py:830} INFO - Processing file /opt/airflow/dags/example_dag.py for tasks to queue
[2024-04-11T00:31:09.651+0000] {logging_mixin.py:188} INFO - [2024-04-11T00:31:09.649+0000] {dagbag.py:540} INFO - Filling up the DagBag from /opt/airflow/dags/example_dag.py
[2024-04-11T00:31:09.674+0000] {processor.py:840} INFO - DAG(s) 'example-dag-docker' retrieved from /opt/airflow/dags/example_dag.py
[2024-04-11T00:31:09.748+0000] {logging_mixin.py:188} INFO - [2024-04-11T00:31:09.747+0000] {dag.py:3096} INFO - Sync 1 DAGs
[2024-04-11T00:31:09.766+0000] {logging_mixin.py:188} INFO - [2024-04-11T00:31:09.766+0000] {dag.py:3954} INFO - Setting next_dagrun for example-dag-docker to None, run_after=None
[2024-04-11T00:31:09.784+0000] {processor.py:183} INFO - Processing /opt/airflow/dags/example_dag.py took 0.169 seconds
[2024-04-11T00:43:33.478+0000] {processor.py:161} INFO - Started process (PID=165) to work on /opt/airflow/dags/example_dag.py
[2024-04-11T00:43:33.480+0000] {processor.py:830} INFO - Processing file /opt/airflow/dags/example_dag.py for tasks to queue
[2024-04-11T00:43:33.494+0000] {logging_mixin.py:188} INFO - [2024-04-11T00:43:33.490+0000] {dagbag.py:540} INFO - Filling up the DagBag from /opt/airflow/dags/example_dag.py
[2024-04-11T00:43:33.534+0000] {processor.py:840} INFO - DAG(s) 'example_pokemon_dag' retrieved from /opt/airflow/dags/example_dag.py
[2024-04-11T00:43:33.811+0000] {logging_mixin.py:188} INFO - [2024-04-11T00:43:33.810+0000] {override.py:1829} INFO - Created Permission View: can edit on DAG:example_pokemon_dag
[2024-04-11T00:43:33.820+0000] {logging_mixin.py:188} INFO - [2024-04-11T00:43:33.820+0000] {override.py:1829} INFO - Created Permission View: can delete on DAG:example_pokemon_dag
[2024-04-11T00:43:33.826+0000] {logging_mixin.py:188} INFO - [2024-04-11T00:43:33.826+0000] {override.py:1829} INFO - Created Permission View: can read on DAG:example_pokemon_dag
[2024-04-11T00:43:33.827+0000] {logging_mixin.py:188} INFO - [2024-04-11T00:43:33.826+0000] {dag.py:3096} INFO - Sync 1 DAGs
[2024-04-11T00:43:33.853+0000] {logging_mixin.py:188} INFO - [2024-04-11T00:43:33.853+0000] {dag.py:3118} INFO - Creating ORM DAG for example_pokemon_dag
[2024-04-11T00:43:33.869+0000] {logging_mixin.py:188} INFO - [2024-04-11T00:43:33.869+0000] {dag.py:3954} INFO - Setting next_dagrun for example_pokemon_dag to 2024-04-10 00:00:00+00:00, run_after=2024-04-11 00:00:00+00:00
[2024-04-11T00:43:33.886+0000] {processor.py:183} INFO - Processing /opt/airflow/dags/example_dag.py took 0.422 seconds
[2024-04-11T00:44:04.319+0000] {processor.py:161} INFO - Started process (PID=184) to work on /opt/airflow/dags/example_dag.py
[2024-04-11T00:44:04.322+0000] {processor.py:830} INFO - Processing file /opt/airflow/dags/example_dag.py for tasks to queue
[2024-04-11T00:44:04.329+0000] {logging_mixin.py:188} INFO - [2024-04-11T00:44:04.328+0000] {dagbag.py:540} INFO - Filling up the DagBag from /opt/airflow/dags/example_dag.py
[2024-04-11T00:44:04.366+0000] {processor.py:840} INFO - DAG(s) 'example_pokemon_dag' retrieved from /opt/airflow/dags/example_dag.py
[2024-04-11T00:44:04.450+0000] {logging_mixin.py:188} INFO - [2024-04-11T00:44:04.449+0000] {dag.py:3096} INFO - Sync 1 DAGs
[2024-04-11T00:44:04.511+0000] {logging_mixin.py:188} INFO - [2024-04-11T00:44:04.511+0000] {dag.py:3954} INFO - Setting next_dagrun for example_pokemon_dag to 2024-04-11 00:00:00+00:00, run_after=2024-04-12 00:00:00+00:00
[2024-04-11T00:44:04.554+0000] {processor.py:183} INFO - Processing /opt/airflow/dags/example_dag.py took 0.264 seconds
[2024-04-11T00:44:34.883+0000] {processor.py:161} INFO - Started process (PID=195) to work on /opt/airflow/dags/example_dag.py
[2024-04-11T00:44:34.885+0000] {processor.py:830} INFO - Processing file /opt/airflow/dags/example_dag.py for tasks to queue
[2024-04-11T00:44:34.886+0000] {logging_mixin.py:188} INFO - [2024-04-11T00:44:34.886+0000] {dagbag.py:540} INFO - Filling up the DagBag from /opt/airflow/dags/example_dag.py
[2024-04-11T00:44:34.908+0000] {processor.py:840} INFO - DAG(s) 'example_pokemon_dag' retrieved from /opt/airflow/dags/example_dag.py
[2024-04-11T00:44:34.958+0000] {logging_mixin.py:188} INFO - [2024-04-11T00:44:34.958+0000] {dag.py:3096} INFO - Sync 1 DAGs
[2024-04-11T00:44:34.980+0000] {logging_mixin.py:188} INFO - [2024-04-11T00:44:34.980+0000] {dag.py:3954} INFO - Setting next_dagrun for example_pokemon_dag to 2024-04-11 00:00:00+00:00, run_after=2024-04-12 00:00:00+00:00
[2024-04-11T00:44:34.995+0000] {processor.py:183} INFO - Processing /opt/airflow/dags/example_dag.py took 0.122 seconds
[2024-04-11T00:45:05.309+0000] {processor.py:161} INFO - Started process (PID=206) to work on /opt/airflow/dags/example_dag.py
[2024-04-11T00:45:05.311+0000] {processor.py:830} INFO - Processing file /opt/airflow/dags/example_dag.py for tasks to queue
[2024-04-11T00:45:05.313+0000] {logging_mixin.py:188} INFO - [2024-04-11T00:45:05.312+0000] {dagbag.py:540} INFO - Filling up the DagBag from /opt/airflow/dags/example_dag.py
[2024-04-11T00:45:05.337+0000] {processor.py:840} INFO - DAG(s) 'example_pokemon_dag' retrieved from /opt/airflow/dags/example_dag.py
[2024-04-11T00:45:05.410+0000] {logging_mixin.py:188} INFO - [2024-04-11T00:45:05.410+0000] {dag.py:3096} INFO - Sync 1 DAGs
[2024-04-11T00:45:05.438+0000] {logging_mixin.py:188} INFO - [2024-04-11T00:45:05.438+0000] {dag.py:3954} INFO - Setting next_dagrun for example_pokemon_dag to 2024-04-11 00:00:00+00:00, run_after=2024-04-12 00:00:00+00:00
[2024-04-11T00:45:05.453+0000] {processor.py:183} INFO - Processing /opt/airflow/dags/example_dag.py took 0.156 seconds
[2024-04-11T00:45:35.649+0000] {processor.py:161} INFO - Started process (PID=217) to work on /opt/airflow/dags/example_dag.py
[2024-04-11T00:45:35.651+0000] {processor.py:830} INFO - Processing file /opt/airflow/dags/example_dag.py for tasks to queue
[2024-04-11T00:45:35.652+0000] {logging_mixin.py:188} INFO - [2024-04-11T00:45:35.651+0000] {dagbag.py:540} INFO - Filling up the DagBag from /opt/airflow/dags/example_dag.py
[2024-04-11T00:45:35.698+0000] {processor.py:840} INFO - DAG(s) 'example_pokemon_dag' retrieved from /opt/airflow/dags/example_dag.py
[2024-04-11T00:45:35.753+0000] {logging_mixin.py:188} INFO - [2024-04-11T00:45:35.753+0000] {dag.py:3096} INFO - Sync 1 DAGs
[2024-04-11T00:45:35.776+0000] {logging_mixin.py:188} INFO - [2024-04-11T00:45:35.776+0000] {dag.py:3954} INFO - Setting next_dagrun for example_pokemon_dag to 2024-04-11 00:00:00+00:00, run_after=2024-04-12 00:00:00+00:00
[2024-04-11T00:45:35.790+0000] {processor.py:183} INFO - Processing /opt/airflow/dags/example_dag.py took 0.151 seconds
[2024-04-11T00:46:06.013+0000] {processor.py:161} INFO - Started process (PID=228) to work on /opt/airflow/dags/example_dag.py
[2024-04-11T00:46:06.015+0000] {processor.py:830} INFO - Processing file /opt/airflow/dags/example_dag.py for tasks to queue
[2024-04-11T00:46:06.016+0000] {logging_mixin.py:188} INFO - [2024-04-11T00:46:06.015+0000] {dagbag.py:540} INFO - Filling up the DagBag from /opt/airflow/dags/example_dag.py
[2024-04-11T00:46:06.036+0000] {processor.py:840} INFO - DAG(s) 'example_pokemon_dag' retrieved from /opt/airflow/dags/example_dag.py
[2024-04-11T00:46:06.086+0000] {logging_mixin.py:188} INFO - [2024-04-11T00:46:06.086+0000] {dag.py:3096} INFO - Sync 1 DAGs
[2024-04-11T00:46:06.114+0000] {logging_mixin.py:188} INFO - [2024-04-11T00:46:06.114+0000] {dag.py:3954} INFO - Setting next_dagrun for example_pokemon_dag to 2024-04-11 00:00:00+00:00, run_after=2024-04-12 00:00:00+00:00
[2024-04-11T00:46:06.132+0000] {processor.py:183} INFO - Processing /opt/airflow/dags/example_dag.py took 0.128 seconds
[2024-04-11T00:46:36.362+0000] {processor.py:161} INFO - Started process (PID=239) to work on /opt/airflow/dags/example_dag.py
[2024-04-11T00:46:36.364+0000] {processor.py:830} INFO - Processing file /opt/airflow/dags/example_dag.py for tasks to queue
[2024-04-11T00:46:36.366+0000] {logging_mixin.py:188} INFO - [2024-04-11T00:46:36.365+0000] {dagbag.py:540} INFO - Filling up the DagBag from /opt/airflow/dags/example_dag.py
[2024-04-11T00:46:36.391+0000] {processor.py:840} INFO - DAG(s) 'example_pokemon_dag' retrieved from /opt/airflow/dags/example_dag.py
[2024-04-11T00:46:36.434+0000] {logging_mixin.py:188} INFO - [2024-04-11T00:46:36.433+0000] {dag.py:3096} INFO - Sync 1 DAGs
[2024-04-11T00:46:36.459+0000] {logging_mixin.py:188} INFO - [2024-04-11T00:46:36.459+0000] {dag.py:3954} INFO - Setting next_dagrun for example_pokemon_dag to 2024-04-11 00:00:00+00:00, run_after=2024-04-12 00:00:00+00:00
[2024-04-11T00:46:36.485+0000] {processor.py:183} INFO - Processing /opt/airflow/dags/example_dag.py took 0.136 seconds
[2024-04-11T00:47:06.789+0000] {processor.py:161} INFO - Started process (PID=250) to work on /opt/airflow/dags/example_dag.py
[2024-04-11T00:47:06.791+0000] {processor.py:830} INFO - Processing file /opt/airflow/dags/example_dag.py for tasks to queue
[2024-04-11T00:47:06.800+0000] {logging_mixin.py:188} INFO - [2024-04-11T00:47:06.794+0000] {dagbag.py:540} INFO - Filling up the DagBag from /opt/airflow/dags/example_dag.py
[2024-04-11T00:47:06.842+0000] {processor.py:840} INFO - DAG(s) 'example_pokemon_dag' retrieved from /opt/airflow/dags/example_dag.py
[2024-04-11T00:47:06.904+0000] {logging_mixin.py:188} INFO - [2024-04-11T00:47:06.903+0000] {dag.py:3096} INFO - Sync 1 DAGs
[2024-04-11T00:47:06.931+0000] {logging_mixin.py:188} INFO - [2024-04-11T00:47:06.931+0000] {dag.py:3954} INFO - Setting next_dagrun for example_pokemon_dag to 2024-04-11 00:00:00+00:00, run_after=2024-04-12 00:00:00+00:00
[2024-04-11T00:47:06.963+0000] {processor.py:183} INFO - Processing /opt/airflow/dags/example_dag.py took 0.186 seconds
[2024-04-11T00:47:10.849+0000] {processor.py:161} INFO - Started process (PID=255) to work on /opt/airflow/dags/example_dag.py
[2024-04-11T00:47:10.851+0000] {processor.py:830} INFO - Processing file /opt/airflow/dags/example_dag.py for tasks to queue
[2024-04-11T00:47:10.853+0000] {logging_mixin.py:188} INFO - [2024-04-11T00:47:10.852+0000] {dagbag.py:540} INFO - Filling up the DagBag from /opt/airflow/dags/example_dag.py
[2024-04-11T00:47:10.876+0000] {logging_mixin.py:188} INFO - [2024-04-11T00:47:10.869+0000] {dagbag.py:350} ERROR - Failed to import: /opt/airflow/dags/example_dag.py
Traceback (most recent call last):
  File "/home/airflow/.local/lib/python3.12/site-packages/airflow/models/dagbag.py", line 346, in parse
    loader.exec_module(new_module)
  File "<frozen importlib._bootstrap_external>", line 991, in exec_module
  File "<frozen importlib._bootstrap_external>", line 1129, in get_code
  File "<frozen importlib._bootstrap_external>", line 1059, in source_to_code
  File "<frozen importlib._bootstrap>", line 488, in _call_with_frames_removed
  File "/opt/airflow/dags/example_dag.py", line 51
    @task
    ^
IndentationError: expected an indented block after function definition on line 48
[2024-04-11T00:47:10.877+0000] {processor.py:842} WARNING - No viable dags retrieved from /opt/airflow/dags/example_dag.py
[2024-04-11T00:47:10.910+0000] {processor.py:183} INFO - Processing /opt/airflow/dags/example_dag.py took 0.071 seconds
[2024-04-11T00:47:17.990+0000] {processor.py:161} INFO - Started process (PID=260) to work on /opt/airflow/dags/example_dag.py
[2024-04-11T00:47:17.992+0000] {processor.py:830} INFO - Processing file /opt/airflow/dags/example_dag.py for tasks to queue
[2024-04-11T00:47:17.995+0000] {logging_mixin.py:188} INFO - [2024-04-11T00:47:17.994+0000] {dagbag.py:540} INFO - Filling up the DagBag from /opt/airflow/dags/example_dag.py
[2024-04-11T00:47:18.028+0000] {processor.py:840} INFO - DAG(s) 'example_pokemon_dag' retrieved from /opt/airflow/dags/example_dag.py
[2024-04-11T00:47:18.070+0000] {logging_mixin.py:188} INFO - [2024-04-11T00:47:18.070+0000] {dag.py:3096} INFO - Sync 1 DAGs
[2024-04-11T00:47:18.106+0000] {logging_mixin.py:188} INFO - [2024-04-11T00:47:18.105+0000] {dag.py:3954} INFO - Setting next_dagrun for example_pokemon_dag to 2024-04-11 00:00:00+00:00, run_after=2024-04-12 00:00:00+00:00
[2024-04-11T00:47:18.125+0000] {processor.py:183} INFO - Processing /opt/airflow/dags/example_dag.py took 0.160 seconds
[2024-04-11T00:47:48.378+0000] {processor.py:161} INFO - Started process (PID=271) to work on /opt/airflow/dags/example_dag.py
[2024-04-11T00:47:48.380+0000] {processor.py:830} INFO - Processing file /opt/airflow/dags/example_dag.py for tasks to queue
[2024-04-11T00:47:48.382+0000] {logging_mixin.py:188} INFO - [2024-04-11T00:47:48.381+0000] {dagbag.py:540} INFO - Filling up the DagBag from /opt/airflow/dags/example_dag.py
[2024-04-11T00:47:48.406+0000] {processor.py:840} INFO - DAG(s) 'example_pokemon_dag' retrieved from /opt/airflow/dags/example_dag.py
[2024-04-11T00:47:48.465+0000] {logging_mixin.py:188} INFO - [2024-04-11T00:47:48.465+0000] {dag.py:3096} INFO - Sync 1 DAGs
[2024-04-11T00:47:48.493+0000] {logging_mixin.py:188} INFO - [2024-04-11T00:47:48.492+0000] {dag.py:3954} INFO - Setting next_dagrun for example_pokemon_dag to 2024-04-11 00:00:00+00:00, run_after=2024-04-12 00:00:00+00:00
[2024-04-11T00:47:48.512+0000] {processor.py:183} INFO - Processing /opt/airflow/dags/example_dag.py took 0.146 seconds
[2024-04-11T00:47:59.586+0000] {processor.py:161} INFO - Started process (PID=282) to work on /opt/airflow/dags/example_dag.py
[2024-04-11T00:47:59.589+0000] {processor.py:830} INFO - Processing file /opt/airflow/dags/example_dag.py for tasks to queue
[2024-04-11T00:47:59.590+0000] {logging_mixin.py:188} INFO - [2024-04-11T00:47:59.589+0000] {dagbag.py:540} INFO - Filling up the DagBag from /opt/airflow/dags/example_dag.py
[2024-04-11T00:47:59.622+0000] {processor.py:840} INFO - DAG(s) 'example_pokemon_dag' retrieved from /opt/airflow/dags/example_dag.py
[2024-04-11T00:47:59.662+0000] {logging_mixin.py:188} INFO - [2024-04-11T00:47:59.662+0000] {dag.py:3096} INFO - Sync 1 DAGs
[2024-04-11T00:47:59.702+0000] {logging_mixin.py:188} INFO - [2024-04-11T00:47:59.701+0000] {dag.py:3954} INFO - Setting next_dagrun for example_pokemon_dag to 2024-04-11 00:00:00+00:00, run_after=2024-04-12 00:00:00+00:00
[2024-04-11T00:47:59.721+0000] {processor.py:183} INFO - Processing /opt/airflow/dags/example_dag.py took 0.158 seconds
[2024-04-11T00:48:30.189+0000] {processor.py:161} INFO - Started process (PID=293) to work on /opt/airflow/dags/example_dag.py
[2024-04-11T00:48:30.191+0000] {processor.py:830} INFO - Processing file /opt/airflow/dags/example_dag.py for tasks to queue
[2024-04-11T00:48:30.194+0000] {logging_mixin.py:188} INFO - [2024-04-11T00:48:30.193+0000] {dagbag.py:540} INFO - Filling up the DagBag from /opt/airflow/dags/example_dag.py
[2024-04-11T00:48:30.218+0000] {processor.py:840} INFO - DAG(s) 'example_pokemon_dag' retrieved from /opt/airflow/dags/example_dag.py
[2024-04-11T00:48:30.270+0000] {logging_mixin.py:188} INFO - [2024-04-11T00:48:30.269+0000] {dag.py:3096} INFO - Sync 1 DAGs
[2024-04-11T00:48:30.306+0000] {logging_mixin.py:188} INFO - [2024-04-11T00:48:30.305+0000] {dag.py:3954} INFO - Setting next_dagrun for example_pokemon_dag to 2024-04-11 00:00:00+00:00, run_after=2024-04-12 00:00:00+00:00
[2024-04-11T00:48:30.325+0000] {processor.py:183} INFO - Processing /opt/airflow/dags/example_dag.py took 0.147 seconds
[2024-04-11T00:49:00.562+0000] {processor.py:161} INFO - Started process (PID=304) to work on /opt/airflow/dags/example_dag.py
[2024-04-11T00:49:00.565+0000] {processor.py:830} INFO - Processing file /opt/airflow/dags/example_dag.py for tasks to queue
[2024-04-11T00:49:00.567+0000] {logging_mixin.py:188} INFO - [2024-04-11T00:49:00.566+0000] {dagbag.py:540} INFO - Filling up the DagBag from /opt/airflow/dags/example_dag.py
[2024-04-11T00:49:00.612+0000] {processor.py:840} INFO - DAG(s) 'example_pokemon_dag' retrieved from /opt/airflow/dags/example_dag.py
[2024-04-11T00:49:00.654+0000] {logging_mixin.py:188} INFO - [2024-04-11T00:49:00.654+0000] {dag.py:3096} INFO - Sync 1 DAGs
[2024-04-11T00:49:00.678+0000] {logging_mixin.py:188} INFO - [2024-04-11T00:49:00.678+0000] {dag.py:3954} INFO - Setting next_dagrun for example_pokemon_dag to 2024-04-11 00:00:00+00:00, run_after=2024-04-12 00:00:00+00:00
[2024-04-11T00:49:00.692+0000] {processor.py:183} INFO - Processing /opt/airflow/dags/example_dag.py took 0.153 seconds
[2024-04-11T00:49:31.088+0000] {processor.py:161} INFO - Started process (PID=315) to work on /opt/airflow/dags/example_dag.py
[2024-04-11T00:49:31.091+0000] {processor.py:830} INFO - Processing file /opt/airflow/dags/example_dag.py for tasks to queue
[2024-04-11T00:49:31.092+0000] {logging_mixin.py:188} INFO - [2024-04-11T00:49:31.092+0000] {dagbag.py:540} INFO - Filling up the DagBag from /opt/airflow/dags/example_dag.py
[2024-04-11T00:49:31.123+0000] {processor.py:840} INFO - DAG(s) 'example_pokemon_dag' retrieved from /opt/airflow/dags/example_dag.py
[2024-04-11T00:49:31.169+0000] {logging_mixin.py:188} INFO - [2024-04-11T00:49:31.168+0000] {dag.py:3096} INFO - Sync 1 DAGs
[2024-04-11T00:49:31.210+0000] {logging_mixin.py:188} INFO - [2024-04-11T00:49:31.210+0000] {dag.py:3954} INFO - Setting next_dagrun for example_pokemon_dag to 2024-04-11 00:00:00+00:00, run_after=2024-04-12 00:00:00+00:00
[2024-04-11T00:49:31.228+0000] {processor.py:183} INFO - Processing /opt/airflow/dags/example_dag.py took 0.155 seconds
