[2024-04-10T00:55:11.506+0000] {processor.py:161} INFO - Started process (PID=225) to work on /opt/airflow/dags/example_dag.py
[2024-04-10T00:55:11.507+0000] {processor.py:830} INFO - Processing file /opt/airflow/dags/example_dag.py for tasks to queue
[2024-04-10T00:55:11.512+0000] {logging_mixin.py:188} INFO - [2024-04-10T00:55:11.511+0000] {dagbag.py:540} INFO - Filling up the DagBag from /opt/airflow/dags/example_dag.py
[2024-04-10T00:55:11.525+0000] {processor.py:842} WARNING - No viable dags retrieved from /opt/airflow/dags/example_dag.py
[2024-04-10T00:55:11.552+0000] {processor.py:183} INFO - Processing /opt/airflow/dags/example_dag.py took 0.058 seconds
[2024-04-10T00:55:41.012+0000] {processor.py:161} INFO - Started process (PID=236) to work on /opt/airflow/dags/example_dag.py
[2024-04-10T00:55:41.014+0000] {processor.py:830} INFO - Processing file /opt/airflow/dags/example_dag.py for tasks to queue
[2024-04-10T00:55:41.020+0000] {logging_mixin.py:188} INFO - [2024-04-10T00:55:41.019+0000] {dagbag.py:540} INFO - Filling up the DagBag from /opt/airflow/dags/example_dag.py
[2024-04-10T00:55:41.050+0000] {logging_mixin.py:188} INFO - [2024-04-10T00:55:41.047+0000] {dagbag.py:350} ERROR - Failed to import: /opt/airflow/dags/example_dag.py
Traceback (most recent call last):
  File "/home/airflow/.local/lib/python3.12/site-packages/airflow/models/dagbag.py", line 346, in parse
    loader.exec_module(new_module)
  File "<frozen importlib._bootstrap_external>", line 995, in exec_module
  File "<frozen importlib._bootstrap>", line 488, in _call_with_frames_removed
  File "/opt/airflow/dags/example_dag.py", line 9, in <module>
    with DAG:
TypeError: 'type' object does not support the context manager protocol
[2024-04-10T00:55:41.051+0000] {processor.py:842} WARNING - No viable dags retrieved from /opt/airflow/dags/example_dag.py
[2024-04-10T00:55:41.091+0000] {processor.py:183} INFO - Processing /opt/airflow/dags/example_dag.py took 0.090 seconds
[2024-04-10T00:56:08.433+0000] {processor.py:161} INFO - Started process (PID=247) to work on /opt/airflow/dags/example_dag.py
[2024-04-10T00:56:08.435+0000] {processor.py:830} INFO - Processing file /opt/airflow/dags/example_dag.py for tasks to queue
[2024-04-10T00:56:08.440+0000] {logging_mixin.py:188} INFO - [2024-04-10T00:56:08.439+0000] {dagbag.py:540} INFO - Filling up the DagBag from /opt/airflow/dags/example_dag.py
[2024-04-10T00:56:08.449+0000] {logging_mixin.py:188} INFO - [2024-04-10T00:56:08.447+0000] {dagbag.py:350} ERROR - Failed to import: /opt/airflow/dags/example_dag.py
Traceback (most recent call last):
  File "/home/airflow/.local/lib/python3.12/site-packages/airflow/models/dagbag.py", line 346, in parse
    loader.exec_module(new_module)
  File "<frozen importlib._bootstrap_external>", line 991, in exec_module
  File "<frozen importlib._bootstrap_external>", line 1129, in get_code
  File "<frozen importlib._bootstrap_external>", line 1059, in source_to_code
  File "<frozen importlib._bootstrap>", line 488, in _call_with_frames_removed
  File "/opt/airflow/dags/example_dag.py", line 13
    ) as dag
            ^
SyntaxError: expected ':'
[2024-04-10T00:56:08.450+0000] {processor.py:842} WARNING - No viable dags retrieved from /opt/airflow/dags/example_dag.py
[2024-04-10T00:56:08.514+0000] {processor.py:183} INFO - Processing /opt/airflow/dags/example_dag.py took 0.092 seconds
[2024-04-10T00:56:11.513+0000] {processor.py:161} INFO - Started process (PID=252) to work on /opt/airflow/dags/example_dag.py
[2024-04-10T00:56:11.515+0000] {processor.py:830} INFO - Processing file /opt/airflow/dags/example_dag.py for tasks to queue
[2024-04-10T00:56:11.519+0000] {logging_mixin.py:188} INFO - [2024-04-10T00:56:11.519+0000] {dagbag.py:540} INFO - Filling up the DagBag from /opt/airflow/dags/example_dag.py
[2024-04-10T00:56:11.533+0000] {logging_mixin.py:188} INFO - [2024-04-10T00:56:11.526+0000] {dagbag.py:350} ERROR - Failed to import: /opt/airflow/dags/example_dag.py
Traceback (most recent call last):
  File "/home/airflow/.local/lib/python3.12/site-packages/airflow/models/dagbag.py", line 346, in parse
    loader.exec_module(new_module)
  File "<frozen importlib._bootstrap_external>", line 991, in exec_module
  File "<frozen importlib._bootstrap_external>", line 1129, in get_code
  File "<frozen importlib._bootstrap_external>", line 1059, in source_to_code
  File "<frozen importlib._bootstrap>", line 488, in _call_with_frames_removed
  File "/opt/airflow/dags/example_dag.py", line 13
    ) as dag:
             ^
IndentationError: expected an indented block after 'with' statement on line 9
[2024-04-10T00:56:11.534+0000] {processor.py:842} WARNING - No viable dags retrieved from /opt/airflow/dags/example_dag.py
[2024-04-10T00:56:11.584+0000] {processor.py:183} INFO - Processing /opt/airflow/dags/example_dag.py took 0.083 seconds
[2024-04-10T00:56:42.197+0000] {processor.py:161} INFO - Started process (PID=263) to work on /opt/airflow/dags/example_dag.py
[2024-04-10T00:56:42.198+0000] {processor.py:830} INFO - Processing file /opt/airflow/dags/example_dag.py for tasks to queue
[2024-04-10T00:56:42.202+0000] {logging_mixin.py:188} INFO - [2024-04-10T00:56:42.201+0000] {dagbag.py:540} INFO - Filling up the DagBag from /opt/airflow/dags/example_dag.py
[2024-04-10T00:56:42.211+0000] {logging_mixin.py:188} INFO - [2024-04-10T00:56:42.207+0000] {dagbag.py:350} ERROR - Failed to import: /opt/airflow/dags/example_dag.py
Traceback (most recent call last):
  File "/home/airflow/.local/lib/python3.12/site-packages/airflow/models/dagbag.py", line 346, in parse
    loader.exec_module(new_module)
  File "<frozen importlib._bootstrap_external>", line 991, in exec_module
  File "<frozen importlib._bootstrap_external>", line 1129, in get_code
  File "<frozen importlib._bootstrap_external>", line 1059, in source_to_code
  File "<frozen importlib._bootstrap>", line 488, in _call_with_frames_removed
  File "/opt/airflow/dags/example_dag.py", line 13
    ) as dag:
             ^
IndentationError: expected an indented block after 'with' statement on line 9
[2024-04-10T00:56:42.212+0000] {processor.py:842} WARNING - No viable dags retrieved from /opt/airflow/dags/example_dag.py
[2024-04-10T00:56:42.246+0000] {processor.py:183} INFO - Processing /opt/airflow/dags/example_dag.py took 0.058 seconds
[2024-04-10T00:56:48.322+0000] {processor.py:161} INFO - Started process (PID=268) to work on /opt/airflow/dags/example_dag.py
[2024-04-10T00:56:48.324+0000] {processor.py:830} INFO - Processing file /opt/airflow/dags/example_dag.py for tasks to queue
[2024-04-10T00:56:48.329+0000] {logging_mixin.py:188} INFO - [2024-04-10T00:56:48.328+0000] {dagbag.py:540} INFO - Filling up the DagBag from /opt/airflow/dags/example_dag.py
[2024-04-10T00:56:48.352+0000] {logging_mixin.py:188} INFO - [2024-04-10T00:56:48.345+0000] {dagbag.py:350} ERROR - Failed to import: /opt/airflow/dags/example_dag.py
Traceback (most recent call last):
  File "/home/airflow/.local/lib/python3.12/site-packages/airflow/models/dagbag.py", line 346, in parse
    loader.exec_module(new_module)
  File "<frozen importlib._bootstrap_external>", line 995, in exec_module
  File "<frozen importlib._bootstrap>", line 488, in _call_with_frames_removed
  File "/opt/airflow/dags/example_dag.py", line 15, in <module>
    message_task = PythonOperator(
                   ^^^^^^^^^^^^^^^
  File "/home/airflow/.local/lib/python3.12/site-packages/airflow/models/baseoperator.py", line 467, in apply_defaults
    raise AirflowException(f"missing keyword argument {missing_args.pop()!r}")
airflow.exceptions.AirflowException: missing keyword argument 'python_callable'
[2024-04-10T00:56:48.353+0000] {processor.py:842} WARNING - No viable dags retrieved from /opt/airflow/dags/example_dag.py
[2024-04-10T00:56:48.395+0000] {processor.py:183} INFO - Processing /opt/airflow/dags/example_dag.py took 0.084 seconds
[2024-04-10T00:57:17.745+0000] {processor.py:161} INFO - Started process (PID=279) to work on /opt/airflow/dags/example_dag.py
[2024-04-10T00:57:17.747+0000] {processor.py:830} INFO - Processing file /opt/airflow/dags/example_dag.py for tasks to queue
[2024-04-10T00:57:17.751+0000] {logging_mixin.py:188} INFO - [2024-04-10T00:57:17.750+0000] {dagbag.py:540} INFO - Filling up the DagBag from /opt/airflow/dags/example_dag.py
[2024-04-10T00:57:17.810+0000] {processor.py:840} INFO - DAG(s) 'example-dag-docker' retrieved from /opt/airflow/dags/example_dag.py
[2024-04-10T00:57:18.182+0000] {logging_mixin.py:188} INFO - [2024-04-10T00:57:18.181+0000] {override.py:1829} INFO - Created Permission View: can read on DAG:example-dag-docker
[2024-04-10T00:57:18.190+0000] {logging_mixin.py:188} INFO - [2024-04-10T00:57:18.189+0000] {override.py:1829} INFO - Created Permission View: can edit on DAG:example-dag-docker
[2024-04-10T00:57:18.193+0000] {logging_mixin.py:188} INFO - [2024-04-10T00:57:18.193+0000] {override.py:1829} INFO - Created Permission View: can delete on DAG:example-dag-docker
[2024-04-10T00:57:18.194+0000] {logging_mixin.py:188} INFO - [2024-04-10T00:57:18.194+0000] {dag.py:3096} INFO - Sync 1 DAGs
[2024-04-10T00:57:18.206+0000] {logging_mixin.py:188} INFO - [2024-04-10T00:57:18.206+0000] {dag.py:3118} INFO - Creating ORM DAG for example-dag-docker
[2024-04-10T00:57:18.207+0000] {logging_mixin.py:188} INFO - [2024-04-10T00:57:18.207+0000] {dag.py:3954} INFO - Setting next_dagrun for example-dag-docker to None, run_after=None
[2024-04-10T00:57:18.223+0000] {processor.py:183} INFO - Processing /opt/airflow/dags/example_dag.py took 0.489 seconds
[2024-04-10T00:57:48.642+0000] {processor.py:161} INFO - Started process (PID=290) to work on /opt/airflow/dags/example_dag.py
[2024-04-10T00:57:48.645+0000] {processor.py:830} INFO - Processing file /opt/airflow/dags/example_dag.py for tasks to queue
[2024-04-10T00:57:48.650+0000] {logging_mixin.py:188} INFO - [2024-04-10T00:57:48.649+0000] {dagbag.py:540} INFO - Filling up the DagBag from /opt/airflow/dags/example_dag.py
[2024-04-10T00:57:48.675+0000] {processor.py:840} INFO - DAG(s) 'example-dag-docker' retrieved from /opt/airflow/dags/example_dag.py
[2024-04-10T00:57:48.734+0000] {logging_mixin.py:188} INFO - [2024-04-10T00:57:48.733+0000] {dag.py:3096} INFO - Sync 1 DAGs
[2024-04-10T00:57:48.751+0000] {logging_mixin.py:188} INFO - [2024-04-10T00:57:48.751+0000] {dag.py:3954} INFO - Setting next_dagrun for example-dag-docker to None, run_after=None
[2024-04-10T00:57:48.769+0000] {processor.py:183} INFO - Processing /opt/airflow/dags/example_dag.py took 0.140 seconds
[2024-04-10T00:57:57.765+0000] {processor.py:161} INFO - Started process (PID=301) to work on /opt/airflow/dags/example_dag.py
[2024-04-10T00:57:57.768+0000] {processor.py:830} INFO - Processing file /opt/airflow/dags/example_dag.py for tasks to queue
[2024-04-10T00:57:57.772+0000] {logging_mixin.py:188} INFO - [2024-04-10T00:57:57.771+0000] {dagbag.py:540} INFO - Filling up the DagBag from /opt/airflow/dags/example_dag.py
[2024-04-10T00:57:57.806+0000] {processor.py:840} INFO - DAG(s) 'example-dag-docker' retrieved from /opt/airflow/dags/example_dag.py
[2024-04-10T00:57:57.847+0000] {logging_mixin.py:188} INFO - [2024-04-10T00:57:57.847+0000] {dag.py:3096} INFO - Sync 1 DAGs
[2024-04-10T00:57:57.863+0000] {logging_mixin.py:188} INFO - [2024-04-10T00:57:57.863+0000] {dag.py:3954} INFO - Setting next_dagrun for example-dag-docker to None, run_after=None
[2024-04-10T00:57:57.881+0000] {processor.py:183} INFO - Processing /opt/airflow/dags/example_dag.py took 0.128 seconds
[2024-04-10T00:58:28.355+0000] {processor.py:161} INFO - Started process (PID=312) to work on /opt/airflow/dags/example_dag.py
[2024-04-10T00:58:28.358+0000] {processor.py:830} INFO - Processing file /opt/airflow/dags/example_dag.py for tasks to queue
[2024-04-10T00:58:28.378+0000] {logging_mixin.py:188} INFO - [2024-04-10T00:58:28.376+0000] {dagbag.py:540} INFO - Filling up the DagBag from /opt/airflow/dags/example_dag.py
[2024-04-10T00:58:28.402+0000] {processor.py:840} INFO - DAG(s) 'example-dag-docker' retrieved from /opt/airflow/dags/example_dag.py
[2024-04-10T00:58:28.441+0000] {logging_mixin.py:188} INFO - [2024-04-10T00:58:28.440+0000] {dag.py:3096} INFO - Sync 1 DAGs
[2024-04-10T00:58:28.455+0000] {logging_mixin.py:188} INFO - [2024-04-10T00:58:28.455+0000] {dag.py:3954} INFO - Setting next_dagrun for example-dag-docker to None, run_after=None
[2024-04-10T00:58:28.470+0000] {processor.py:183} INFO - Processing /opt/airflow/dags/example_dag.py took 0.126 seconds
[2024-04-10T00:58:51.693+0000] {processor.py:161} INFO - Started process (PID=317) to work on /opt/airflow/dags/example_dag.py
[2024-04-10T00:58:51.699+0000] {processor.py:830} INFO - Processing file /opt/airflow/dags/example_dag.py for tasks to queue
[2024-04-10T00:58:51.709+0000] {logging_mixin.py:188} INFO - [2024-04-10T00:58:51.708+0000] {dagbag.py:540} INFO - Filling up the DagBag from /opt/airflow/dags/example_dag.py
[2024-04-10T00:58:51.735+0000] {processor.py:840} INFO - DAG(s) 'example-dag-docker' retrieved from /opt/airflow/dags/example_dag.py
[2024-04-10T00:58:51.793+0000] {logging_mixin.py:188} INFO - [2024-04-10T00:58:51.792+0000] {dag.py:3096} INFO - Sync 1 DAGs
[2024-04-10T00:58:51.807+0000] {logging_mixin.py:188} INFO - [2024-04-10T00:58:51.807+0000] {dag.py:3954} INFO - Setting next_dagrun for example-dag-docker to None, run_after=None
[2024-04-10T00:58:51.823+0000] {processor.py:183} INFO - Processing /opt/airflow/dags/example_dag.py took 0.154 seconds
[2024-04-10T00:59:04.006+0000] {processor.py:161} INFO - Started process (PID=328) to work on /opt/airflow/dags/example_dag.py
[2024-04-10T00:59:04.010+0000] {processor.py:830} INFO - Processing file /opt/airflow/dags/example_dag.py for tasks to queue
[2024-04-10T00:59:04.015+0000] {logging_mixin.py:188} INFO - [2024-04-10T00:59:04.014+0000] {dagbag.py:540} INFO - Filling up the DagBag from /opt/airflow/dags/example_dag.py
[2024-04-10T00:59:04.056+0000] {processor.py:840} INFO - DAG(s) 'example-dag-docker' retrieved from /opt/airflow/dags/example_dag.py
[2024-04-10T00:59:04.098+0000] {logging_mixin.py:188} INFO - [2024-04-10T00:59:04.098+0000] {dag.py:3096} INFO - Sync 1 DAGs
[2024-04-10T00:59:04.125+0000] {logging_mixin.py:188} INFO - [2024-04-10T00:59:04.124+0000] {dag.py:3954} INFO - Setting next_dagrun for example-dag-docker to None, run_after=None
[2024-04-10T00:59:04.144+0000] {processor.py:183} INFO - Processing /opt/airflow/dags/example_dag.py took 0.154 seconds
[2024-04-10T00:59:34.467+0000] {processor.py:161} INFO - Started process (PID=339) to work on /opt/airflow/dags/example_dag.py
[2024-04-10T00:59:34.470+0000] {processor.py:830} INFO - Processing file /opt/airflow/dags/example_dag.py for tasks to queue
[2024-04-10T00:59:34.475+0000] {logging_mixin.py:188} INFO - [2024-04-10T00:59:34.474+0000] {dagbag.py:540} INFO - Filling up the DagBag from /opt/airflow/dags/example_dag.py
[2024-04-10T00:59:34.499+0000] {processor.py:840} INFO - DAG(s) 'example-dag-docker' retrieved from /opt/airflow/dags/example_dag.py
[2024-04-10T00:59:34.547+0000] {logging_mixin.py:188} INFO - [2024-04-10T00:59:34.547+0000] {dag.py:3096} INFO - Sync 1 DAGs
[2024-04-10T00:59:34.563+0000] {logging_mixin.py:188} INFO - [2024-04-10T00:59:34.563+0000] {dag.py:3954} INFO - Setting next_dagrun for example-dag-docker to None, run_after=None
[2024-04-10T00:59:34.577+0000] {processor.py:183} INFO - Processing /opt/airflow/dags/example_dag.py took 0.125 seconds
[2024-04-10T01:00:04.854+0000] {processor.py:161} INFO - Started process (PID=350) to work on /opt/airflow/dags/example_dag.py
[2024-04-10T01:00:04.857+0000] {processor.py:830} INFO - Processing file /opt/airflow/dags/example_dag.py for tasks to queue
[2024-04-10T01:00:04.862+0000] {logging_mixin.py:188} INFO - [2024-04-10T01:00:04.862+0000] {dagbag.py:540} INFO - Filling up the DagBag from /opt/airflow/dags/example_dag.py
[2024-04-10T01:00:04.882+0000] {processor.py:840} INFO - DAG(s) 'example-dag-docker' retrieved from /opt/airflow/dags/example_dag.py
[2024-04-10T01:00:04.920+0000] {logging_mixin.py:188} INFO - [2024-04-10T01:00:04.920+0000] {dag.py:3096} INFO - Sync 1 DAGs
[2024-04-10T01:00:04.935+0000] {logging_mixin.py:188} INFO - [2024-04-10T01:00:04.935+0000] {dag.py:3954} INFO - Setting next_dagrun for example-dag-docker to None, run_after=None
[2024-04-10T01:00:04.950+0000] {processor.py:183} INFO - Processing /opt/airflow/dags/example_dag.py took 0.111 seconds
[2024-04-10T01:00:35.269+0000] {processor.py:161} INFO - Started process (PID=361) to work on /opt/airflow/dags/example_dag.py
[2024-04-10T01:00:35.273+0000] {processor.py:830} INFO - Processing file /opt/airflow/dags/example_dag.py for tasks to queue
[2024-04-10T01:00:35.282+0000] {logging_mixin.py:188} INFO - [2024-04-10T01:00:35.280+0000] {dagbag.py:540} INFO - Filling up the DagBag from /opt/airflow/dags/example_dag.py
[2024-04-10T01:00:35.310+0000] {processor.py:840} INFO - DAG(s) 'example-dag-docker' retrieved from /opt/airflow/dags/example_dag.py
[2024-04-10T01:00:35.348+0000] {logging_mixin.py:188} INFO - [2024-04-10T01:00:35.348+0000] {dag.py:3096} INFO - Sync 1 DAGs
[2024-04-10T01:00:35.363+0000] {logging_mixin.py:188} INFO - [2024-04-10T01:00:35.363+0000] {dag.py:3954} INFO - Setting next_dagrun for example-dag-docker to None, run_after=None
[2024-04-10T01:00:35.380+0000] {processor.py:183} INFO - Processing /opt/airflow/dags/example_dag.py took 0.138 seconds
[2024-04-10T01:01:05.972+0000] {processor.py:161} INFO - Started process (PID=374) to work on /opt/airflow/dags/example_dag.py
[2024-04-10T01:01:05.974+0000] {processor.py:830} INFO - Processing file /opt/airflow/dags/example_dag.py for tasks to queue
[2024-04-10T01:01:05.989+0000] {logging_mixin.py:188} INFO - [2024-04-10T01:01:05.985+0000] {dagbag.py:540} INFO - Filling up the DagBag from /opt/airflow/dags/example_dag.py
[2024-04-10T01:01:06.038+0000] {processor.py:840} INFO - DAG(s) 'example-dag-docker' retrieved from /opt/airflow/dags/example_dag.py
[2024-04-10T01:01:06.149+0000] {logging_mixin.py:188} INFO - [2024-04-10T01:01:06.149+0000] {dag.py:3096} INFO - Sync 1 DAGs
[2024-04-10T01:01:06.199+0000] {logging_mixin.py:188} INFO - [2024-04-10T01:01:06.199+0000] {dag.py:3954} INFO - Setting next_dagrun for example-dag-docker to None, run_after=None
[2024-04-10T01:01:06.243+0000] {processor.py:183} INFO - Processing /opt/airflow/dags/example_dag.py took 0.303 seconds
[2024-04-10T01:01:36.873+0000] {processor.py:161} INFO - Started process (PID=385) to work on /opt/airflow/dags/example_dag.py
[2024-04-10T01:01:36.875+0000] {processor.py:830} INFO - Processing file /opt/airflow/dags/example_dag.py for tasks to queue
[2024-04-10T01:01:36.880+0000] {logging_mixin.py:188} INFO - [2024-04-10T01:01:36.879+0000] {dagbag.py:540} INFO - Filling up the DagBag from /opt/airflow/dags/example_dag.py
[2024-04-10T01:01:36.908+0000] {processor.py:840} INFO - DAG(s) 'example-dag-docker' retrieved from /opt/airflow/dags/example_dag.py
[2024-04-10T01:01:36.974+0000] {logging_mixin.py:188} INFO - [2024-04-10T01:01:36.973+0000] {dag.py:3096} INFO - Sync 1 DAGs
[2024-04-10T01:01:37.013+0000] {logging_mixin.py:188} INFO - [2024-04-10T01:01:37.012+0000] {dag.py:3954} INFO - Setting next_dagrun for example-dag-docker to None, run_after=None
[2024-04-10T01:01:37.040+0000] {processor.py:183} INFO - Processing /opt/airflow/dags/example_dag.py took 0.186 seconds
[2024-04-10T01:02:07.406+0000] {processor.py:161} INFO - Started process (PID=396) to work on /opt/airflow/dags/example_dag.py
[2024-04-10T01:02:07.409+0000] {processor.py:830} INFO - Processing file /opt/airflow/dags/example_dag.py for tasks to queue
[2024-04-10T01:02:07.413+0000] {logging_mixin.py:188} INFO - [2024-04-10T01:02:07.412+0000] {dagbag.py:540} INFO - Filling up the DagBag from /opt/airflow/dags/example_dag.py
[2024-04-10T01:02:07.434+0000] {processor.py:840} INFO - DAG(s) 'example-dag-docker' retrieved from /opt/airflow/dags/example_dag.py
[2024-04-10T01:02:07.471+0000] {logging_mixin.py:188} INFO - [2024-04-10T01:02:07.471+0000] {dag.py:3096} INFO - Sync 1 DAGs
[2024-04-10T01:02:07.577+0000] {logging_mixin.py:188} INFO - [2024-04-10T01:02:07.576+0000] {dag.py:3954} INFO - Setting next_dagrun for example-dag-docker to None, run_after=None
[2024-04-10T01:02:07.598+0000] {processor.py:183} INFO - Processing /opt/airflow/dags/example_dag.py took 0.202 seconds
[2024-04-10T01:02:37.755+0000] {processor.py:161} INFO - Started process (PID=407) to work on /opt/airflow/dags/example_dag.py
[2024-04-10T01:02:37.760+0000] {processor.py:830} INFO - Processing file /opt/airflow/dags/example_dag.py for tasks to queue
[2024-04-10T01:02:37.767+0000] {logging_mixin.py:188} INFO - [2024-04-10T01:02:37.766+0000] {dagbag.py:540} INFO - Filling up the DagBag from /opt/airflow/dags/example_dag.py
[2024-04-10T01:02:37.813+0000] {processor.py:840} INFO - DAG(s) 'example-dag-docker' retrieved from /opt/airflow/dags/example_dag.py
[2024-04-10T01:02:37.853+0000] {logging_mixin.py:188} INFO - [2024-04-10T01:02:37.853+0000] {dag.py:3096} INFO - Sync 1 DAGs
[2024-04-10T01:02:37.870+0000] {logging_mixin.py:188} INFO - [2024-04-10T01:02:37.870+0000] {dag.py:3954} INFO - Setting next_dagrun for example-dag-docker to None, run_after=None
[2024-04-10T01:02:37.885+0000] {processor.py:183} INFO - Processing /opt/airflow/dags/example_dag.py took 0.142 seconds
[2024-04-10T01:03:08.256+0000] {processor.py:161} INFO - Started process (PID=418) to work on /opt/airflow/dags/example_dag.py
[2024-04-10T01:03:08.261+0000] {processor.py:830} INFO - Processing file /opt/airflow/dags/example_dag.py for tasks to queue
[2024-04-10T01:03:08.269+0000] {logging_mixin.py:188} INFO - [2024-04-10T01:03:08.268+0000] {dagbag.py:540} INFO - Filling up the DagBag from /opt/airflow/dags/example_dag.py
[2024-04-10T01:03:08.291+0000] {processor.py:840} INFO - DAG(s) 'example-dag-docker' retrieved from /opt/airflow/dags/example_dag.py
[2024-04-10T01:03:08.329+0000] {logging_mixin.py:188} INFO - [2024-04-10T01:03:08.329+0000] {dag.py:3096} INFO - Sync 1 DAGs
[2024-04-10T01:03:08.343+0000] {logging_mixin.py:188} INFO - [2024-04-10T01:03:08.342+0000] {dag.py:3954} INFO - Setting next_dagrun for example-dag-docker to None, run_after=None
[2024-04-10T01:03:08.356+0000] {processor.py:183} INFO - Processing /opt/airflow/dags/example_dag.py took 0.128 seconds
[2024-04-10T01:03:38.671+0000] {processor.py:161} INFO - Started process (PID=429) to work on /opt/airflow/dags/example_dag.py
[2024-04-10T01:03:38.674+0000] {processor.py:830} INFO - Processing file /opt/airflow/dags/example_dag.py for tasks to queue
[2024-04-10T01:03:38.678+0000] {logging_mixin.py:188} INFO - [2024-04-10T01:03:38.677+0000] {dagbag.py:540} INFO - Filling up the DagBag from /opt/airflow/dags/example_dag.py
[2024-04-10T01:03:38.699+0000] {processor.py:840} INFO - DAG(s) 'example-dag-docker' retrieved from /opt/airflow/dags/example_dag.py
[2024-04-10T01:03:38.735+0000] {logging_mixin.py:188} INFO - [2024-04-10T01:03:38.735+0000] {dag.py:3096} INFO - Sync 1 DAGs
[2024-04-10T01:03:38.771+0000] {logging_mixin.py:188} INFO - [2024-04-10T01:03:38.771+0000] {dag.py:3954} INFO - Setting next_dagrun for example-dag-docker to None, run_after=None
[2024-04-10T01:03:38.787+0000] {processor.py:183} INFO - Processing /opt/airflow/dags/example_dag.py took 0.129 seconds
[2024-04-10T01:04:09.058+0000] {processor.py:161} INFO - Started process (PID=440) to work on /opt/airflow/dags/example_dag.py
[2024-04-10T01:04:09.063+0000] {processor.py:830} INFO - Processing file /opt/airflow/dags/example_dag.py for tasks to queue
[2024-04-10T01:04:09.082+0000] {logging_mixin.py:188} INFO - [2024-04-10T01:04:09.079+0000] {dagbag.py:540} INFO - Filling up the DagBag from /opt/airflow/dags/example_dag.py
[2024-04-10T01:04:09.120+0000] {processor.py:840} INFO - DAG(s) 'example-dag-docker' retrieved from /opt/airflow/dags/example_dag.py
[2024-04-10T01:04:09.162+0000] {logging_mixin.py:188} INFO - [2024-04-10T01:04:09.162+0000] {dag.py:3096} INFO - Sync 1 DAGs
[2024-04-10T01:04:09.178+0000] {logging_mixin.py:188} INFO - [2024-04-10T01:04:09.178+0000] {dag.py:3954} INFO - Setting next_dagrun for example-dag-docker to None, run_after=None
[2024-04-10T01:04:09.205+0000] {processor.py:183} INFO - Processing /opt/airflow/dags/example_dag.py took 0.163 seconds
[2024-04-10T01:04:39.467+0000] {processor.py:161} INFO - Started process (PID=451) to work on /opt/airflow/dags/example_dag.py
[2024-04-10T01:04:39.469+0000] {processor.py:830} INFO - Processing file /opt/airflow/dags/example_dag.py for tasks to queue
[2024-04-10T01:04:39.474+0000] {logging_mixin.py:188} INFO - [2024-04-10T01:04:39.473+0000] {dagbag.py:540} INFO - Filling up the DagBag from /opt/airflow/dags/example_dag.py
[2024-04-10T01:04:39.503+0000] {processor.py:840} INFO - DAG(s) 'example-dag-docker' retrieved from /opt/airflow/dags/example_dag.py
[2024-04-10T01:04:39.564+0000] {logging_mixin.py:188} INFO - [2024-04-10T01:04:39.564+0000] {dag.py:3096} INFO - Sync 1 DAGs
[2024-04-10T01:04:39.580+0000] {logging_mixin.py:188} INFO - [2024-04-10T01:04:39.580+0000] {dag.py:3954} INFO - Setting next_dagrun for example-dag-docker to None, run_after=None
[2024-04-10T01:04:39.600+0000] {processor.py:183} INFO - Processing /opt/airflow/dags/example_dag.py took 0.143 seconds
[2024-04-10T01:05:09.897+0000] {processor.py:161} INFO - Started process (PID=462) to work on /opt/airflow/dags/example_dag.py
[2024-04-10T01:05:09.899+0000] {processor.py:830} INFO - Processing file /opt/airflow/dags/example_dag.py for tasks to queue
[2024-04-10T01:05:09.903+0000] {logging_mixin.py:188} INFO - [2024-04-10T01:05:09.902+0000] {dagbag.py:540} INFO - Filling up the DagBag from /opt/airflow/dags/example_dag.py
[2024-04-10T01:05:09.923+0000] {processor.py:840} INFO - DAG(s) 'example-dag-docker' retrieved from /opt/airflow/dags/example_dag.py
[2024-04-10T01:05:09.990+0000] {logging_mixin.py:188} INFO - [2024-04-10T01:05:09.989+0000] {dag.py:3096} INFO - Sync 1 DAGs
[2024-04-10T01:05:10.008+0000] {logging_mixin.py:188} INFO - [2024-04-10T01:05:10.008+0000] {dag.py:3954} INFO - Setting next_dagrun for example-dag-docker to None, run_after=None
[2024-04-10T01:05:10.026+0000] {processor.py:183} INFO - Processing /opt/airflow/dags/example_dag.py took 0.143 seconds
